SF:src/oyez_sa_asr/__about__.py
DA:3,1
LF:1
LH:1
end_of_record
SF:src/oyez_sa_asr/_example.py
DA:4,1
DA:6,1
LF:2
LH:2
FN:4,6,example
FNDA:1,example
FNF:1
FNH:1
end_of_record
SF:src/oyez_sa_asr/audio_segment.py
DA:14,1
DA:15,1
DA:16,1
DA:18,1
DA:19,1
DA:20,1
DA:22,1
DA:25,1
DA:41,1
DA:42,1
DA:44,1
DA:45,1
DA:52,1
DA:54,1
DA:57,1
DA:87,1
DA:88,1
DA:90,1
DA:91,1
DA:93,1
DA:95,1
DA:96,0
DA:97,0
DA:99,1
DA:100,1
DA:101,1
DA:102,1
DA:104,1
DA:107,1
DA:108,1
DA:109,1
DA:110,1
DA:113,1
DA:114,1
DA:117,1
DA:118,1
DA:120,1
DA:121,1
DA:124,1
DA:125,1
DA:128,1
DA:129,1
DA:131,1
DA:133,1
DA:135,1
DA:138,1
DA:139,0
DA:140,0
DA:143,1
DA:148,1
DA:149,1
DA:151,1
DA:152,1
DA:153,1
DA:156,1
DA:159,1
DA:162,1
DA:163,1
DA:166,1
DA:167,1
DA:170,0
DA:172,1
DA:174,1
DA:177,1
DA:198,1
DA:199,1
DA:200,1
DA:202,1
DA:203,1
DA:206,1
DA:207,1
DA:210,1
DA:213,1
DA:216,1
DA:234,1
DA:235,1
DA:240,1
DA:269,1
DA:270,1
DA:273,1
DA:274,1
DA:277,1
DA:280,1
DA:281,1
DA:282,1
DA:285,1
DA:288,1
DA:289,1
DA:291,1
LF:89
LH:84
FN:25,54,_encode_flac
FNDA:1,_encode_flac
FN:57,174,extract_segments_streaming
FNDA:1,extract_segments_streaming
FN:177,213,extract_segment_from_array
FNDA:1,extract_segment_from_array
FN:216,237,extract_segment
FNDA:1,extract_segment
FN:240,291,extract_segments_batch
FNDA:1,extract_segments_batch
FNF:5
FNH:5
end_of_record
SF:src/oyez_sa_asr/audio_source.py
DA:4,1
DA:5,1
DA:7,1
DA:10,1
DA:12,1
DA:13,1
DA:16,1
DA:22,1
DA:23,1
DA:24,1
DA:25,1
DA:26,1
DA:27,1
DA:28,1
DA:31,1
DA:33,1
DA:34,1
DA:35,1
DA:36,1
DA:39,1
DA:41,1
DA:42,1
DA:43,1
DA:44,1
DA:45,1
DA:46,1
DA:49,1
DA:50,1
DA:53,1
DA:54,1
DA:55,1
DA:56,1
DA:57,1
DA:60,1
DA:69,1
DA:70,1
DA:72,1
DA:73,1
DA:74,1
DA:75,1
DA:76,1
DA:77,0
DA:78,1
DA:81,1
DA:82,1
DA:84,1
DA:85,1
DA:87,1
DA:88,1
DA:90,1
DA:91,1
DA:93,1
DA:95,1
LF:53
LH:52
FN:10,13,get_recording_id
FNDA:1,get_recording_id
FN:16,28,get_preferred_format
FNDA:1,get_preferred_format
FN:31,36,get_source_era
FNDA:1,get_source_era
FN:39,46,extract_term_docket
FNDA:1,extract_term_docket
FN:60,95,find_audio_sources
FNDA:1,find_audio_sources
FNF:5
FNH:5
end_of_record
SF:src/oyez_sa_asr/audio_utils.py
DA:11,1
DA:12,1
DA:14,1
DA:15,1
DA:16,1
DA:19,1
DA:22,1
DA:23,1
DA:24,1
DA:27,1
DA:30,1
DA:31,1
DA:32,1
DA:33,1
DA:34,1
DA:35,1
DA:38,1
DA:49,1
DA:50,1
DA:52,1
DA:53,1
DA:55,1
DA:56,1
DA:57,1
DA:59,1
DA:61,1
DA:63,1
DA:74,1
DA:81,1
DA:83,1
DA:84,1
DA:85,1
DA:86,1
DA:87,1
DA:88,1
DA:89,1
DA:92,1
DA:94,1
DA:95,1
DA:96,1
DA:97,1
DA:98,1
DA:101,1
DA:119,1
DA:121,1
DA:122,1
DA:123,1
DA:124,1
DA:125,1
DA:128,1
DA:130,1
DA:133,1
DA:134,1
DA:137,1
DA:138,1
DA:141,1
DA:142,1
DA:143,1
DA:144,1
DA:147,1
DA:148,1
DA:151,1
DA:152,1
DA:153,1
DA:155,1
DA:156,1
DA:157,1
DA:159,1
DA:160,0
DA:162,1
DA:165,1
DA:183,1
DA:184,1
DA:185,1
DA:188,1
DA:189,1
DA:191,1
DA:192,1
DA:193,1
DA:195,1
DA:196,1
DA:198,1
DA:199,1
DA:201,1
DA:202,1
DA:203,1
DA:205,1
DA:206,1
DA:207,1
DA:208,1
DA:213,1
DA:215,1
DA:216,1
DA:217,1
DA:219,1
DA:220,1
DA:223,1
DA:227,1
DA:228,1
DA:229,1
DA:230,1
DA:231,1
DA:232,1
DA:234,1
DA:235,1
LF:105
LH:104
FN:38,70,get_audio_metadata
FNDA:1,get_audio_metadata
FN:81,89,_get_codec_config
FNDA:1,_get_codec_config
FN:92,98,_normalize_audio
FNDA:1,_normalize_audio
FN:101,162,load_audio
FNDA:1,load_audio
FN:165,220,save_audio
FNDA:1,save_audio
FN:223,235,_write_frame_data
FNDA:1,_write_frame_data
FNF:6
FNH:6
end_of_record
SF:src/oyez_sa_asr/cli.py
DA:4,1
DA:5,1
DA:7,1
DA:8,1
DA:9,1
DA:10,1
DA:11,1
DA:12,1
DA:13,1
DA:14,1
DA:16,1
DA:17,1
DA:19,1
DA:20,1
DA:21,1
DA:22,1
DA:23,1
DA:24,1
DA:25,1
DA:28,1
DA:29,1
DA:31,0
DA:32,0
DA:33,0
DA:36,1
DA:37,0
LF:26
LH:22
FN:29,33,main
FNDA:0,main
FNF:1
FNH:0
end_of_record
SF:src/oyez_sa_asr/cli_clear.py
DA:4,1
DA:5,1
DA:6,1
DA:7,1
DA:9,1
DA:10,1
DA:12,1
DA:13,1
DA:16,1
DA:17,1
DA:20,1
DA:21,1
DA:22,1
DA:26,1
DA:36,1
DA:41,1
DA:43,1
DA:44,1
DA:45,1
DA:47,1
DA:48,1
DA:49,1
DA:50,1
DA:53,1
DA:56,1
DA:57,1
DA:71,1
DA:72,1
DA:73,1
DA:74,1
DA:76,1
DA:77,0
DA:78,0
DA:79,0
DA:80,0
DA:82,1
DA:83,1
DA:84,1
DA:86,1
DA:87,1
DA:89,1
DA:92,1
DA:95,1
DA:96,1
DA:106,0
DA:107,0
DA:108,0
DA:110,0
DA:111,0
DA:112,0
DA:113,0
DA:114,0
DA:116,0
DA:118,0
DA:119,0
DA:121,1
DA:124,1
DA:126,1
DA:127,1
DA:129,1
DA:132,1
DA:135,1
DA:136,1
DA:146,0
DA:147,0
DA:148,0
DA:150,0
DA:151,0
DA:152,0
DA:153,0
DA:154,0
DA:156,0
DA:158,0
DA:159,0
DA:161,1
DA:165,1
DA:166,1
DA:169,1
DA:170,1
LF:79
LH:53
FN:41,50,_clear_directory
FNDA:1,_clear_directory
FN:53,89,_make_clear_with_data
FNDA:1,_make_clear_with_data
FN:57,87,_make_clear_with_data.cmd
FNDA:1,_make_clear_with_data.cmd
FN:92,121,_make_clear_cache_only
FNDA:1,_make_clear_cache_only
FN:96,119,_make_clear_cache_only.cmd
FNDA:0,_make_clear_cache_only.cmd
FN:124,129,_create_clear_command
FNDA:1,_create_clear_command
FN:132,161,_make_clear_data_only
FNDA:1,_make_clear_data_only
FN:136,159,_make_clear_data_only.cmd
FNDA:0,_make_clear_data_only.cmd
FNF:8
FNH:6
end_of_record
SF:src/oyez_sa_asr/cli_dataset.py
DA:4,1
DA:5,1
DA:7,1
DA:8,1
DA:10,1
DA:19,1
DA:20,1
DA:27,1
DA:29,1
DA:30,1
DA:33,1
DA:36,1
DA:37,1
DA:38,1
DA:41,1
DA:42,1
DA:61,1
DA:62,1
DA:63,1
DA:64,1
DA:65,1
DA:66,1
DA:69,1
DA:70,1
DA:72,1
DA:73,1
DA:76,1
DA:77,1
DA:79,1
DA:80,1
DA:81,1
DA:82,1
DA:85,1
DA:87,1
DA:89,1
DA:90,1
DA:91,1
DA:94,1
DA:95,1
DA:97,1
DA:98,1
DA:99,1
DA:102,1
DA:103,1
DA:122,1
DA:124,1
DA:125,1
DA:126,1
DA:127,1
DA:128,1
DA:129,1
DA:132,1
DA:133,1
DA:135,1
DA:136,1
DA:139,1
DA:140,1
DA:142,1
DA:143,1
DA:144,1
DA:145,1
DA:148,1
DA:151,1
DA:152,1
DA:153,1
DA:154,1
DA:155,1
DA:156,1
DA:157,1
DA:158,1
DA:161,1
DA:162,1
DA:165,1
DA:166,1
DA:168,1
DA:169,1
DA:170,1
DA:171,1
DA:172,1
DA:173,1
DA:176,1
DA:177,1
DA:178,1
DA:179,1
DA:180,1
DA:181,1
DA:184,1
DA:185,1
DA:187,1
DA:188,1
DA:189,1
LF:91
LH:91
FN:42,99,dataset_raw
FNDA:1,dataset_raw
FN:103,189,dataset_flex
FNDA:1,dataset_flex
FNF:2
FNH:2
end_of_record
SF:src/oyez_sa_asr/cli_dataset_helpers.py
DA:4,1
DA:5,1
DA:6,1
DA:7,1
DA:9,1
DA:10,1
DA:11,1
DA:13,1
DA:15,1
DA:18,1
DA:20,1
DA:21,1
DA:22,1
DA:24,1
DA:25,0
DA:26,0
DA:27,0
DA:28,0
DA:31,1
DA:33,1
DA:34,1
DA:35,1
DA:36,1
DA:37,1
DA:38,1
DA:39,1
DA:40,1
DA:41,1
DA:42,1
DA:45,1
DA:47,1
DA:48,1
DA:49,1
DA:50,1
DA:51,1
DA:52,1
DA:53,1
DA:54,1
DA:55,1
DA:56,1
DA:59,1
DA:61,0
DA:62,0
DA:63,0
DA:64,0
DA:65,0
DA:66,0
DA:69,1
DA:71,1
DA:72,1
DA:73,1
DA:74,0
DA:75,0
DA:76,0
DA:77,0
DA:78,0
DA:79,0
DA:80,0
DA:81,0
DA:82,0
DA:85,1
DA:94,1
DA:95,1
DA:99,1
DA:100,1
DA:101,1
DA:102,0
DA:103,0
DA:104,0
DA:105,0
DA:108,0
DA:109,0
DA:110,0
DA:113,1
DA:117,1
DA:118,1
DA:120,1
DA:121,1
DA:123,1
DA:124,1
DA:125,0
DA:126,1
DA:127,1
DA:129,1
DA:130,1
DA:131,0
DA:133,1
DA:134,1
DA:135,1
DA:136,1
DA:138,1
DA:139,1
DA:141,1
DA:154,0
DA:155,0
DA:157,1
DA:160,1
DA:164,1
DA:165,1
DA:167,1
DA:168,1
DA:170,1
DA:171,1
DA:172,0
DA:173,1
DA:174,0
DA:176,1
DA:177,1
DA:178,0
DA:180,1
DA:181,1
DA:182,1
DA:183,1
DA:185,1
DA:186,1
DA:187,1
DA:189,1
DA:190,1
DA:207,0
DA:208,0
DA:210,1
LF:121
LH:86
FN:18,28,require_pyarrow
FNDA:1,require_pyarrow
FN:31,42,copy_tree
FNDA:1,copy_tree
FN:45,56,copy_raw_audio
FNDA:1,copy_raw_audio
FN:59,66,matches_term
FNDA:0,matches_term
FN:69,82,copy_raw_cases
FNDA:1,copy_raw_cases
FN:85,110,copy_raw_transcripts
FNDA:1,copy_raw_transcripts
FN:113,157,collect_recordings
FNDA:1,collect_recordings
FN:160,210,collect_utterances
FNDA:1,collect_utterances
FNF:8
FNH:7
end_of_record
SF:src/oyez_sa_asr/cli_dataset_simple.py
DA:8,1
DA:9,1
DA:11,1
DA:13,1
DA:14,1
DA:19,1
DA:22,1
DA:25,1
DA:27,1
DA:28,1
DA:29,1
DA:30,1
DA:33,1
DA:66,1
LF:14
LH:14
FN:25,30,register_simple_command
FNDA:1,register_simple_command
FN:33,77,dataset_simple
FNDA:1,dataset_simple
FNF:2
FNH:2
end_of_record
SF:src/oyez_sa_asr/cli_dataset_simple_core.py
DA:4,1
DA:6,1
DA:7,1
DA:9,1
DA:10,1
DA:15,1
DA:16,1
DA:25,1
DA:28,1
DA:30,1
DA:31,1
DA:32,1
DA:33,1
DA:34,1
DA:36,1
DA:37,1
DA:38,0
DA:39,0
DA:41,1
DA:44,1
DA:48,1
DA:50,1
DA:51,1
DA:54,1
DA:55,1
DA:57,1
DA:58,1
DA:59,1
DA:60,1
DA:62,1
DA:65,1
DA:78,1
DA:80,1
DA:81,1
DA:82,1
DA:83,1
DA:84,0
DA:85,1
DA:86,1
DA:89,1
DA:91,1
DA:93,1
DA:94,1
DA:102,1
DA:103,1
DA:105,1
DA:106,1
DA:114,1
DA:116,1
DA:117,1
DA:118,1
DA:119,1
DA:122,0
DA:123,0
DA:124,0
DA:125,0
DA:126,0
DA:127,0
DA:128,0
DA:129,0
DA:130,1
DA:133,1
DA:134,0
DA:135,1
DA:136,1
DA:138,1
DA:139,1
DA:140,1
DA:141,1
DA:142,1
LF:70
LH:58
FN:28,41,_validate_flex_dataset
FNDA:1,_validate_flex_dataset
FN:44,62,_check_state_and_clean
FNDA:1,_check_state_and_clean
FN:65,142,run_simple_dataset
FNDA:1,run_simple_dataset
FNF:3
FNH:3
end_of_record
SF:src/oyez_sa_asr/cli_dataset_simple_flavors.py
DA:10,1
DA:11,1
DA:13,1
DA:15,1
DA:18,1
DA:38,0
DA:52,1
DA:72,0
DA:86,1
DA:106,0
LF:10
LH:7
FN:18,49,dataset_simple_lt1m
FNDA:0,dataset_simple_lt1m
FN:52,83,dataset_simple_lt5m
FNDA:0,dataset_simple_lt5m
FN:86,117,dataset_simple_lt30m
FNDA:0,dataset_simple_lt30m
FNF:3
FNH:0
end_of_record
SF:src/oyez_sa_asr/cli_dataset_simple_load.py
DA:4,1
DA:5,1
DA:6,1
DA:8,1
DA:10,1
DA:13,1
DA:15,1
DA:16,1
DA:17,0
DA:18,1
DA:19,1
DA:20,1
DA:21,0
DA:22,0
DA:25,1
DA:35,1
DA:36,1
DA:39,1
DA:40,0
DA:41,0
DA:42,0
DA:46,1
DA:47,1
DA:50,1
DA:51,1
DA:52,1
DA:53,1
DA:55,0
DA:56,0
DA:57,0
DA:58,0
DA:59,0
DA:62,0
DA:63,0
DA:64,0
DA:65,1
DA:68,1
DA:69,0
DA:70,0
DA:75,0
DA:76,0
DA:77,0
DA:82,1
DA:85,1
DA:89,1
DA:90,1
DA:91,1
DA:92,0
DA:94,1
DA:95,1
DA:96,1
DA:97,0
DA:98,1
DA:99,1
DA:100,1
DA:101,1
DA:102,1
LF:57
LH:36
FN:13,22,get_flex_terms
FNDA:1,get_flex_terms
FN:25,82,load_and_filter_utterances
FNDA:1,load_and_filter_utterances
FN:85,102,build_audio_paths
FNDA:1,build_audio_paths
FNF:3
FNH:3
end_of_record
SF:src/oyez_sa_asr/cli_dataset_simple_proc.py
DA:7,1
DA:8,1
DA:9,1
DA:10,1
DA:11,1
DA:12,1
DA:14,1
DA:16,1
DA:17,1
DA:24,1
DA:27,1
DA:36,1
DA:37,1
DA:38,1
DA:39,1
DA:40,1
DA:43,1
DA:58,0
DA:60,0
DA:61,0
DA:62,0
DA:64,0
DA:65,0
DA:68,1
DA:75,0
DA:76,0
DA:77,0
DA:78,0
DA:79,0
DA:80,0
DA:81,0
DA:82,0
DA:83,0
DA:85,0
DA:86,0
DA:88,0
DA:90,0
DA:91,0
DA:92,0
DA:93,0
DA:94,0
DA:96,0
DA:97,0
DA:98,0
DA:99,0
DA:100,0
DA:101,0
DA:110,0
DA:112,0
DA:115,1
DA:120,1
DA:121,1
DA:122,1
DA:123,1
DA:124,1
DA:125,1
DA:126,0
DA:127,0
DA:128,1
DA:129,1
DA:132,1
DA:135,1
DA:136,1
DA:137,1
DA:138,1
DA:139,1
DA:140,1
DA:141,1
DA:142,1
DA:143,1
DA:145,1
DA:147,1
DA:148,1
DA:150,1
DA:152,1
DA:153,1
DA:154,0
DA:156,1
DA:158,1
DA:159,1
DA:163,1
DA:164,1
DA:165,1
DA:166,1
DA:167,1
DA:170,1
DA:180,1
DA:182,1
DA:183,1
DA:184,1
DA:191,1
DA:192,1
DA:194,1
DA:195,1
DA:197,1
DA:198,1
DA:199,1
DA:201,1
DA:202,1
DA:203,1
DA:204,1
DA:207,1
DA:208,1
DA:209,1
DA:210,1
DA:211,1
DA:212,1
DA:213,0
DA:214,0
DA:215,0
DA:216,0
DA:218,1
DA:219,1
DA:220,1
DA:221,1
DA:223,1
DA:224,1
DA:225,1
DA:226,1
DA:228,1
DA:229,0
DA:230,0
DA:231,0
DA:234,0
DA:236,1
DA:237,1
DA:238,1
DA:240,1
DA:248,1
DA:252,1
DA:253,1
DA:254,0
DA:255,0
DA:256,0
DA:257,0
DA:258,0
DA:259,0
DA:260,0
DA:261,0
LF:139
LH:89
FN:27,40,group_utterances_by_recording
FNDA:1,group_utterances_by_recording
FN:43,65,process_single_recording
FNDA:0,process_single_recording
FN:68,112,_process_single_recording_impl
FNDA:0,_process_single_recording_impl
FN:115,129,_build_work_items
FNDA:1,_build_work_items
FN:135,143,_ShardWriter.__init__
FNDA:1,_ShardWriter.__init__
FN:145,148,_ShardWriter.add_row
FNDA:1,_ShardWriter.add_row
FN:150,154,_ShardWriter.maybe_flush
FNDA:1,_ShardWriter.maybe_flush
FN:156,167,_ShardWriter.flush
FNDA:1,_ShardWriter.flush
FN:170,245,process_by_recording
FNDA:1,process_by_recording
FN:248,261,_handle_future
FNDA:1,_handle_future
FNF:10
FNH:8
end_of_record
SF:src/oyez_sa_asr/cli_dataset_state.py
DA:4,1
DA:5,1
DA:6,1
DA:7,1
DA:8,1
DA:11,1
DA:14,1
DA:15,1
DA:18,1
DA:19,1
DA:20,1
DA:21,1
DA:22,1
DA:24,1
DA:26,1
DA:28,1
DA:29,1
DA:31,1
DA:40,1
DA:45,1
DA:46,1
DA:47,1
DA:49,1
DA:50,1
DA:51,1
DA:52,1
DA:53,1
DA:54,1
DA:57,1
DA:67,1
DA:68,1
DA:70,1
DA:71,1
DA:73,1
DA:74,1
DA:76,1
DA:77,1
DA:79,1
DA:82,1
DA:88,1
DA:89,1
DA:91,1
DA:92,1
DA:93,1
DA:94,0
DA:97,0
DA:98,1
DA:101,1
DA:103,1
DA:104,1
DA:105,1
DA:106,1
DA:109,1
DA:116,1
LF:54
LH:52
FN:24,26,DatasetState.to_dict
FNDA:1,DatasetState.to_dict
FN:29,37,DatasetState.from_dict
FNDA:1,DatasetState.from_dict
FN:40,54,load_state
FNDA:1,load_state
FN:57,79,check_match
FNDA:1,check_match
FN:82,98,clean_dataset
FNDA:1,clean_dataset
FN:101,106,save_state
FNDA:1,save_state
FN:109,122,make_state
FNDA:1,make_state
FNF:7
FNH:7
end_of_record
SF:src/oyez_sa_asr/cli_pipeline.py
DA:4,1
DA:5,1
DA:6,1
DA:8,1
DA:9,1
DA:11,1
DA:14,1
DA:17,1
DA:25,1
DA:32,1
DA:39,1
DA:41,1
DA:42,1
DA:43,1
DA:44,1
DA:47,1
DA:48,1
DA:49,1
DA:52,1
DA:53,1
DA:54,1
DA:57,1
DA:62,1
DA:63,1
DA:64,1
DA:65,1
DA:68,1
DA:73,1
DA:74,1
DA:75,1
DA:76,1
DA:77,1
DA:78,1
DA:79,1
DA:82,1
DA:89,1
DA:90,1
DA:91,1
DA:92,1
DA:93,1
DA:94,1
DA:95,1
DA:96,1
DA:97,1
DA:100,1
DA:101,1
DA:129,1
DA:130,1
DA:131,1
DA:133,1
DA:134,1
DA:136,1
DA:137,1
DA:138,1
DA:140,1
DA:141,1
DA:145,1
DA:146,1
DA:150,1
DA:151,1
DA:156,1
DA:157,1
DA:158,1
DA:160,1
DA:161,1
DA:162,1
DA:163,1
DA:164,1
DA:165,1
DA:167,1
DA:168,1
DA:169,1
DA:170,1
DA:173,1
DA:175,1
LF:75
LH:75
FN:39,54,_run_step
FNDA:1,_run_step
FN:57,65,_validate_term
FNDA:1,_validate_term
FN:68,79,_build_term_args
FNDA:1,_build_term_args
FN:82,97,_run_phase
FNDA:1,_run_phase
FN:101,170,pipeline_run
FNDA:1,pipeline_run
FN:173,175,register_pipeline_command
FNDA:1,register_pipeline_command
FNF:6
FNH:6
end_of_record
SF:src/oyez_sa_asr/cli_process.py
DA:4,1
DA:5,1
DA:6,1
DA:8,1
DA:9,1
DA:10,1
DA:12,1
DA:13,1
DA:14,1
DA:15,1
DA:16,1
DA:22,1
DA:27,1
DA:28,1
DA:31,1
DA:32,1
DA:35,1
DA:38,1
DA:41,1
DA:42,1
DA:53,1
DA:54,1
DA:55,1
DA:56,1
DA:58,1
DA:60,1
DA:61,1
DA:62,1
DA:63,1
DA:65,0
DA:67,0
DA:68,0
DA:71,1
DA:72,1
DA:91,1
DA:92,1
DA:93,1
DA:94,1
DA:95,1
DA:96,1
DA:98,1
DA:100,1
DA:101,1
DA:102,1
DA:103,1
DA:105,1
DA:106,1
DA:107,1
DA:109,1
DA:110,1
DA:111,1
DA:112,0
DA:113,0
DA:114,0
DA:116,1
DA:117,1
DA:118,1
DA:119,1
DA:120,1
DA:122,1
DA:123,0
DA:126,1
DA:127,1
DA:128,1
DA:129,1
DA:130,1
DA:132,1
DA:133,1
DA:134,1
DA:136,0
DA:137,0
DA:138,0
DA:140,1
DA:141,1
DA:142,1
DA:143,1
DA:144,1
DA:145,0
DA:148,1
DA:151,1
DA:152,1
DA:175,1
DA:176,1
DA:177,1
DA:178,1
DA:179,1
DA:180,0
DA:181,1
DA:183,1
DA:185,1
DA:186,1
DA:187,1
DA:188,1
DA:190,1
DA:191,1
DA:192,1
DA:193,1
DA:195,1
DA:196,1
DA:197,1
DA:199,1
DA:200,1
DA:201,0
DA:202,0
DA:204,1
DA:205,1
DA:206,1
DA:207,1
DA:208,1
DA:210,1
DA:211,0
DA:213,1
DA:214,1
DA:215,0
DA:217,1
DA:218,1
DA:219,0
DA:220,0
DA:222,1
DA:223,1
DA:224,1
DA:225,1
DA:227,0
DA:228,0
DA:229,0
DA:231,1
DA:232,1
DA:235,1
DA:236,0
DA:237,1
DA:238,0
DA:239,1
LF:132
LH:109
FN:22,28,_get_term_from_raw
FNDA:1,_get_term_from_raw
FN:42,68,process_index
FNDA:1,process_index
FN:72,148,process_cases
FNDA:1,process_cases
FN:152,239,process_transcripts
FNDA:1,process_transcripts
FNF:4
FNH:4
end_of_record
SF:src/oyez_sa_asr/cli_process_audio.py
DA:4,1
DA:5,1
DA:6,1
DA:7,1
DA:8,1
DA:9,1
DA:11,1
DA:12,1
DA:13,1
DA:15,1
DA:21,1
DA:23,1
DA:25,1
DA:26,1
DA:29,1
DA:39,1
DA:40,1
DA:41,1
DA:43,1
DA:44,1
DA:45,1
DA:46,1
DA:48,1
DA:49,1
DA:50,1
DA:52,1
DA:53,1
DA:54,1
DA:56,1
DA:57,0
DA:58,0
DA:61,1
DA:65,1
DA:67,1
DA:68,1
DA:70,1
DA:71,1
DA:80,1
DA:81,1
DA:83,1
DA:84,1
DA:93,1
DA:94,1
DA:95,0
DA:97,0
DA:100,1
DA:104,1
DA:105,1
DA:106,1
DA:107,1
DA:108,1
DA:110,1
DA:111,1
DA:114,1
DA:118,1
DA:119,1
DA:121,1
DA:122,1
DA:123,1
DA:124,1
DA:126,1
DA:127,1
DA:131,1
DA:132,1
DA:133,1
DA:134,1
DA:135,1
DA:136,0
DA:137,0
DA:138,1
DA:139,1
DA:141,1
DA:144,1
DA:148,1
DA:149,1
DA:150,1
DA:151,1
DA:152,1
DA:153,1
DA:154,1
DA:155,1
DA:158,1
DA:161,1
DA:162,1
DA:193,1
DA:194,1
DA:196,1
DA:197,1
DA:198,1
DA:199,1
DA:200,0
DA:201,1
DA:202,1
DA:204,1
DA:205,1
DA:206,1
DA:207,1
DA:209,1
DA:210,1
DA:212,1
DA:213,1
DA:214,1
DA:215,1
DA:216,1
DA:218,1
DA:219,1
DA:223,1
DA:225,1
DA:226,1
DA:227,1
DA:228,0
DA:229,1
LF:112
LH:104
FN:29,58,_try_process_file
FNDA:1,_try_process_file
FN:61,97,_process_recording
FNDA:1,_process_recording
FN:100,111,_filter_pending_sources
FNDA:1,_filter_pending_sources
FN:114,141,_run_parallel_sources
FNDA:1,_run_parallel_sources
FN:144,155,_run_sequential_sources
FNDA:1,_run_sequential_sources
FN:158,187,add_audio_command
FNDA:1,add_audio_command
FN:162,229,add_audio_command.process_audio
FNDA:1,add_audio_command.process_audio
FNF:7
FNH:7
end_of_record
SF:src/oyez_sa_asr/cli_process_speakers.py
DA:4,1
DA:5,1
DA:6,1
DA:8,1
DA:9,1
DA:10,1
DA:12,1
DA:13,1
DA:15,1
DA:18,1
DA:23,1
DA:25,1
DA:26,0
DA:28,1
DA:30,1
DA:31,1
DA:32,0
DA:34,1
DA:35,1
DA:36,1
DA:37,1
DA:38,1
DA:39,1
DA:40,1
DA:41,1
DA:42,0
DA:43,0
DA:45,1
DA:48,1
DA:57,1
DA:58,1
DA:59,1
DA:60,0
DA:61,0
DA:63,1
DA:64,1
DA:65,1
DA:66,1
DA:67,1
DA:70,1
DA:72,1
DA:73,1
DA:74,0
DA:76,1
DA:77,1
DA:78,0
DA:80,1
DA:81,1
DA:82,1
DA:85,1
DA:86,1
DA:89,1
DA:90,1
DA:96,1
DA:97,1
DA:98,1
DA:101,1
DA:102,1
DA:112,1
DA:115,1
DA:140,1
DA:141,1
DA:142,1
DA:143,1
DA:144,1
DA:145,1
DA:146,1
DA:148,1
DA:149,1
DA:150,1
DA:151,1
DA:154,1
DA:155,1
DA:156,1
DA:159,1
DA:160,1
DA:162,1
DA:163,1
DA:164,0
DA:165,1
DA:166,1
DA:167,0
DA:168,1
DA:170,1
DA:171,0
DA:172,0
DA:174,1
DA:177,1
DA:178,1
DA:180,1
DA:181,1
DA:182,1
DA:183,1
DA:185,1
DA:186,1
DA:187,1
DA:190,1
DA:191,1
DA:193,1
DA:194,1
DA:195,1
DA:197,1
DA:198,1
DA:199,1
DA:202,1
DA:204,1
LF:106
LH:94
FN:18,45,_load_case_names
FNDA:1,_load_case_names
FN:48,112,_process_transcript_file
FNDA:1,_process_transcript_file
FN:115,199,process_speakers
FNDA:1,process_speakers
FN:202,204,add_speakers_command
FNDA:1,add_speakers_command
FNF:4
FNH:4
end_of_record
SF:src/oyez_sa_asr/cli_publish.py
DA:4,1
DA:5,1
DA:7,1
DA:8,1
DA:10,1
DA:11,1
DA:14,1
DA:21,1
DA:22,1
DA:23,0
DA:24,0
DA:25,0
DA:26,0
DA:28,1
DA:29,1
DA:30,1
DA:31,1
DA:33,1
DA:34,1
DA:37,1
DA:45,1
DA:51,1
DA:52,1
DA:53,1
DA:56,1
DA:57,1
DA:75,1
DA:76,1
DA:77,1
DA:78,1
DA:79,1
DA:81,1
DA:84,1
DA:85,1
DA:103,1
DA:104,1
DA:105,1
DA:106,1
DA:107,1
DA:109,1
DA:112,1
DA:113,1
DA:131,1
DA:132,1
DA:133,1
DA:134,1
DA:135,1
DA:137,1
LF:48
LH:44
FN:14,53,_upload_to_hub
FNDA:1,_upload_to_hub
FN:57,81,publish_raw
FNDA:1,publish_raw
FN:85,109,publish_flex
FNDA:1,publish_flex
FN:113,137,publish_simple
FNDA:1,publish_simple
FNF:4
FNH:4
end_of_record
SF:src/oyez_sa_asr/cli_scrape.py
DA:4,1
DA:5,1
DA:6,1
DA:7,1
DA:9,1
DA:10,1
DA:11,1
DA:13,1
DA:14,1
DA:15,1
DA:16,1
DA:18,1
DA:19,1
DA:22,1
DA:23,1
DA:26,1
DA:27,1
DA:46,1
DA:47,1
DA:48,1
DA:49,1
DA:50,1
DA:51,1
DA:53,1
DA:54,1
DA:56,1
DA:58,1
DA:59,1
DA:62,1
DA:63,1
DA:95,1
DA:96,1
DA:97,1
DA:98,1
DA:100,1
DA:101,1
DA:102,1
DA:103,1
DA:104,0
DA:105,1
DA:106,1
DA:107,1
DA:108,1
DA:110,1
DA:111,1
DA:113,1
DA:114,1
DA:115,1
DA:117,1
DA:118,1
DA:120,1
DA:122,1
DA:129,1
DA:130,1
DA:132,1
DA:136,0
DA:137,0
DA:139,0
DA:140,0
DA:142,0
DA:144,0
DA:145,0
DA:148,0
DA:150,1
DA:151,1
DA:153,1
DA:154,1
DA:155,0
DA:157,1
DA:158,1
DA:159,1
DA:161,1
DA:162,1
DA:163,1
DA:164,1
DA:165,1
LF:76
LH:66
FN:27,59,scrape_index
FNDA:1,scrape_index
FN:63,165,scrape_cases
FNDA:1,scrape_cases
FN:132,148,scrape_cases.on_progress
FNDA:0,scrape_cases.on_progress
FN:150,151,scrape_cases.run_fetch
FNDA:1,scrape_cases.run_fetch
FNF:4
FNH:3
end_of_record
SF:src/oyez_sa_asr/cli_scrape_audio.py
DA:4,1
DA:5,1
DA:6,1
DA:8,1
DA:9,1
DA:10,1
DA:12,1
DA:13,1
DA:15,1
DA:18,1
DA:26,0
DA:27,0
DA:35,1
DA:38,1
DA:39,1
DA:72,1
DA:73,1
DA:74,1
DA:75,1
DA:76,0
DA:77,1
DA:78,1
DA:79,1
DA:82,1
DA:84,1
DA:85,1
DA:88,1
DA:91,1
DA:93,1
DA:94,1
DA:97,1
DA:100,1
DA:106,1
DA:107,1
DA:109,1
DA:113,0
DA:114,0
DA:118,0
DA:119,0
DA:120,0
DA:121,0
DA:123,0
DA:125,0
DA:126,0
DA:132,0
DA:134,1
DA:135,1
DA:137,1
DA:138,1
DA:139,0
DA:141,1
DA:144,1
DA:146,1
DA:147,1
DA:148,1
DA:149,1
DA:154,1
DA:160,1
DA:161,1
DA:162,1
DA:163,1
DA:164,1
DA:165,1
DA:166,1
DA:167,0
DA:168,1
LF:66
LH:51
FN:18,32,_is_expected_skip
FNDA:0,_is_expected_skip
FN:35,66,add_audio_command
FNDA:1,add_audio_command
FN:39,141,add_audio_command.scrape_audio
FNDA:1,add_audio_command.scrape_audio
FN:109,132,add_audio_command.scrape_audio.on_progress
FNDA:0,add_audio_command.scrape_audio.on_progress
FN:134,135,add_audio_command.scrape_audio.run_fetch
FNDA:1,add_audio_command.scrape_audio.run_fetch
FN:144,168,_print_audio_summary
FNDA:1,_print_audio_summary
FNF:6
FNH:4
end_of_record
SF:src/oyez_sa_asr/cli_scrape_transcripts.py
DA:4,1
DA:5,1
DA:6,1
DA:8,1
DA:9,1
DA:10,1
DA:12,1
DA:13,1
DA:15,1
DA:18,1
DA:21,1
DA:22,1
DA:56,1
DA:57,1
DA:58,1
DA:59,1
DA:60,0
DA:61,1
DA:62,1
DA:63,1
DA:64,1
DA:66,1
DA:68,1
DA:69,1
DA:70,1
DA:71,1
DA:73,1
DA:74,1
DA:76,1
DA:78,1
DA:85,1
DA:86,1
DA:88,1
DA:92,0
DA:93,0
DA:97,0
DA:98,0
DA:100,0
DA:102,0
DA:103,0
DA:106,0
DA:108,1
DA:109,1
DA:111,1
DA:112,1
DA:113,0
DA:115,1
DA:116,1
DA:117,1
DA:119,1
DA:120,1
DA:121,1
DA:122,1
DA:123,1
LF:54
LH:44
FN:18,51,add_transcripts_command
FNDA:1,add_transcripts_command
FN:22,123,add_transcripts_command.scrape_transcripts
FNDA:1,add_transcripts_command.scrape_transcripts
FN:88,106,add_transcripts_command.scrape_transcripts.on_progress
FNDA:0,add_transcripts_command.scrape_transcripts.on_progress
FN:108,109,add_transcripts_command.scrape_transcripts.run_fetch
FNDA:1,add_transcripts_command.scrape_transcripts.run_fetch
FNF:4
FNH:3
end_of_record
SF:src/oyez_sa_asr/cli_stats.py
DA:4,1
DA:5,1
DA:6,1
DA:8,1
DA:9,1
DA:11,1
DA:12,1
DA:13,1
DA:14,1
DA:16,1
DA:17,1
DA:20,1
DA:21,1
DA:22,1
DA:25,1
DA:27,1
DA:28,1
DA:29,1
DA:30,1
DA:31,0
DA:34,1
DA:36,1
DA:37,1
DA:40,1
DA:41,1
DA:52,1
DA:54,1
DA:55,1
DA:56,1
DA:57,1
DA:59,1
DA:61,1
DA:62,1
DA:63,1
DA:65,1
DA:66,1
DA:68,1
DA:69,1
DA:70,1
DA:71,1
DA:72,1
DA:73,1
DA:75,1
DA:76,1
DA:77,1
DA:78,1
DA:79,1
DA:80,1
DA:81,1
DA:83,1
DA:84,1
DA:85,1
DA:86,1
DA:87,1
DA:88,1
DA:89,1
DA:91,1
DA:92,1
DA:93,1
DA:94,1
DA:95,1
DA:97,1
DA:98,1
DA:99,1
DA:100,1
DA:102,1
DA:103,1
DA:104,1
LF:68
LH:67
FN:25,31,_format_size
FNDA:1,_format_size
FN:34,37,_format_hours
FNDA:1,_format_hours
FN:41,104,stats_audio
FNDA:1,stats_audio
FNF:3
FNH:3
end_of_record
SF:src/oyez_sa_asr/cli_stats_cases.py
DA:4,1
DA:5,1
DA:6,1
DA:7,1
DA:9,1
DA:10,1
DA:12,1
DA:14,1
DA:17,1
DA:19,1
DA:22,1
DA:33,1
DA:35,1
DA:36,1
DA:37,1
DA:38,1
DA:41,1
DA:42,1
DA:43,1
DA:44,1
DA:45,1
DA:47,1
DA:49,1
DA:50,1
DA:51,0
DA:53,1
DA:54,1
DA:56,1
DA:57,1
DA:58,1
DA:59,1
DA:61,1
DA:62,1
DA:64,1
DA:65,1
DA:66,1
DA:68,1
DA:69,1
DA:70,1
DA:72,0
DA:73,0
DA:75,1
DA:76,1
DA:77,1
DA:80,1
DA:81,1
DA:84,1
DA:85,1
DA:86,1
DA:87,1
DA:88,1
DA:89,1
DA:90,1
DA:92,1
DA:93,1
DA:94,1
DA:96,1
DA:97,1
DA:98,1
LF:59
LH:56
FN:17,19,register_cases_command
FNDA:1,register_cases_command
FN:22,98,stats_cases
FNDA:1,stats_cases
FNF:2
FNH:2
end_of_record
SF:src/oyez_sa_asr/cli_stats_speakers.py
DA:4,1
DA:5,1
DA:6,1
DA:7,1
DA:8,1
DA:10,1
DA:11,1
DA:13,1
DA:22,1
DA:25,1
DA:26,1
DA:29,1
DA:30,1
DA:31,1
DA:32,1
DA:33,1
DA:34,1
DA:35,1
DA:36,1
DA:39,1
DA:43,1
DA:44,1
DA:46,1
DA:47,1
DA:48,1
DA:49,1
DA:51,1
DA:52,1
DA:53,1
DA:54,1
DA:55,0
DA:56,1
DA:58,1
DA:59,0
DA:60,0
DA:62,1
DA:65,1
DA:69,1
DA:70,1
DA:71,1
DA:72,1
DA:73,1
DA:74,1
DA:75,1
DA:76,1
DA:79,1
DA:81,1
DA:82,1
DA:83,1
DA:85,1
DA:86,1
DA:87,1
DA:88,1
DA:89,1
DA:91,1
DA:92,1
DA:95,1
DA:99,1
DA:102,1
DA:104,1
DA:105,1
DA:106,1
DA:107,1
DA:108,1
DA:109,1
DA:110,1
DA:111,1
DA:112,1
DA:115,1
DA:117,1
DA:118,1
DA:131,1
DA:132,1
DA:133,1
DA:134,1
DA:135,1
DA:136,1
DA:139,1
DA:152,1
DA:154,1
DA:155,1
DA:156,1
DA:157,1
DA:159,1
DA:160,1
DA:161,1
DA:162,1
DA:164,1
DA:166,1
DA:167,1
DA:168,1
DA:169,1
DA:170,1
DA:171,1
DA:172,1
DA:173,1
DA:175,1
DA:176,1
DA:177,1
DA:178,1
DA:179,1
DA:181,1
DA:182,1
DA:183,1
DA:185,1
DA:188,1
DA:189,1
DA:190,1
DA:194,1
DA:196,1
DA:197,1
DA:198,1
DA:201,1
DA:203,1
LF:114
LH:111
FN:39,62,_load_speaker_files
FNDA:1,_load_speaker_files
FN:65,76,_recalculate_totals
FNDA:1,_recalculate_totals
FN:79,99,_collect_stats
FNDA:1,_collect_stats
FN:102,112,_print_recording_distribution
FNDA:1,_print_recording_distribution
FN:115,136,_print_hours_distribution
FNDA:1,_print_hours_distribution
FN:139,198,stats_speakers
FNDA:1,stats_speakers
FN:201,203,add_stats_speakers_command
FNDA:1,add_stats_speakers_command
FNF:7
FNH:7
end_of_record
SF:src/oyez_sa_asr/cli_stats_speakers_helpers.py
DA:4,1
DA:5,1
DA:7,1
DA:9,1
DA:12,1
DA:14,1
DA:17,1
DA:19,1
DA:20,1
DA:21,1
DA:22,1
DA:23,1
DA:24,1
DA:25,1
DA:26,1
DA:27,1
DA:30,1
DA:32,1
DA:33,1
DA:45,1
DA:46,1
DA:47,1
DA:48,1
DA:51,1
DA:53,1
DA:54,1
DA:55,1
DA:58,1
DA:66,1
DA:67,1
DA:68,1
DA:69,1
DA:70,1
DA:71,1
DA:74,1
DA:76,1
DA:78,1
DA:81,1
DA:84,1
DA:86,1
DA:87,1
DA:88,1
DA:91,1
DA:95,0
DA:96,0
DA:97,1
DA:100,1
DA:102,1
DA:104,1
DA:105,1
DA:107,1
DA:108,1
DA:110,1
DA:113,1
DA:114,1
DA:119,1
DA:121,1
DA:123,1
DA:124,1
DA:126,1
DA:127,1
DA:129,1
DA:136,1
DA:137,1
LF:64
LH:62
FN:12,14,_format_hours
FNDA:1,_format_hours
FN:17,27,_get_recording_bucket
FNDA:1,_get_recording_bucket
FN:30,48,_get_hours_bucket
FNDA:1,_get_hours_bucket
FN:51,55,_split_by_role
FNDA:1,_split_by_role
FN:58,71,_print_top_list
FNDA:1,_print_top_list
FN:74,97,print_role_hours_breakdown
FNDA:1,print_role_hours_breakdown
FN:100,116,print_top_by_hours
FNDA:1,print_top_by_hours
FN:104,105,print_top_by_hours.get_duration
FNDA:1,print_top_by_hours.get_duration
FN:107,108,print_top_by_hours.fmt_hours
FNDA:1,print_top_by_hours.fmt_hours
FN:119,139,print_top_by_recordings
FNDA:1,print_top_by_recordings
FN:123,124,print_top_by_recordings.get_recordings
FNDA:1,print_top_by_recordings.get_recordings
FN:126,127,print_top_by_recordings.fmt_recordings
FNDA:1,print_top_by_recordings.fmt_recordings
FNF:12
FNH:12
end_of_record
SF:src/oyez_sa_asr/cli_stats_transcripts.py
DA:4,1
DA:5,1
DA:6,1
DA:7,1
DA:8,1
DA:10,1
DA:11,1
DA:13,1
DA:15,1
DA:18,1
DA:20,1
DA:21,1
DA:24,1
DA:26,1
DA:27,1
DA:28,1
DA:29,1
DA:30,1
DA:31,1
DA:32,1
DA:33,1
DA:34,0
DA:37,1
DA:38,1
DA:41,1
DA:42,1
DA:43,1
DA:44,1
DA:45,1
DA:46,1
DA:47,1
DA:48,1
DA:49,1
DA:52,1
DA:56,1
DA:57,1
DA:59,1
DA:60,1
DA:61,0
DA:62,1
DA:63,1
DA:64,0
DA:65,1
DA:66,1
DA:68,1
DA:71,1
DA:73,1
DA:74,1
DA:75,1
DA:77,1
DA:78,1
DA:79,1
DA:81,1
DA:83,1
DA:84,1
DA:85,1
DA:86,1
DA:87,1
DA:88,1
DA:89,1
DA:90,1
DA:91,1
DA:92,1
DA:94,1
DA:95,1
DA:96,1
DA:98,1
DA:99,1
DA:100,1
DA:108,0
DA:109,0
DA:112,1
DA:127,1
DA:129,1
DA:130,1
DA:131,1
DA:132,1
DA:134,1
DA:136,1
DA:137,1
DA:138,1
DA:140,1
DA:146,1
DA:147,1
DA:148,1
DA:149,1
DA:150,1
DA:151,1
DA:152,1
DA:153,1
DA:154,1
DA:156,1
DA:157,1
DA:158,1
DA:159,1
DA:161,1
DA:162,1
DA:163,1
DA:164,1
DA:165,1
DA:166,1
DA:167,1
DA:168,1
DA:170,1
DA:171,1
DA:172,1
DA:173,1
DA:175,1
DA:178,1
DA:179,1
DA:180,1
DA:185,1
DA:187,1
LF:113
LH:108
FN:18,21,_format_hours
FNDA:1,_format_hours
FN:24,34,_get_speaker_bucket
FNDA:1,_get_speaker_bucket
FN:52,68,_collect_transcript_stats
FNDA:1,_collect_transcript_stats
FN:71,109,_process_transcript_file
FNDA:1,_process_transcript_file
FN:112,182,stats_transcripts
FNDA:1,stats_transcripts
FN:185,187,register_transcripts_command
FNDA:1,register_transcripts_command
FNF:6
FNH:6
end_of_record
SF:src/oyez_sa_asr/memory_utils.py
DA:4,1
DA:5,1
DA:6,1
DA:8,1
DA:11,1
DA:14,1
DA:16,1
DA:17,1
DA:18,1
DA:19,1
DA:20,1
DA:21,1
DA:22,0
DA:23,0
DA:24,0
DA:27,1
DA:29,1
DA:30,1
DA:36,1
DA:37,1
DA:38,1
DA:39,1
DA:40,1
DA:41,1
DA:42,1
DA:43,0
DA:44,0
DA:45,0
DA:48,1
DA:50,1
DA:51,1
DA:52,1
DA:58,1
DA:59,0
DA:60,0
DA:61,0
DA:62,0
DA:63,1
DA:66,1
DA:68,1
DA:69,1
DA:70,0
DA:71,0
DA:72,0
LF:44
LH:31
FN:14,24,get_oom_kill_count
FNDA:1,get_oom_kill_count
FN:27,45,get_memory_usage_mb
FNDA:1,get_memory_usage_mb
FN:48,63,kill_orphan_forkservers
FNDA:1,kill_orphan_forkservers
FN:66,78,check_oom
FNDA:1,check_oom
FNF:4
FNH:4
end_of_record
SF:src/oyez_sa_asr/scraper/__init__.py
DA:4,1
DA:5,1
DA:6,1
DA:14,1
DA:21,1
DA:23,1
LF:6
LH:6
end_of_record
SF:src/oyez_sa_asr/scraper/cache.py
DA:4,1
DA:5,1
DA:6,1
DA:7,1
DA:8,1
DA:10,1
DA:20,1
DA:23,1
DA:24,1
DA:25,1
DA:26,1
DA:28,1
DA:29,1
DA:31,1
DA:32,1
DA:33,1
DA:34,1
DA:36,1
DA:37,1
DA:38,1
DA:39,1
DA:41,1
DA:42,1
DA:43,1
DA:44,1
DA:46,1
DA:47,1
DA:49,1
DA:52,1
DA:53,1
DA:55,1
DA:56,1
DA:60,1
DA:61,1
DA:63,1
DA:64,1
DA:66,1
DA:67,1
DA:68,1
DA:70,1
DA:71,1
DA:78,1
DA:79,1
DA:81,1
DA:83,1
DA:84,1
DA:85,1
DA:86,1
DA:87,1
DA:88,1
DA:89,1
DA:90,1
DA:91,1
DA:92,0
DA:93,0
DA:95,0
DA:96,1
DA:97,0
DA:98,1
DA:99,1
DA:100,1
DA:101,1
DA:103,1
DA:105,1
DA:106,1
DA:107,1
DA:108,1
DA:111,1
DA:112,0
DA:114,1
DA:115,1
DA:117,1
DA:118,1
DA:119,1
DA:120,1
DA:121,1
DA:122,0
DA:123,0
DA:124,1
DA:125,1
DA:133,1
DA:134,1
DA:135,1
DA:137,1
DA:138,1
DA:139,1
DA:142,1
DA:143,1
DA:144,1
DA:148,1
DA:154,1
DA:155,1
DA:157,1
DA:158,1
DA:160,1
DA:161,1
DA:162,1
DA:164,1
DA:166,1
DA:167,1
DA:168,1
DA:169,1
DA:170,1
DA:171,1
DA:172,1
DA:173,1
DA:176,0
DA:177,0
DA:178,1
DA:179,1
DA:181,1
DA:183,1
DA:184,1
DA:185,1
DA:186,0
DA:187,1
DA:188,1
DA:189,0
DA:190,1
DA:191,1
DA:192,1
DA:193,1
DA:194,1
DA:195,1
DA:196,1
DA:197,1
DA:198,1
DA:199,0
DA:200,0
DA:201,0
DA:202,1
LF:131
LH:117
FN:23,26,FileCache.__init__
FNDA:1,FileCache.__init__
FN:28,29,FileCache._get_domain_dir
FNDA:1,FileCache._get_domain_dir
FN:31,34,FileCache._get_meta_dir
FNDA:1,FileCache._get_meta_dir
FN:36,39,FileCache._get_raw_dir
FNDA:1,FileCache._get_raw_dir
FN:41,44,FileCache._get_failed_dir
FNDA:1,FileCache._get_failed_dir
FN:46,47,FileCache._get_meta_path
FNDA:1,FileCache._get_meta_path
FN:49,53,FileCache._get_raw_path
FNDA:1,FileCache._get_raw_path
FN:55,58,FileCache._get_raw_path_by_hash
FNDA:1,FileCache._get_raw_path_by_hash
FN:60,61,FileCache._get_raw_path_relative_by_hash
FNDA:1,FileCache._get_raw_path_relative_by_hash
FN:63,64,FileCache._get_failed_path
FNDA:1,FileCache._get_failed_path
FN:67,68,FileCache._compute_content_hash
FNDA:1,FileCache._compute_content_hash
FN:70,79,FileCache._log_change
FNDA:1,FileCache._log_change
FN:81,101,FileCache.get
FNDA:1,FileCache.get
FN:103,158,FileCache.set
FNDA:1,FileCache.set
FN:160,162,FileCache._store_failed
FNDA:1,FileCache._store_failed
FN:164,179,FileCache.delete
FNDA:1,FileCache.delete
FN:181,202,FileCache.clear_expired
FNDA:1,FileCache.clear_expired
FNF:17
FNH:17
end_of_record
SF:src/oyez_sa_asr/scraper/case_models.py
DA:4,1
DA:5,1
DA:6,1
DA:7,1
DA:10,1
DA:12,1
DA:13,1
DA:14,1
DA:15,1
DA:17,1
DA:18,1
DA:19,1
DA:20,1
DA:22,1
DA:23,1
DA:24,1
DA:26,1
DA:29,1
DA:31,1
DA:32,0
DA:33,1
DA:34,1
DA:37,1
DA:38,1
DA:41,1
DA:42,1
DA:43,1
DA:44,1
DA:45,1
DA:46,1
DA:48,1
DA:49,1
DA:51,1
DA:60,1
DA:61,1
DA:63,1
DA:64,1
DA:65,1
DA:74,1
DA:76,0
DA:86,1
DA:87,1
DA:90,1
DA:91,1
DA:93,1
DA:94,1
DA:96,1
DA:97,1
DA:98,1
DA:100,1
DA:102,0
DA:105,1
DA:106,1
DA:109,1
DA:110,1
DA:111,1
DA:112,1
DA:114,1
DA:115,1
DA:117,1
DA:124,1
DA:126,1
LF:62
LH:59
FN:10,26,parse_opinion_title
FNDA:1,parse_opinion_title
FN:29,34,_unix_to_iso
FNDA:1,_unix_to_iso
FN:49,58,AudioReference.from_oral_argument
FNDA:1,AudioReference.from_oral_argument
FN:61,72,AudioReference.from_opinion_announcement
FNDA:1,AudioReference.from_opinion_announcement
FN:74,83,AudioReference.to_dict
FNDA:0,AudioReference.to_dict
FN:94,98,TimelineEvent.from_raw
FNDA:1,TimelineEvent.from_raw
FN:100,102,TimelineEvent.to_dict
FNDA:0,TimelineEvent.to_dict
FN:115,122,Decision.from_raw
FNDA:1,Decision.from_raw
FN:124,131,Decision.to_dict
FNDA:1,Decision.to_dict
FNF:9
FNH:7
end_of_record
SF:src/oyez_sa_asr/scraper/fetcher.py
DA:4,1
DA:5,1
DA:6,1
DA:7,1
DA:9,1
DA:10,1
DA:11,1
DA:17,1
DA:20,1
DA:27,1
DA:41,1
DA:42,1
DA:43,1
DA:45,1
DA:49,1
DA:50,1
DA:51,1
DA:52,1
DA:53,1
DA:54,1
DA:56,1
DA:57,1
DA:59,1
DA:65,1
DA:66,1
DA:68,1
DA:69,1
DA:70,1
DA:71,1
DA:72,1
DA:74,1
DA:76,1
DA:77,1
DA:83,1
DA:85,1
DA:86,1
DA:88,1
DA:89,1
DA:90,1
DA:91,1
DA:92,1
DA:93,1
DA:94,1
DA:98,1
DA:100,1
DA:102,1
DA:104,1
DA:105,1
DA:107,1
DA:111,1
DA:113,1
DA:114,1
DA:125,1
DA:127,1
DA:128,1
DA:134,1
DA:140,1
DA:141,1
DA:150,0
DA:152,0
DA:157,0
LF:61
LH:58
FN:27,43,AdaptiveFetcher.__init__
FNDA:1,AdaptiveFetcher.__init__
FN:45,57,AdaptiveFetcher._partition_cached
FNDA:1,AdaptiveFetcher._partition_cached
FN:59,100,AdaptiveFetcher.fetch_batch_adaptive
FNDA:1,AdaptiveFetcher.fetch_batch_adaptive
FN:102,105,AdaptiveFetcher.fetch_one
FNDA:1,AdaptiveFetcher.fetch_one
FN:107,111,AdaptiveFetcher.fetch_batch
FNDA:1,AdaptiveFetcher.fetch_batch
FN:114,138,AdaptiveFetcher.create
FNDA:1,AdaptiveFetcher.create
FN:141,161,AdaptiveFetcher.create_s3
FNDA:0,AdaptiveFetcher.create_s3
FNF:7
FNH:6
end_of_record
SF:src/oyez_sa_asr/scraper/httpx_downloader.py
DA:4,1
DA:5,1
DA:6,1
DA:8,1
DA:10,1
DA:11,1
DA:14,1
DA:17,1
DA:20,1
DA:37,1
DA:38,1
DA:39,1
DA:40,1
DA:46,1
DA:48,1
DA:49,1
DA:50,0
DA:52,1
DA:54,1
DA:55,1
DA:56,1
DA:57,1
DA:58,1
DA:59,1
DA:69,1
DA:71,1
DA:72,1
DA:73,1
DA:74,1
DA:76,1
DA:80,1
DA:81,1
DA:84,1
DA:85,1
DA:86,1
DA:87,1
DA:88,1
DA:97,1
DA:98,1
DA:100,1
DA:101,1
DA:107,1
DA:108,1
DA:109,1
DA:111,1
DA:112,1
DA:114,1
DA:115,1
DA:117,1
DA:118,1
LF:50
LH:49
FN:20,44,HttpxDownloader.__init__
FNDA:1,HttpxDownloader.__init__
FN:46,50,HttpxDownloader._parse_cached_response
FNDA:1,HttpxDownloader._parse_cached_response
FN:52,67,HttpxDownloader.check_cache
FNDA:1,HttpxDownloader.check_cache
FN:69,74,HttpxDownloader.is_transient_failure
FNDA:1,HttpxDownloader.is_transient_failure
FN:76,112,HttpxDownloader.fetch
FNDA:1,HttpxDownloader.fetch
FN:115,118,HttpxDownloader.create_client
FNDA:1,HttpxDownloader.create_client
FNF:6
FNH:6
end_of_record
SF:src/oyez_sa_asr/scraper/models.py
DA:4,1
DA:5,1
DA:6,1
DA:7,1
DA:10,1
DA:32,1
DA:43,1
DA:46,1
DA:47,1
DA:50,1
DA:51,1
DA:52,1
DA:53,0
DA:54,1
DA:55,0
DA:58,1
DA:61,1
DA:62,1
DA:65,1
DA:66,1
DA:67,1
DA:68,1
DA:70,1
DA:72,1
DA:79,1
DA:80,1
DA:82,1
DA:90,1
DA:91,1
DA:94,1
DA:95,1
DA:96,1
DA:98,1
DA:100,1
DA:101,1
DA:104,1
DA:105,1
DA:108,1
DA:109,1
DA:110,1
DA:111,1
DA:112,1
DA:113,1
DA:114,1
DA:116,1
DA:118,1
DA:120,1
DA:122,1
DA:123,1
DA:124,1
DA:126,1
DA:128,1
DA:138,1
DA:139,1
DA:141,1
DA:142,1
DA:143,1
DA:153,1
DA:154,1
DA:163,1
DA:164,1
DA:174,1
DA:175,1
DA:178,1
DA:179,1
DA:181,1
DA:183,1
DA:185,1
DA:186,1
DA:188,1
DA:190,1
DA:191,1
DA:193,1
DA:196,1
DA:197,1
DA:200,1
DA:201,1
DA:202,1
DA:203,1
DA:204,1
DA:205,1
DA:206,1
DA:207,1
DA:209,1
DA:211,1
LF:85
LH:83
FN:32,58,get_extension_for_content_type
FNDA:1,get_extension_for_content_type
FN:70,77,ContentVersion.to_dict
FNDA:1,ContentVersion.to_dict
FN:80,87,ContentVersion.from_dict
FNDA:1,ContentVersion.from_dict
FN:98,101,RequestMetadata.cache_key
FNDA:1,RequestMetadata.cache_key
FN:116,118,CacheMeta.is_expired
FNDA:1,CacheMeta.is_expired
FN:120,124,CacheMeta.get_latest_version
FNDA:1,CacheMeta.get_latest_version
FN:126,136,CacheMeta.to_dict
FNDA:1,CacheMeta.to_dict
FN:139,151,CacheMeta.from_dict
FNDA:1,CacheMeta.from_dict
FN:154,171,CacheMeta.create
FNDA:1,CacheMeta.create
FN:181,183,CacheEntry.is_expired
FNDA:1,CacheEntry.is_expired
FN:186,188,CacheEntry.url
FNDA:1,CacheEntry.url
FN:191,193,CacheEntry.status_code
FNDA:1,CacheEntry.status_code
FN:209,218,FetchResult.to_dict
FNDA:1,FetchResult.to_dict
FNF:13
FNH:13
end_of_record
SF:src/oyez_sa_asr/scraper/parser.py
DA:4,1
DA:5,1
DA:6,1
DA:7,1
DA:8,1
DA:11,1
DA:21,1
DA:22,1
DA:23,1
DA:24,1
DA:27,1
DA:28,1
DA:31,1
DA:32,1
DA:34,1
DA:35,1
DA:37,1
DA:38,1
DA:39,1
DA:41,1
DA:43,1
DA:46,1
DA:47,1
DA:50,1
DA:51,1
DA:52,1
DA:54,1
DA:55,1
DA:57,1
DA:58,1
DA:59,1
DA:65,1
DA:67,1
DA:70,1
DA:71,1
DA:74,1
DA:75,1
DA:76,1
DA:77,1
DA:78,1
DA:79,1
DA:80,1
DA:81,1
DA:82,1
DA:83,1
DA:85,1
DA:86,1
DA:88,1
DA:90,1
DA:92,1
DA:105,1
DA:107,1
DA:121,1
DA:122,1
DA:125,1
DA:126,1
DA:128,1
DA:129,1
DA:131,1
DA:133,1
DA:135,1
DA:141,1
DA:147,1
DA:148,1
DA:149,1
DA:152,1
DA:162,1
DA:164,1
DA:165,1
DA:167,1
DA:169,1
DA:170,1
DA:171,1
DA:172,1
DA:175,1
DA:176,0
DA:179,1
DA:180,1
DA:183,1
DA:184,1
DA:185,1
DA:187,0
DA:189,0
DA:191,1
LF:84
LH:81
FN:11,24,unix_timestamp_to_iso
FNDA:1,unix_timestamp_to_iso
FN:35,39,TimelineEvent.from_raw
FNDA:1,TimelineEvent.from_raw
FN:41,43,TimelineEvent.to_dict
FNDA:1,TimelineEvent.to_dict
FN:55,63,Citation.from_raw
FNDA:1,Citation.from_raw
FN:65,67,Citation.to_dict
FNDA:1,Citation.to_dict
FN:86,103,CaseSummary.from_raw
FNDA:1,CaseSummary.from_raw
FN:105,118,CaseSummary.to_dict
FNDA:1,CaseSummary.to_dict
FN:129,131,CasesIndex.total_cases
FNDA:1,CasesIndex.total_cases
FN:133,139,CasesIndex.to_dict
FNDA:1,CasesIndex.to_dict
FN:141,149,CasesIndex.save
FNDA:1,CasesIndex.save
FN:152,191,parse_cached_cases
FNDA:1,parse_cached_cases
FNF:11
FNH:11
end_of_record
SF:src/oyez_sa_asr/scraper/parser_cases.py
DA:4,1
DA:5,1
DA:6,1
DA:7,1
DA:9,1
DA:17,1
DA:27,1
DA:34,1
DA:36,1
DA:37,0
DA:39,1
DA:41,1
DA:42,1
DA:43,0
DA:44,1
DA:45,0
DA:47,1
DA:48,1
DA:49,1
DA:50,1
DA:52,1
DA:53,1
DA:54,1
DA:56,1
DA:57,1
DA:58,1
DA:60,0
DA:61,0
DA:63,1
DA:66,1
DA:67,1
DA:70,1
DA:71,1
DA:72,1
DA:73,1
DA:74,1
DA:75,1
DA:76,1
DA:77,1
DA:78,1
DA:80,1
DA:81,1
DA:83,1
DA:84,1
DA:86,1
DA:87,1
DA:89,1
DA:90,1
DA:92,1
DA:93,1
DA:97,1
DA:109,1
DA:111,1
DA:123,1
DA:125,1
DA:126,1
DA:127,1
DA:128,1
DA:129,1
DA:130,1
DA:131,1
DA:132,1
DA:133,1
LF:63
LH:58
FN:27,63,extract_media_urls
FNDA:1,extract_media_urls
FN:81,107,ProcessedCase.from_raw
FNDA:1,ProcessedCase.from_raw
FN:109,121,ProcessedCase.to_dict
FNDA:1,ProcessedCase.to_dict
FN:123,133,ProcessedCase.save
FNDA:1,ProcessedCase.save
FNF:4
FNH:4
end_of_record
SF:src/oyez_sa_asr/scraper/parser_transcripts.py
DA:4,1
DA:5,1
DA:6,1
DA:7,1
DA:8,1
DA:11,1
DA:24,1
DA:25,1
DA:28,1
DA:29,1
DA:30,1
DA:31,1
DA:34,1
DA:35,1
DA:36,1
DA:37,1
DA:40,1
DA:41,1
DA:43,1
DA:47,1
DA:48,1
DA:49,1
DA:52,1
DA:60,1
DA:61,1
DA:64,1
DA:65,1
DA:68,1
DA:69,1
DA:70,1
DA:71,1
DA:72,1
DA:73,0
DA:76,1
DA:77,1
DA:79,1
DA:82,1
DA:83,1
DA:86,1
DA:87,1
DA:88,1
DA:89,1
DA:90,1
DA:91,1
DA:92,1
DA:93,1
DA:94,1
DA:95,1
DA:96,1
DA:97,1
DA:98,1
DA:99,1
DA:100,1
DA:102,1
DA:103,1
DA:111,1
DA:112,1
DA:113,1
DA:115,1
DA:116,1
DA:117,1
DA:119,1
DA:120,1
DA:121,1
DA:123,1
DA:124,1
DA:127,1
DA:128,1
DA:129,1
DA:130,1
DA:133,1
DA:140,1
DA:158,1
DA:160,1
DA:179,1
DA:192,1
DA:194,1
DA:195,0
DA:197,1
DA:199,1
DA:200,1
DA:201,0
DA:202,1
DA:203,0
DA:205,1
DA:206,1
DA:207,1
DA:208,1
DA:210,1
DA:211,1
DA:213,1
DA:214,1
DA:215,1
DA:217,1
DA:218,1
DA:219,1
DA:221,0
DA:222,0
DA:224,1
DA:227,1
DA:240,1
DA:242,1
DA:243,1
DA:245,1
DA:247,1
DA:248,1
DA:249,0
DA:250,1
DA:251,0
DA:253,1
DA:254,1
DA:255,0
DA:257,1
DA:258,1
DA:259,1
DA:260,1
DA:262,1
DA:265,1
DA:266,1
DA:267,1
DA:269,0
DA:270,0
DA:272,1
DA:276,1
LF:124
LH:113
FN:11,43,parse_transcript_type
FNDA:1,parse_transcript_type
FN:52,79,_validate_turn
FNDA:1,_validate_turn
FN:103,156,ProcessedTurn.from_raw
FNDA:1,ProcessedTurn.from_raw
FN:158,176,ProcessedTurn.to_dict
FNDA:1,ProcessedTurn.to_dict
FN:179,224,build_transcript_to_case_map
FNDA:1,build_transcript_to_case_map
FN:227,272,extract_audio_urls
FNDA:1,extract_audio_urls
FNF:6
FNH:6
end_of_record
SF:src/oyez_sa_asr/scraper/s3_downloader.py
DA:4,1
DA:5,1
DA:6,1
DA:7,1
DA:8,1
DA:10,1
DA:11,1
DA:12,1
DA:13,1
DA:15,1
DA:20,1
DA:23,1
DA:42,1
DA:43,1
DA:44,1
DA:47,1
DA:48,1
DA:49,1
DA:51,1
DA:52,1
DA:55,1
DA:58,1
DA:73,1
DA:74,1
DA:75,1
DA:80,1
DA:82,1
DA:84,1
DA:86,1
DA:88,1
DA:89,1
DA:90,1
DA:92,1
DA:94,1
DA:96,1
DA:98,1
DA:99,1
DA:100,1
DA:109,1
DA:111,1
DA:112,1
DA:113,1
DA:114,0
DA:115,0
DA:116,0
DA:117,0
DA:124,0
DA:125,0
DA:126,0
DA:128,1
DA:130,1
DA:131,1
DA:132,0
DA:133,0
DA:136,1
DA:137,1
DA:138,1
DA:148,1
DA:150,1
DA:152,1
DA:153,1
DA:155,1
DA:156,1
DA:158,1
DA:160,1
DA:161,1
DA:162,1
DA:163,1
DA:169,1
DA:171,1
DA:173,1
DA:176,1
DA:177,1
DA:180,1
DA:183,1
DA:185,1
DA:194,1
DA:195,1
DA:196,1
DA:199,1
DA:206,1
DA:207,1
DA:208,1
DA:209,0
DA:210,0
DA:216,1
DA:217,1
DA:219,1
DA:223,1
LF:89
LH:78
FN:23,52,parse_s3_url
FNDA:1,parse_s3_url
FN:58,80,S3Downloader.__init__
FNDA:1,S3Downloader.__init__
FN:82,84,S3Downloader._get_local_path
FNDA:1,S3Downloader._get_local_path
FN:86,90,S3Downloader._get_unavailable_dir
FNDA:1,S3Downloader._get_unavailable_dir
FN:92,94,S3Downloader._get_unavailable_path
FNDA:1,S3Downloader._get_unavailable_path
FN:96,107,S3Downloader._cache_unavailable
FNDA:1,S3Downloader._cache_unavailable
FN:109,126,S3Downloader._check_unavailable_cache
FNDA:1,S3Downloader._check_unavailable_cache
FN:128,148,S3Downloader.check_cache
FNDA:1,S3Downloader.check_cache
FN:150,156,S3Downloader.is_transient_failure
FNDA:1,S3Downloader.is_transient_failure
FN:158,214,S3Downloader.fetch
FNDA:1,S3Downloader.fetch
FN:217,223,S3Downloader.create_client
FNDA:1,S3Downloader.create_client
FNF:11
FNH:11
end_of_record
SF:src/oyez_sa_asr/scraper/transcript_models.py
DA:4,1
DA:5,1
DA:6,1
DA:7,1
DA:8,1
DA:10,1
DA:13,1
DA:15,1
DA:16,1
DA:17,1
DA:19,1
DA:20,1
DA:21,0
DA:22,1
DA:23,1
DA:24,1
DA:25,1
DA:26,1
DA:27,1
DA:28,1
DA:29,1
DA:31,1
DA:34,1
DA:35,1
DA:38,1
DA:39,1
DA:40,1
DA:41,1
DA:42,1
DA:43,1
DA:44,1
DA:45,1
DA:47,1
DA:48,1
DA:52,1
DA:53,1
DA:54,1
DA:55,1
DA:57,1
DA:58,1
DA:59,1
DA:61,1
DA:62,1
DA:63,1
DA:64,1
DA:65,1
DA:66,1
DA:68,1
DA:69,1
DA:70,1
DA:73,1
DA:74,1
DA:75,1
DA:76,1
DA:77,1
DA:78,1
DA:79,1
DA:83,1
DA:84,1
DA:85,1
DA:86,1
DA:88,1
DA:89,1
DA:95,1
DA:96,1
DA:97,1
DA:98,1
DA:99,1
DA:101,1
DA:106,1
DA:108,1
DA:122,1
DA:133,1
DA:135,1
DA:146,1
DA:148,1
DA:149,0
DA:150,1
DA:152,1
DA:159,1
DA:160,1
DA:161,1
DA:162,1
DA:163,1
DA:164,1
DA:165,1
DA:166,1
DA:167,1
LF:88
LH:86
FN:13,31,_extract_audio_urls
FNDA:1,_extract_audio_urls
FN:48,131,ProcessedTranscript.from_raw
FNDA:1,ProcessedTranscript.from_raw
FN:133,144,ProcessedTranscript.to_dict
FNDA:1,ProcessedTranscript.to_dict
FN:146,150,ProcessedTranscript.get_filename
FNDA:1,ProcessedTranscript.get_filename
FN:152,167,ProcessedTranscript.save
FNDA:1,ProcessedTranscript.save
FNF:5
FNH:5
end_of_record
SF:src/oyez_sa_asr/scraper/traverser.py
DA:4,1
DA:5,1
DA:7,1
DA:8,1
DA:10,1
DA:11,1
DA:12,1
DA:15,1
DA:21,1
DA:35,1
DA:36,1
DA:37,1
DA:39,1
DA:41,1
DA:46,1
DA:48,1
DA:50,1
DA:57,1
DA:59,1
DA:61,1
DA:62,1
DA:64,1
DA:65,1
DA:67,1
DA:70,1
DA:71,1
DA:73,1
DA:74,1
DA:76,1
DA:78,1
DA:85,1
DA:87,1
DA:88,1
DA:89,1
DA:90,1
DA:95,0
DA:96,0
DA:98,1
DA:100,1
DA:101,1
DA:103,1
DA:104,1
DA:105,1
LF:43
LH:41
FN:21,37,OyezCasesTraverser.__init__
FNDA:1,OyezCasesTraverser.__init__
FN:39,44,OyezCasesTraverser._build_url
FNDA:1,OyezCasesTraverser._build_url
FN:46,48,OyezCasesTraverser._create_request
FNDA:1,OyezCasesTraverser._create_request
FN:50,76,OyezCasesTraverser.traverse
FNDA:1,OyezCasesTraverser.traverse
FN:78,98,OyezCasesTraverser.fetch_all
FNDA:1,OyezCasesTraverser.fetch_all
FN:101,105,OyezCasesTraverser._is_empty_result
FNDA:1,OyezCasesTraverser._is_empty_result
FNF:6
FNH:6
end_of_record
SF:src/oyez_sa_asr/scraper/worker_pool.py
DA:4,1
DA:6,1
DA:7,1
DA:8,1
DA:15,1
DA:24,1
DA:41,1
DA:42,1
DA:43,1
DA:44,1
DA:45,1
DA:46,1
DA:47,1
DA:48,1
DA:49,1
DA:50,1
DA:53,1
DA:54,1
DA:55,1
DA:56,1
DA:58,1
DA:59,1
DA:61,1
DA:63,1
DA:65,1
DA:66,1
DA:67,1
DA:68,1
DA:69,1
DA:70,1
DA:71,1
DA:81,1
DA:83,1
DA:85,1
DA:86,1
DA:88,1
DA:90,1
DA:91,1
DA:93,1
DA:99,1
DA:100,1
DA:103,1
DA:104,1
DA:107,1
DA:108,1
DA:109,0
DA:111,1
DA:114,1
DA:115,1
DA:116,1
DA:117,1
DA:118,1
DA:121,1
DA:122,1
DA:123,1
DA:124,1
DA:126,1
DA:128,0
DA:129,0
DA:130,0
DA:131,0
DA:132,0
DA:133,0
DA:134,0
DA:135,0
DA:136,0
DA:137,0
DA:138,0
DA:140,1
DA:142,1
DA:143,1
DA:144,1
DA:145,1
DA:146,1
DA:147,1
DA:148,1
DA:149,1
DA:150,1
DA:151,0
DA:152,0
DA:153,1
DA:154,1
DA:156,1
DA:158,1
DA:160,1
DA:162,1
DA:163,1
DA:164,1
DA:167,1
DA:176,1
DA:177,1
DA:178,1
DA:179,0
DA:180,0
DA:182,1
DA:183,1
DA:185,1
DA:186,1
DA:187,1
DA:190,1
DA:191,1
DA:192,1
DA:194,1
DA:196,1
DA:197,0
LF:105
LH:88
FN:24,56,WorkerPool.__init__
FNDA:1,WorkerPool.__init__
FN:59,61,WorkerPool.worker_count
FNDA:1,WorkerPool.worker_count
FN:63,81,WorkerPool.spawn_workers
FNDA:1,WorkerPool.spawn_workers
FN:83,86,WorkerPool.record_result
FNDA:1,WorkerPool.record_result
FN:88,91,WorkerPool._reset_rate_window
FNDA:1,WorkerPool._reset_rate_window
FN:93,124,WorkerPool.check_scaling
FNDA:1,WorkerPool.check_scaling
FN:126,138,WorkerPool._shutdown_workers
FNDA:0,WorkerPool._shutdown_workers
FN:140,154,WorkerPool.shutdown_all
FNDA:1,WorkerPool.shutdown_all
FN:156,158,WorkerPool.add_request
FNDA:1,WorkerPool.add_request
FN:160,164,WorkerPool.get_result
FNDA:1,WorkerPool.get_result
FN:167,197,_worker_coroutine
FNDA:1,_worker_coroutine
FNF:11
FNH:10
end_of_record
SF:src/oyez_sa_asr/speaker_models.py
DA:4,1
DA:5,1
DA:6,1
DA:7,1
DA:8,1
DA:13,1
DA:14,1
DA:17,1
DA:27,1
DA:28,1
DA:30,1
DA:32,1
DA:33,1
DA:36,1
DA:37,1
DA:40,1
DA:41,1
DA:42,1
DA:43,1
DA:45,1
DA:47,1
DA:55,1
DA:56,1
DA:59,1
DA:60,1
DA:61,1
DA:62,1
DA:63,1
DA:64,1
DA:65,1
DA:67,1
DA:69,1
DA:80,1
DA:81,1
DA:84,1
DA:85,1
DA:86,1
DA:87,1
DA:88,1
DA:89,1
DA:90,1
DA:91,1
DA:92,1
DA:94,1
DA:96,1
DA:99,1
DA:110,1
DA:119,1
DA:120,1
DA:123,1
DA:124,1
DA:125,1
DA:126,1
DA:127,1
DA:128,1
DA:129,1
DA:131,1
DA:133,1
DA:134,0
DA:136,1
DA:137,1
DA:138,1
DA:139,1
DA:141,1
DA:151,1
DA:152,1
DA:154,1
DA:155,1
DA:156,1
DA:158,1
DA:163,1
DA:165,1
DA:167,1
DA:168,1
DA:169,1
DA:171,1
DA:173,1
DA:182,1
DA:184,1
DA:186,1
DA:188,1
DA:190,1
DA:192,1
DA:194,1
DA:196,1
DA:209,1
DA:214,1
DA:215,1
DA:216,1
DA:217,1
DA:218,1
DA:219,1
DA:220,1
LF:93
LH:92
FN:17,33,slugify_name
FNDA:1,slugify_name
FN:45,52,TermStats.to_dict
FNDA:1,TermStats.to_dict
FN:67,77,RecordingAppearance.to_dict
FNDA:1,RecordingAppearance.to_dict
FN:94,96,SpeakerProfile.__post_init__
FNDA:1,SpeakerProfile.__post_init__
FN:99,129,SpeakerProfile.add_appearance
FNDA:1,SpeakerProfile.add_appearance
FN:131,139,SpeakerProfile.update_appearance_dates
FNDA:1,SpeakerProfile.update_appearance_dates
FN:141,156,SpeakerProfile.detect_role
FNDA:1,SpeakerProfile.detect_role
FN:158,163,SpeakerProfile.finalize
FNDA:1,SpeakerProfile.finalize
FN:165,180,SpeakerProfile.get_totals
FNDA:1,SpeakerProfile.get_totals
FN:182,184,SpeakerProfile.get_by_term
FNDA:1,SpeakerProfile.get_by_term
FN:186,188,SpeakerProfile.get_filename
FNDA:1,SpeakerProfile.get_filename
FN:190,192,SpeakerProfile.get_subdir
FNDA:1,SpeakerProfile.get_subdir
FN:194,207,SpeakerProfile.to_dict
FNDA:1,SpeakerProfile.to_dict
FN:209,220,SpeakerProfile.save
FNDA:1,SpeakerProfile.save
FNF:14
FNH:14
end_of_record
SF:src/oyez_sa_asr/term_filter.py
DA:4,1
DA:5,1
DA:6,1
DA:8,1
DA:11,1
DA:27,1
DA:28,1
DA:29,1
DA:30,1
DA:31,1
DA:34,1
DA:45,1
LF:12
LH:12
FN:11,31,filter_by_terms
FNDA:1,filter_by_terms
FN:34,45,filter_dirs
FNDA:1,filter_dirs
FNF:2
FNH:2
end_of_record
SF:src/oyez_sa_asr/utterance_filter.py
DA:11,1
DA:12,1
DA:13,1
DA:14,1
DA:16,1
DA:19,1
DA:20,1
DA:23,1
DA:24,1
DA:25,1
DA:26,1
DA:27,1
DA:28,1
DA:31,1
DA:33,1
DA:34,1
DA:35,1
DA:36,0
DA:37,1
DA:40,1
DA:42,1
DA:43,1
DA:44,1
DA:47,1
DA:48,1
DA:50,1
DA:51,0
DA:53,1
DA:56,1
DA:58,1
DA:59,1
DA:62,1
DA:63,1
DA:65,1
DA:68,1
DA:73,1
DA:77,1
DA:78,1
DA:79,1
DA:81,1
DA:83,1
DA:85,1
DA:87,1
DA:88,1
DA:89,1
DA:91,1
DA:92,1
DA:93,1
DA:96,1
DA:97,1
DA:100,1
DA:101,1
DA:102,1
DA:104,1
DA:105,1
DA:106,1
DA:108,1
DA:111,1
DA:115,1
DA:117,1
DA:118,1
DA:119,1
DA:120,1
DA:122,1
DA:125,1
DA:131,1
DA:136,1
DA:137,1
DA:139,1
DA:140,0
DA:142,1
DA:145,1
DA:154,1
DA:157,1
DA:160,1
DA:162,1
DA:164,1
DA:166,1
DA:167,1
DA:168,1
DA:171,1
DA:172,1
DA:173,1
DA:176,1
DA:177,1
DA:178,1
DA:181,1
DA:182,1
DA:183,1
DA:185,1
DA:186,1
DA:188,1
DA:199,1
LF:93
LH:90
FN:31,37,_calculate_wpm
FNDA:1,_calculate_wpm
FN:40,53,_check_invalid_timestamps
FNDA:1,_check_invalid_timestamps
FN:56,65,_check_abnormal_wpm
FNDA:1,_check_abnormal_wpm
FN:68,108,_find_overlapping
FNDA:1,_find_overlapping
FN:111,122,_calculate_recording_durations
FNDA:1,_calculate_recording_durations
FN:125,142,_check_too_long_ratio
FNDA:1,_check_too_long_ratio
FN:145,199,filter_utterances
FNDA:1,filter_utterances
FNF:7
FNH:7
end_of_record
SF:tests/__init__.py
end_of_record
SF:tests/test_audio_segment.py
DA:4,1
DA:5,1
DA:7,1
DA:8,1
DA:10,1
DA:15,1
DA:18,1
DA:20,1
DA:21,1
DA:23,1
DA:24,1
DA:25,1
DA:27,1
DA:28,1
DA:31,1
DA:34,1
DA:36,1
DA:37,1
DA:38,1
DA:39,1
DA:40,1
DA:42,1
DA:43,1
DA:44,1
DA:46,1
DA:47,1
DA:48,1
DA:49,1
DA:51,1
DA:53,1
DA:55,1
DA:56,1
DA:57,1
DA:58,1
DA:60,1
DA:61,1
DA:62,1
DA:64,1
DA:65,1
DA:66,1
DA:67,1
DA:69,1
DA:71,1
DA:73,1
DA:74,1
DA:75,1
DA:76,1
DA:78,1
DA:79,1
DA:80,1
DA:82,1
DA:83,1
DA:84,1
DA:85,1
DA:87,1
DA:89,1
DA:91,1
DA:92,1
DA:93,1
DA:94,1
DA:96,1
DA:99,1
DA:102,1
DA:104,1
DA:105,1
DA:106,1
DA:107,1
DA:109,1
DA:111,1
DA:113,1
DA:114,1
DA:115,1
DA:116,1
DA:118,1
DA:121,1
DA:124,1
DA:126,1
DA:127,1
DA:128,1
DA:129,1
DA:131,1
DA:134,1
DA:135,1
DA:136,1
DA:138,1
DA:140,1
DA:141,1
DA:143,1
DA:147,1
DA:148,1
DA:149,1
DA:151,1
DA:152,1
DA:153,1
DA:156,1
DA:159,1
DA:161,1
DA:162,1
DA:163,1
DA:164,1
DA:166,1
DA:167,1
DA:168,1
DA:169,1
DA:170,1
DA:172,1
DA:174,1
DA:176,1
DA:177,1
DA:178,1
DA:179,1
DA:180,1
DA:182,1
DA:184,1
DA:186,1
DA:187,1
DA:188,1
DA:189,1
DA:191,1
DA:193,1
DA:195,1
DA:196,1
DA:197,1
DA:198,1
DA:200,1
LF:125
LH:125
FN:18,28,_create_test_audio
FNDA:1,_create_test_audio
FN:34,51,TestExtractSegment.test_extract_middle_segment
FNDA:1,TestExtractSegment.test_extract_middle_segment
FN:53,69,TestExtractSegment.test_extract_from_start
FNDA:1,TestExtractSegment.test_extract_from_start
FN:71,87,TestExtractSegment.test_extract_to_end
FNDA:1,TestExtractSegment.test_extract_to_end
FN:89,96,TestExtractSegment.test_extract_returns_valid_flac
FNDA:1,TestExtractSegment.test_extract_returns_valid_flac
FN:102,109,TestExtractSegmentValidation.test_rejects_invalid_time_range
FNDA:1,TestExtractSegmentValidation.test_rejects_invalid_time_range
FN:111,118,TestExtractSegmentValidation.test_rejects_equal_times
FNDA:1,TestExtractSegmentValidation.test_rejects_equal_times
FN:124,136,TestExtractSegmentFromArray.test_extract_from_array
FNDA:1,TestExtractSegmentFromArray.test_extract_from_array
FN:138,153,TestExtractSegmentFromArray.test_preserves_sample_rate
FNDA:1,TestExtractSegmentFromArray.test_preserves_sample_rate
FN:159,172,TestExtractSegmentsBatch.test_batch_extraction
FNDA:1,TestExtractSegmentsBatch.test_batch_extraction
FN:174,182,TestExtractSegmentsBatch.test_batch_reads_file_once
FNDA:1,TestExtractSegmentsBatch.test_batch_reads_file_once
FN:184,191,TestExtractSegmentsBatch.test_empty_segments_list
FNDA:1,TestExtractSegmentsBatch.test_empty_segments_list
FN:193,200,TestExtractSegmentsBatch.test_single_segment_batch
FNDA:1,TestExtractSegmentsBatch.test_single_segment_batch
FNF:13
FNH:13
end_of_record
SF:tests/test_audio_segment_compare.py
DA:4,1
DA:5,1
DA:7,1
DA:9,1
DA:10,1
DA:13,1
DA:15,1
DA:16,1
DA:18,1
DA:19,1
DA:20,1
DA:22,1
DA:23,1
DA:26,1
DA:29,1
DA:35,1
DA:36,1
DA:37,1
DA:39,1
DA:42,1
DA:46,1
DA:48,1
DA:51,1
DA:52,1
DA:54,1
DA:55,1
DA:56,1
DA:57,1
DA:58,1
DA:59,1
DA:61,1
DA:62,1
DA:64,1
DA:65,1
DA:69,1
DA:70,1
DA:72,1
DA:73,1
DA:75,1
DA:77,1
DA:79,1
DA:80,1
DA:81,1
DA:83,1
DA:86,1
DA:90,1
DA:93,1
DA:94,1
DA:95,1
DA:96,1
DA:97,1
DA:98,1
DA:100,1
DA:101,1
DA:103,1
DA:104,1
DA:105,1
DA:107,1
DA:108,1
DA:110,1
LF:60
LH:60
FN:13,23,_create_test_audio
FNDA:1,_create_test_audio
FN:29,75,TestStreamingVsFullLoad.test_exact_sample_values_match
FNDA:1,TestStreamingVsFullLoad.test_exact_sample_values_match
FN:77,110,TestStreamingVsFullLoad.test_fractional_times_match
FNDA:1,TestStreamingVsFullLoad.test_fractional_times_match
FNF:3
FNH:3
end_of_record
SF:tests/test_audio_segment_streaming.py
DA:4,1
DA:5,1
DA:6,1
DA:7,1
DA:9,1
DA:10,1
DA:12,1
DA:17,1
DA:20,1
DA:22,1
DA:23,1
DA:25,1
DA:26,1
DA:27,1
DA:29,1
DA:30,1
DA:33,1
DA:36,1
DA:38,1
DA:39,1
DA:40,1
DA:41,1
DA:43,1
DA:44,1
DA:45,1
DA:46,1
DA:47,1
DA:49,1
DA:51,1
DA:53,1
DA:54,1
DA:55,1
DA:57,1
DA:58,1
DA:59,1
DA:60,1
DA:61,1
DA:62,1
DA:63,1
DA:65,1
DA:66,1
DA:67,1
DA:68,1
DA:69,1
DA:70,1
DA:71,1
DA:73,1
DA:75,1
DA:77,1
DA:79,1
DA:80,1
DA:81,1
DA:82,1
DA:84,1
DA:86,1
DA:88,1
DA:89,1
DA:90,1
DA:91,1
DA:93,1
DA:96,1
DA:99,1
DA:101,1
DA:102,1
DA:104,1
DA:105,1
DA:106,1
DA:107,1
DA:109,1
DA:111,1
DA:113,1
DA:114,1
DA:116,1
DA:117,1
DA:118,1
LF:75
LH:75
FN:20,30,_create_test_audio
FNDA:1,_create_test_audio
FN:36,49,TestExtractSegmentsStreaming.test_streaming_extracts_correct_segments
FNDA:1,TestExtractSegmentsStreaming.test_streaming_extracts_correct_segments
FN:51,75,TestExtractSegmentsStreaming.test_streaming_memory_efficient
FNDA:1,TestExtractSegmentsStreaming.test_streaming_memory_efficient
FN:77,84,TestExtractSegmentsStreaming.test_streaming_rejects_invalid_time_range
FNDA:1,TestExtractSegmentsStreaming.test_streaming_rejects_invalid_time_range
FN:86,93,TestExtractSegmentsStreaming.test_streaming_empty_segments
FNDA:1,TestExtractSegmentsStreaming.test_streaming_empty_segments
FN:99,107,TestEncodeFLAC.test_encode_produces_valid_flac
FNDA:1,TestEncodeFLAC.test_encode_produces_valid_flac
FN:109,118,TestEncodeFLAC.test_encode_with_different_bit_depths
FNDA:1,TestEncodeFLAC.test_encode_with_different_bit_depths
FNF:7
FNH:7
end_of_record
SF:tests/test_audio_source.py
DA:4,1
DA:6,1
DA:15,1
DA:18,1
DA:20,1
DA:21,1
DA:23,1
DA:25,1
DA:26,1
DA:29,1
DA:32,1
DA:34,1
DA:36,1
DA:38,1
DA:40,1
DA:42,1
DA:45,1
DA:48,1
DA:50,1
DA:52,1
DA:54,1
DA:56,1
DA:58,1
DA:61,1
DA:64,1
DA:66,1
DA:67,1
DA:69,1
DA:71,1
DA:72,1
DA:74,1
DA:76,1
DA:77,1
DA:80,1
DA:83,1
DA:85,1
DA:86,1
DA:87,1
DA:89,1
DA:90,1
DA:91,1
DA:93,1
DA:95,1
DA:96,1
DA:97,1
DA:98,1
DA:100,1
DA:101,1
DA:102,1
DA:104,1
DA:106,1
DA:107,1
DA:110,1
DA:111,1
DA:112,1
DA:114,1
DA:116,1
DA:117,1
DA:118,1
DA:119,1
DA:120,1
LF:61
LH:61
FN:18,21,TestGetRecordingId.test_strips_delivery_suffix
FNDA:1,TestGetRecordingId.test_strips_delivery_suffix
FN:23,26,TestGetRecordingId.test_keeps_normal_stem
FNDA:1,TestGetRecordingId.test_keeps_normal_stem
FN:32,34,TestGetPreferredFormat.test_digital_era_prefers_mp3
FNDA:1,TestGetPreferredFormat.test_digital_era_prefers_mp3
FN:36,38,TestGetPreferredFormat.test_analog_era_prefers_ogg
FNDA:1,TestGetPreferredFormat.test_analog_era_prefers_ogg
FN:40,42,TestGetPreferredFormat.test_invalid_term_defaults_to_mp3
FNDA:1,TestGetPreferredFormat.test_invalid_term_defaults_to_mp3
FN:48,50,TestGetSourceEra.test_digital_era
FNDA:1,TestGetSourceEra.test_digital_era
FN:52,54,TestGetSourceEra.test_analog_era
FNDA:1,TestGetSourceEra.test_analog_era
FN:56,58,TestGetSourceEra.test_invalid_term_returns_unknown
FNDA:1,TestGetSourceEra.test_invalid_term_returns_unknown
FN:64,67,TestExtractTermDocket.test_extracts_from_valid_path
FNDA:1,TestExtractTermDocket.test_extracts_from_valid_path
FN:69,72,TestExtractTermDocket.test_returns_none_for_invalid_path
FNDA:1,TestExtractTermDocket.test_returns_none_for_invalid_path
FN:74,77,TestExtractTermDocket.test_returns_none_for_short_path
FNDA:1,TestExtractTermDocket.test_returns_none_for_short_path
FN:83,91,TestFindAudioSources.test_finds_mp3_files
FNDA:1,TestFindAudioSources.test_finds_mp3_files
FN:93,102,TestFindAudioSources.test_filters_by_term
FNDA:1,TestFindAudioSources.test_filters_by_term
FN:104,120,TestFindAudioSources.test_combines_mp3_and_ogg
FNDA:1,TestFindAudioSources.test_combines_mp3_and_ogg
FNF:14
FNH:14
end_of_record
SF:tests/test_audio_utils.py
DA:4,1
DA:5,1
DA:6,1
DA:8,1
DA:9,1
DA:11,1
DA:14,1
DA:18,1
DA:19,1
DA:20,1
DA:23,1
DA:25,1
DA:28,1
DA:31,1
DA:33,1
DA:34,1
DA:35,1
DA:36,1
DA:37,1
DA:38,1
DA:39,1
DA:41,1
DA:43,1
DA:44,1
DA:45,1
DA:46,1
DA:47,1
DA:48,1
DA:49,1
DA:51,1
DA:53,1
DA:54,1
DA:55,1
DA:56,1
DA:57,1
DA:58,1
DA:61,1
DA:64,1
DA:66,1
DA:67,1
DA:68,1
DA:69,1
DA:70,1
DA:71,1
DA:72,1
DA:75,1
DA:78,1
DA:80,1
DA:81,1
DA:82,1
DA:83,1
DA:84,1
DA:85,1
DA:86,1
DA:89,1
DA:92,1
DA:94,1
DA:95,1
DA:96,1
DA:97,1
DA:98,1
DA:99,1
DA:101,1
DA:103,1
DA:104,1
DA:105,1
DA:106,1
DA:107,1
DA:108,1
DA:110,1
DA:112,1
DA:113,1
DA:114,1
DA:115,1
DA:116,1
DA:117,1
DA:120,1
DA:123,1
DA:125,1
DA:126,1
DA:127,1
DA:128,1
DA:129,1
DA:130,1
DA:131,1
DA:134,1
DA:137,1
DA:139,1
DA:140,1
DA:141,1
DA:142,1
DA:143,1
DA:144,1
DA:145,1
DA:148,1
DA:151,1
DA:153,1
DA:154,1
DA:155,1
DA:156,1
DA:157,1
DA:160,1
DA:163,1
DA:165,1
DA:166,1
DA:167,1
DA:168,1
DA:169,1
DA:170,1
DA:171,1
DA:172,1
DA:173,1
DA:174,1
DA:175,1
DA:177,1
DA:179,1
DA:180,1
DA:181,1
DA:182,1
DA:183,1
DA:184,1
DA:185,1
DA:186,1
DA:187,1
DA:188,1
DA:189,1
DA:191,1
DA:193,1
DA:194,1
DA:195,1
DA:196,1
DA:197,1
DA:198,1
DA:199,1
DA:200,1
DA:203,1
DA:206,1
DA:207,1
DA:209,0
LF:139
LH:138
FN:14,20,make_sine
FNDA:1,make_sine
FN:23,25,mse
FNDA:1,mse
FN:31,39,TestFLACRoundTrip.test_mono
FNDA:1,TestFLACRoundTrip.test_mono
FN:41,49,TestFLACRoundTrip.test_stereo
FNDA:1,TestFLACRoundTrip.test_stereo
FN:51,58,TestFLACRoundTrip.test_24bit
FNDA:1,TestFLACRoundTrip.test_24bit
FN:64,72,TestMP3RoundTrip.test_mono
FNDA:1,TestMP3RoundTrip.test_mono
FN:78,86,TestOGGRoundTrip.test_mono
FNDA:1,TestOGGRoundTrip.test_mono
FN:92,99,TestEdgeCases.test_silence
FNDA:1,TestEdgeCases.test_silence
FN:101,108,TestEdgeCases.test_clipping
FNDA:1,TestEdgeCases.test_clipping
FN:110,117,TestEdgeCases.test_format_inference
FNDA:1,TestEdgeCases.test_format_inference
FN:123,131,TestWAVRoundTrip.test_mono
FNDA:1,TestWAVRoundTrip.test_mono
FN:137,145,TestFLAC16Bit.test_16bit
FNDA:1,TestFLAC16Bit.test_16bit
FN:151,157,TestUnsupportedFormat.test_raises
FNDA:1,TestUnsupportedFormat.test_raises
FN:163,175,TestAudioMetadata.test_mp3_metadata
FNDA:1,TestAudioMetadata.test_mp3_metadata
FN:177,189,TestAudioMetadata.test_flac_metadata
FNDA:1,TestAudioMetadata.test_flac_metadata
FN:191,200,TestAudioMetadata.test_ogg_metadata
FNDA:1,TestAudioMetadata.test_ogg_metadata
FN:207,209,TestHLSLoading.test_hls
FNDA:0,TestHLSLoading.test_hls
FNF:17
FNH:16
end_of_record
SF:tests/test_audio_utils_memory.py
DA:4,1
DA:5,1
DA:6,1
DA:7,1
DA:9,1
DA:11,1
DA:14,1
DA:16,1
DA:17,1
DA:18,1
DA:21,1
DA:24,1
DA:30,1
DA:31,1
DA:32,1
DA:34,1
DA:35,1
DA:36,1
DA:38,1
DA:39,1
DA:41,1
DA:43,1
DA:44,1
DA:46,1
DA:47,1
DA:48,1
DA:53,1
DA:54,1
DA:56,1
DA:58,1
DA:59,1
DA:61,1
DA:62,1
DA:64,1
DA:65,1
DA:66,1
DA:68,1
DA:69,1
DA:71,1
DA:73,1
DA:74,1
DA:76,1
DA:77,1
DA:79,1
DA:80,1
DA:82,1
DA:83,1
DA:85,1
DA:86,1
LF:49
LH:49
FN:14,18,make_sine
FNDA:1,make_sine
FN:24,54,TestMemoryEfficiency.test_chunked_decode_reduces_peak_memory
FNDA:1,TestMemoryEfficiency.test_chunked_decode_reduces_peak_memory
FN:56,86,TestMemoryEfficiency.test_large_file_memory_stable
FNDA:1,TestMemoryEfficiency.test_large_file_memory_stable
FNF:3
FNH:3
end_of_record
SF:tests/test_cache.py
DA:4,1
DA:5,1
DA:6,1
DA:7,1
DA:9,1
DA:10,1
DA:13,1
DA:16,1
DA:18,1
DA:19,1
DA:20,1
DA:21,1
DA:23,1
DA:25,1
DA:26,1
DA:27,1
DA:28,1
DA:36,1
DA:37,1
DA:38,1
DA:39,1
DA:40,1
DA:41,1
DA:42,1
DA:43,1
DA:44,1
DA:46,1
DA:48,1
DA:49,1
DA:50,1
DA:51,1
DA:58,1
DA:59,1
DA:60,1
DA:61,1
DA:63,1
DA:65,1
DA:66,1
DA:67,1
DA:68,1
DA:69,1
DA:70,1
DA:71,1
DA:73,1
DA:75,1
DA:76,1
DA:77,1
DA:78,1
DA:81,1
DA:82,1
DA:83,1
DA:84,1
DA:85,1
DA:87,1
DA:89,1
DA:90,1
DA:91,1
DA:92,1
DA:93,1
DA:94,1
DA:95,1
DA:96,1
DA:98,1
DA:100,1
DA:101,1
DA:102,1
DA:103,1
DA:104,1
DA:111,1
DA:112,1
DA:113,1
DA:114,1
DA:115,1
DA:116,1
DA:117,1
DA:118,1
DA:121,1
DA:122,1
DA:123,1
DA:124,1
DA:126,1
DA:128,1
DA:129,1
DA:130,1
DA:131,1
DA:138,1
DA:139,1
DA:140,1
DA:141,1
DA:142,1
LF:90
LH:90
FN:16,21,TestFileCache.test_get_returns_none_for_missing
FNDA:1,TestFileCache.test_get_returns_none_for_missing
FN:23,44,TestFileCache.test_set_and_get
FNDA:1,TestFileCache.test_set_and_get
FN:46,61,TestFileCache.test_versioned_entries_never_expire
FNDA:1,TestFileCache.test_versioned_entries_never_expire
FN:63,71,TestFileCache.test_failed_requests_stored_separately
FNDA:1,TestFileCache.test_failed_requests_stored_separately
FN:73,85,TestFileCache.test_delete_entry
FNDA:1,TestFileCache.test_delete_entry
FN:87,96,TestFileCache.test_corrupted_meta_file_handled
FNDA:1,TestFileCache.test_corrupted_meta_file_handled
FN:98,124,TestFileCache.test_clear_expired
FNDA:1,TestFileCache.test_clear_expired
FN:126,142,TestFileCache.test_html_content_type_uses_html_extension
FNDA:1,TestFileCache.test_html_content_type_uses_html_extension
FNF:8
FNH:8
end_of_record
SF:tests/test_cache_versioning.py
DA:4,1
DA:5,1
DA:6,1
DA:8,1
DA:9,1
DA:12,1
DA:15,1
DA:17,1
DA:18,1
DA:19,1
DA:20,1
DA:28,1
DA:29,1
DA:30,1
DA:31,1
DA:32,1
DA:33,1
DA:34,1
DA:36,1
DA:38,1
DA:39,1
DA:40,1
DA:41,1
DA:49,1
DA:50,1
DA:51,1
DA:52,1
DA:53,1
DA:54,1
DA:56,1
DA:58,1
DA:59,1
DA:60,1
DA:61,1
DA:68,1
DA:75,1
DA:76,1
DA:77,1
DA:78,1
DA:79,1
DA:80,1
DA:81,1
DA:82,1
DA:84,1
DA:86,1
DA:87,1
DA:88,1
DA:89,1
DA:96,1
DA:103,1
DA:104,1
DA:105,1
DA:106,1
DA:107,1
DA:109,1
DA:111,1
DA:112,1
DA:113,1
DA:114,1
DA:121,1
DA:128,1
DA:129,1
DA:130,1
DA:131,1
DA:132,1
DA:133,1
DA:134,1
DA:135,1
DA:136,1
DA:137,1
DA:139,1
DA:141,1
DA:142,1
DA:143,1
DA:144,1
DA:151,1
DA:152,1
DA:153,1
DA:154,0
DA:156,1
DA:158,1
DA:159,1
DA:160,1
DA:163,1
DA:170,1
DA:172,1
DA:173,1
DA:174,1
DA:177,1
DA:180,1
DA:187,1
DA:189,1
DA:190,1
DA:193,1
DA:195,1
DA:196,1
LF:96
LH:95
FN:15,34,TestFileCacheVersioning.test_set_creates_version_with_content_hash
FNDA:1,TestFileCacheVersioning.test_set_creates_version_with_content_hash
FN:36,54,TestFileCacheVersioning.test_same_content_updates_last_seen
FNDA:1,TestFileCacheVersioning.test_same_content_updates_last_seen
FN:56,82,TestFileCacheVersioning.test_different_content_adds_new_version
FNDA:1,TestFileCacheVersioning.test_different_content_adds_new_version
FN:84,107,TestFileCacheVersioning.test_get_returns_latest_version
FNDA:1,TestFileCacheVersioning.test_get_returns_latest_version
FN:109,137,TestFileCacheVersioning.test_change_logged_to_file
FNDA:1,TestFileCacheVersioning.test_change_logged_to_file
FN:139,154,TestFileCacheVersioning.test_first_version_no_change_log
FNDA:1,TestFileCacheVersioning.test_first_version_no_change_log
FN:156,196,TestFileCacheVersioning.test_raw_path_set_to_latest_version
FNDA:1,TestFileCacheVersioning.test_raw_path_set_to_latest_version
FNF:7
FNH:7
end_of_record
SF:tests/test_cli.py
DA:4,1
DA:5,1
DA:6,1
DA:7,1
DA:8,1
DA:10,1
DA:12,1
DA:14,1
DA:17,1
DA:19,1
DA:22,1
DA:25,1
DA:27,1
DA:28,1
DA:29,1
DA:30,1
DA:32,1
DA:34,1
DA:35,1
DA:36,1
DA:39,1
DA:42,1
DA:44,1
DA:45,1
DA:46,1
DA:47,1
DA:48,1
DA:50,1
DA:52,1
DA:56,1
DA:57,1
DA:59,1
DA:62,1
DA:65,1
DA:67,1
DA:68,1
DA:69,1
DA:70,1
DA:71,1
DA:73,1
DA:75,1
DA:76,1
DA:85,1
DA:87,1
DA:89,1
DA:91,1
DA:92,1
DA:100,1
DA:102,1
DA:104,1
DA:105,1
DA:106,1
DA:108,1
DA:120,1
DA:122,1
DA:123,1
DA:124,1
DA:127,1
DA:130,1
DA:132,1
DA:133,1
DA:134,1
DA:135,1
DA:136,1
DA:138,1
DA:140,1
DA:143,1
DA:146,1
DA:149,1
DA:151,1
DA:152,1
DA:153,1
DA:154,1
DA:156,1
DA:158,1
DA:159,1
DA:160,1
DA:161,1
DA:162,1
DA:163,1
DA:165,1
DA:167,1
DA:168,1
DA:169,1
DA:170,1
DA:171,1
DA:172,1
DA:174,1
DA:176,1
DA:177,1
DA:178,1
DA:181,1
DA:182,1
DA:183,1
DA:184,1
DA:186,1
DA:199,1
DA:200,1
DA:201,1
DA:203,1
DA:205,1
DA:206,1
DA:207,1
DA:210,1
DA:211,1
DA:212,1
DA:213,1
DA:214,1
DA:216,1
DA:229,1
DA:230,1
DA:231,1
DA:233,1
DA:235,1
DA:236,1
DA:237,1
DA:239,1
DA:252,1
DA:253,1
LF:119
LH:119
FN:17,19,strip_ansi
FNDA:1,strip_ansi
FN:25,30,TestCliStructure.test_scrape_subcommand_exists
FNDA:1,TestCliStructure.test_scrape_subcommand_exists
FN:32,36,TestCliStructure.test_process_subcommand_exists
FNDA:1,TestCliStructure.test_process_subcommand_exists
FN:42,48,TestScrapeIndex.test_scrape_index_help
FNDA:1,TestScrapeIndex.test_scrape_index_help
FN:50,59,TestScrapeIndex.test_scrape_index_default_cache_dir
FNDA:1,TestScrapeIndex.test_scrape_index_default_cache_dir
FN:65,71,TestScrapeCases.test_scrape_cases_help
FNDA:1,TestScrapeCases.test_scrape_cases_help
FN:73,85,TestScrapeCases.test_scrape_cases_requires_index
FNDA:1,TestScrapeCases.test_scrape_cases_requires_index
FN:87,124,TestScrapeCases.test_scrape_cases_reads_index_and_fetches
FNDA:1,TestScrapeCases.test_scrape_cases_reads_index_and_fetches
FN:130,136,TestProcessIndex.test_process_index_help
FNDA:1,TestProcessIndex.test_process_index_help
FN:138,143,TestProcessIndex.test_process_index_default_paths
FNDA:1,TestProcessIndex.test_process_index_default_paths
FN:149,154,TestClearCommands.test_clear_subcommand_exists
FNDA:1,TestClearCommands.test_clear_subcommand_exists
FN:156,163,TestClearCommands.test_clear_index_help
FNDA:1,TestClearCommands.test_clear_index_help
FN:165,172,TestClearCommands.test_clear_cases_help
FNDA:1,TestClearCommands.test_clear_cases_help
FN:174,201,TestClearCommands.test_clear_index_removes_directories
FNDA:1,TestClearCommands.test_clear_index_removes_directories
FN:203,231,TestClearCommands.test_clear_cases_removes_directories
FNDA:1,TestClearCommands.test_clear_cases_removes_directories
FN:233,253,TestClearCommands.test_clear_handles_nonexistent_directories
FNDA:1,TestClearCommands.test_clear_handles_nonexistent_directories
FNF:16
FNH:16
end_of_record
SF:tests/test_cli_dataset.py
DA:4,1
DA:5,1
DA:6,1
DA:8,1
DA:10,1
DA:11,1
DA:17,1
DA:20,1
DA:23,1
DA:25,1
DA:26,1
DA:27,1
DA:29,1
DA:31,1
DA:32,1
DA:33,1
DA:34,1
DA:36,1
DA:41,1
DA:42,1
DA:43,1
DA:46,1
DA:49,1
DA:51,1
DA:52,1
DA:53,1
DA:55,1
DA:57,1
DA:58,1
DA:59,1
DA:61,1
DA:62,1
DA:63,1
DA:70,1
DA:71,1
DA:73,1
DA:74,1
DA:75,1
DA:93,1
DA:95,1
DA:100,1
DA:101,1
DA:102,1
DA:105,1
DA:108,1
DA:110,1
DA:111,1
DA:112,1
DA:114,1
DA:115,1
DA:118,1
DA:119,1
DA:120,1
DA:122,1
DA:136,1
DA:137,1
DA:138,1
DA:141,1
DA:144,1
DA:146,1
DA:147,1
DA:149,1
DA:151,1
DA:152,1
DA:154,1
DA:156,1
DA:157,1
DA:158,1
DA:160,1
DA:162,1
DA:163,1
DA:164,1
DA:165,1
DA:166,1
DA:173,1
DA:175,1
DA:176,1
DA:177,1
DA:179,1
DA:181,1
DA:182,1
DA:183,1
DA:184,1
DA:185,1
DA:202,1
DA:204,1
DA:205,1
DA:206,1
LF:88
LH:88
FN:23,27,TestDatasetRaw.test_help
FNDA:1,TestDatasetRaw.test_help
FN:29,43,TestDatasetRaw.test_creates_output_dir
FNDA:1,TestDatasetRaw.test_creates_output_dir
FN:49,53,TestDatasetFlex.test_help
FNDA:1,TestDatasetFlex.test_help
FN:55,102,TestDatasetFlex.test_creates_parquets
FNDA:1,TestDatasetFlex.test_creates_parquets
FN:108,138,TestTermFilter.test_raw_with_term_filter
FNDA:1,TestTermFilter.test_raw_with_term_filter
FN:144,147,TestCollectFunctions.test_collect_recordings_empty
FNDA:1,TestCollectFunctions.test_collect_recordings_empty
FN:149,152,TestCollectFunctions.test_collect_utterances_empty
FNDA:1,TestCollectFunctions.test_collect_utterances_empty
FN:154,158,TestCollectFunctions.test_copy_tree_empty
FNDA:1,TestCollectFunctions.test_copy_tree_empty
FN:160,177,TestCollectFunctions.test_collect_recordings_with_data
FNDA:1,TestCollectFunctions.test_collect_recordings_with_data
FN:179,206,TestCollectFunctions.test_collect_utterances_with_data
FNDA:1,TestCollectFunctions.test_collect_utterances_with_data
FNF:10
FNH:10
end_of_record
SF:tests/test_cli_dataset_simple.py
DA:4,1
DA:5,1
DA:6,1
DA:8,1
DA:9,1
DA:10,1
DA:11,1
DA:13,1
DA:14,1
DA:15,1
DA:17,1
DA:20,1
DA:22,1
DA:23,1
DA:24,1
DA:25,1
DA:26,1
DA:27,1
DA:30,1
DA:33,1
DA:35,1
DA:36,1
DA:37,1
DA:39,1
DA:41,1
DA:42,1
DA:43,1
DA:45,1
DA:57,1
DA:58,1
DA:60,1
DA:62,1
DA:63,1
DA:64,1
DA:66,1
DA:67,1
DA:69,1
DA:78,1
DA:83,1
DA:107,1
DA:112,1
DA:113,1
DA:115,1
DA:117,1
DA:129,1
DA:130,1
DA:131,1
DA:134,1
DA:137,1
DA:139,1
DA:146,1
DA:148,1
DA:149,1
DA:150,1
DA:151,1
DA:153,1
DA:155,1
DA:166,1
DA:168,1
DA:169,1
DA:170,1
DA:171,1
DA:172,1
DA:174,1
DA:176,1
DA:177,1
DA:180,1
DA:183,1
DA:185,1
DA:186,1
DA:187,1
DA:189,1
DA:191,1
DA:192,1
DA:193,1
DA:195,1
DA:197,1
DA:198,1
DA:199,1
DA:201,1
DA:203,1
DA:204,1
DA:206,1
DA:208,1
DA:209,1
LF:85
LH:85
FN:20,27,_create_test_flac
FNDA:1,_create_test_flac
FN:33,37,TestDatasetSimple.test_help
FNDA:1,TestDatasetSimple.test_help
FN:39,58,TestDatasetSimple.test_requires_flex_dataset
FNDA:1,TestDatasetSimple.test_requires_flex_dataset
FN:60,131,TestDatasetSimple.test_embeds_audio
FNDA:1,TestDatasetSimple.test_embeds_audio
FN:137,151,TestGroupUtterancesByRecording.test_groups_by_term_docket
FNDA:1,TestGroupUtterancesByRecording.test_groups_by_term_docket
FN:153,172,TestGroupUtterancesByRecording.test_preserves_utterance_data
FNDA:1,TestGroupUtterancesByRecording.test_preserves_utterance_data
FN:174,177,TestGroupUtterancesByRecording.test_empty_list
FNDA:1,TestGroupUtterancesByRecording.test_empty_list
FN:183,187,TestDurationFlavors.test_lt1m_help
FNDA:1,TestDurationFlavors.test_lt1m_help
FN:189,193,TestDurationFlavors.test_lt5m_help
FNDA:1,TestDurationFlavors.test_lt5m_help
FN:195,199,TestDurationFlavors.test_lt30m_help
FNDA:1,TestDurationFlavors.test_lt30m_help
FN:201,204,TestDurationFlavors.test_lt1m_default_workers
FNDA:1,TestDurationFlavors.test_lt1m_default_workers
FN:206,209,TestDurationFlavors.test_lt30m_default_workers
FNDA:1,TestDurationFlavors.test_lt30m_default_workers
FNF:12
FNH:12
end_of_record
SF:tests/test_cli_dataset_simple_parallel.py
DA:4,1
DA:5,1
DA:6,1
DA:8,1
DA:9,1
DA:10,1
DA:11,1
DA:13,1
DA:14,1
DA:16,1
DA:19,1
DA:21,1
DA:22,1
DA:23,1
DA:24,1
DA:25,1
DA:26,1
DA:29,1
DA:32,1
DA:34,1
DA:35,1
DA:36,1
DA:38,1
DA:40,1
DA:41,1
DA:42,1
DA:44,1
DA:45,1
DA:46,1
DA:48,1
DA:50,1
DA:58,1
DA:63,1
DA:87,1
DA:91,1
DA:93,1
DA:107,1
DA:108,1
DA:110,1
DA:112,1
DA:113,1
DA:114,1
DA:116,1
DA:117,1
DA:118,1
DA:120,1
DA:121,1
DA:122,1
DA:123,1
DA:124,1
DA:128,1
DA:136,1
DA:150,1
DA:164,1
DA:168,1
DA:172,1
DA:174,1
DA:188,1
DA:190,1
DA:193,1
DA:195,1
DA:196,1
DA:198,1
LF:63
LH:63
FN:19,26,_create_test_flac
FNDA:1,_create_test_flac
FN:32,36,TestParallelProcessing.test_workers_option_in_help
FNDA:1,TestParallelProcessing.test_workers_option_in_help
FN:38,108,TestParallelProcessing.test_processes_with_single_worker
FNDA:1,TestParallelProcessing.test_processes_with_single_worker
FN:110,198,TestParallelProcessing.test_processes_with_multiple_workers
FNDA:1,TestParallelProcessing.test_processes_with_multiple_workers
FNF:4
FNH:4
end_of_record
SF:tests/test_cli_dataset_simple_segments.py
DA:4,1
DA:5,1
DA:6,1
DA:8,1
DA:9,1
DA:10,1
DA:11,1
DA:13,1
DA:14,1
DA:16,1
DA:19,1
DA:21,1
DA:22,1
DA:23,1
DA:24,1
DA:25,1
DA:28,1
DA:31,1
DA:33,1
DA:34,1
DA:35,1
DA:37,1
DA:38,1
DA:39,1
DA:41,1
DA:42,1
DA:44,1
DA:52,1
DA:57,1
DA:81,1
DA:86,1
DA:88,1
DA:100,1
DA:102,1
DA:105,1
DA:107,1
DA:108,1
DA:109,1
DA:112,1
DA:113,1
DA:114,1
DA:116,1
DA:117,1
LF:43
LH:43
FN:19,25,_create_test_flac
FNDA:1,_create_test_flac
FN:31,117,TestDatasetSimpleWithSegments.test_embeds_segments_not_full_files
FNDA:1,TestDatasetSimpleWithSegments.test_embeds_segments_not_full_files
FNF:2
FNH:2
end_of_record
SF:tests/test_cli_dataset_simple_skip.py
DA:4,1
DA:5,1
DA:6,1
DA:8,1
DA:9,1
DA:10,1
DA:11,1
DA:13,1
DA:14,1
DA:15,1
DA:17,1
DA:20,1
DA:22,1
DA:23,1
DA:24,1
DA:25,1
DA:26,1
DA:27,1
DA:30,1
DA:32,1
DA:33,1
DA:34,1
DA:36,1
DA:38,1
DA:46,1
DA:51,1
DA:75,1
DA:79,1
DA:82,1
DA:85,1
DA:87,1
DA:88,1
DA:89,1
DA:91,1
DA:94,1
DA:102,1
DA:103,1
DA:105,1
DA:117,1
DA:118,1
DA:120,1
DA:122,1
DA:124,1
DA:125,1
DA:126,1
DA:128,1
DA:131,1
DA:134,1
DA:135,1
DA:137,1
DA:151,1
DA:152,1
DA:154,1
DA:156,1
DA:158,1
DA:159,1
DA:160,1
DA:162,1
DA:165,1
DA:168,1
DA:169,1
DA:171,1
DA:183,1
DA:184,1
DA:185,1
DA:187,1
DA:189,1
DA:190,1
DA:191,1
DA:193,1
DA:196,1
DA:199,1
DA:201,1
DA:213,1
DA:214,1
DA:217,1
DA:218,1
DA:219,1
DA:221,1
DA:223,1
DA:224,1
DA:225,1
DA:227,1
DA:230,1
DA:233,1
DA:235,1
DA:248,1
DA:249,1
DA:251,1
LF:89
LH:89
FN:20,27,_create_test_flac
FNDA:1,_create_test_flac
FN:30,79,_create_flex_dataset
FNDA:1,_create_flex_dataset
FN:85,120,TestSkipExisting.test_skips_if_matching_state
FNDA:1,TestSkipExisting.test_skips_if_matching_state
FN:122,154,TestSkipExisting.test_cleans_when_shard_size_differs
FNDA:1,TestSkipExisting.test_cleans_when_shard_size_differs
FN:156,185,TestSkipExisting.test_cleans_when_flex_terms_differ
FNDA:1,TestSkipExisting.test_cleans_when_flex_terms_differ
FN:187,219,TestSkipExisting.test_regenerates_if_incomplete
FNDA:1,TestSkipExisting.test_regenerates_if_incomplete
FN:221,251,TestSkipExisting.test_force_regenerates_matching_settings
FNDA:1,TestSkipExisting.test_force_regenerates_matching_settings
FNF:7
FNH:7
end_of_record
SF:tests/test_cli_dataset_state.py
DA:4,1
DA:5,1
DA:7,1
DA:18,1
DA:21,1
DA:23,1
DA:30,1
DA:31,1
DA:39,1
DA:41,1
DA:48,1
DA:49,1
DA:50,1
DA:51,1
DA:52,1
DA:54,1
DA:56,1
DA:57,1
DA:58,1
DA:59,1
DA:60,1
DA:61,1
DA:64,1
DA:67,1
DA:69,1
DA:71,1
DA:73,1
DA:80,1
DA:82,1
DA:83,1
DA:84,1
DA:85,1
DA:86,1
DA:88,1
DA:90,1
DA:91,1
DA:94,1
DA:97,1
DA:99,1
DA:100,1
DA:102,1
DA:104,1
DA:105,1
DA:108,1
DA:110,1
DA:112,1
DA:113,1
DA:120,1
DA:122,1
DA:124,1
DA:125,1
DA:132,1
DA:134,1
DA:136,1
DA:137,1
DA:144,1
DA:146,1
DA:148,1
DA:149,1
DA:156,1
DA:158,1
DA:160,1
DA:161,1
DA:168,1
DA:171,1
DA:174,1
DA:176,1
DA:177,1
DA:179,1
DA:181,1
DA:182,1
DA:183,1
DA:184,1
DA:185,1
DA:186,1
DA:188,1
DA:189,1
DA:190,1
DA:193,1
DA:196,1
DA:198,1
DA:199,1
DA:201,1
DA:203,1
DA:204,1
DA:205,1
DA:206,1
DA:207,1
DA:210,1
DA:213,1
DA:215,1
DA:216,1
DA:218,1
DA:220,1
DA:221,1
DA:223,1
DA:225,1
DA:226,1
DA:228,1
DA:230,1
DA:231,1
LF:101
LH:101
FN:21,37,TestDatasetState.test_to_dict
FNDA:1,TestDatasetState.test_to_dict
FN:39,52,TestDatasetState.test_from_dict
FNDA:1,TestDatasetState.test_from_dict
FN:54,61,TestDatasetState.test_from_dict_with_defaults
FNDA:1,TestDatasetState.test_from_dict_with_defaults
FN:67,69,TestLoadState.test_returns_none_if_no_index
FNDA:1,TestLoadState.test_returns_none_if_no_index
FN:71,86,TestLoadState.test_loads_valid_index
FNDA:1,TestLoadState.test_loads_valid_index
FN:88,91,TestLoadState.test_returns_none_for_invalid_json
FNDA:1,TestLoadState.test_returns_none_for_invalid_json
FN:97,100,TestCheckMatch.test_no_match_if_existing_none
FNDA:1,TestCheckMatch.test_no_match_if_existing_none
FN:102,108,TestCheckMatch.test_no_match_if_version_differs
FNDA:1,TestCheckMatch.test_no_match_if_version_differs
FN:110,120,TestCheckMatch.test_no_match_if_terms_differ
FNDA:1,TestCheckMatch.test_no_match_if_terms_differ
FN:122,132,TestCheckMatch.test_no_match_if_settings_differ
FNDA:1,TestCheckMatch.test_no_match_if_settings_differ
FN:134,144,TestCheckMatch.test_no_match_if_incomplete
FNDA:1,TestCheckMatch.test_no_match_if_incomplete
FN:146,156,TestCheckMatch.test_match_with_identical_settings
FNDA:1,TestCheckMatch.test_match_with_identical_settings
FN:158,168,TestCheckMatch.test_match_ignores_term_order
FNDA:1,TestCheckMatch.test_match_ignores_term_order
FN:174,177,TestCleanDataset.test_returns_zero_for_nonexistent
FNDA:1,TestCleanDataset.test_returns_zero_for_nonexistent
FN:179,190,TestCleanDataset.test_removes_all_files
FNDA:1,TestCleanDataset.test_removes_all_files
FN:196,207,TestSaveState.test_creates_directory_and_file
FNDA:1,TestSaveState.test_creates_directory_and_file
FN:213,216,TestMakeState.test_uses_current_schema_version
FNDA:1,TestMakeState.test_uses_current_schema_version
FN:218,221,TestMakeState.test_sorts_terms
FNDA:1,TestMakeState.test_sorts_terms
FN:223,226,TestMakeState.test_handles_none_terms
FNDA:1,TestMakeState.test_handles_none_terms
FN:228,231,TestMakeState.test_accepts_settings_kwargs
FNDA:1,TestMakeState.test_accepts_settings_kwargs
FNF:20
FNH:20
end_of_record
SF:tests/test_cli_dataset_state_protection.py
DA:4,1
DA:5,1
DA:6,1
DA:8,1
DA:10,1
DA:11,1
DA:13,1
DA:16,1
DA:19,1
DA:21,1
DA:22,1
DA:23,1
DA:24,1
DA:26,1
DA:27,1
DA:28,1
DA:30,1
DA:44,1
DA:45,1
DA:46,1
DA:48,1
DA:50,1
DA:51,1
DA:52,1
DA:53,1
DA:55,1
DA:56,1
DA:57,1
DA:59,1
DA:73,1
DA:74,1
DA:75,1
DA:77,1
DA:79,1
DA:80,1
DA:81,1
DA:82,1
DA:84,1
DA:85,1
DA:86,1
DA:88,1
DA:103,1
DA:104,1
DA:105,1
DA:108,1
DA:111,1
DA:113,1
DA:114,1
DA:115,1
DA:116,1
DA:118,1
DA:119,1
DA:120,1
DA:122,1
DA:136,1
DA:137,1
DA:138,1
DA:140,1
DA:142,1
DA:143,1
DA:144,1
DA:145,1
DA:147,1
DA:154,1
DA:155,1
DA:156,1
DA:158,1
DA:172,1
DA:173,1
DA:175,1
DA:176,1
LF:71
LH:71
FN:19,46,TestStateProtectionRaw.test_skips_when_matching_settings
FNDA:1,TestStateProtectionRaw.test_skips_when_matching_settings
FN:48,75,TestStateProtectionRaw.test_cleans_up_when_terms_differ
FNDA:1,TestStateProtectionRaw.test_cleans_up_when_terms_differ
FN:77,105,TestStateProtectionRaw.test_force_regenerates_matching_settings
FNDA:1,TestStateProtectionRaw.test_force_regenerates_matching_settings
FN:111,138,TestStateProtectionFlex.test_skips_when_matching_settings
FNDA:1,TestStateProtectionFlex.test_skips_when_matching_settings
FN:140,176,TestStateProtectionFlex.test_cleans_up_when_version_differs
FNDA:1,TestStateProtectionFlex.test_cleans_up_when_version_differs
FNF:5
FNH:5
end_of_record
SF:tests/test_cli_pipeline.py
DA:4,1
DA:5,1
DA:7,1
DA:8,1
DA:10,1
DA:11,1
DA:13,1
DA:16,1
DA:18,1
DA:21,1
DA:24,1
DA:26,1
DA:27,1
DA:28,1
DA:30,1
DA:32,1
DA:33,1
DA:34,1
DA:35,1
DA:36,1
DA:37,1
DA:38,1
DA:41,1
DA:44,1
DA:47,1
DA:60,1
DA:61,1
DA:62,1
DA:64,1
DA:66,1
DA:80,1
DA:81,1
DA:82,1
DA:85,1
DA:88,1
DA:90,1
DA:100,1
DA:101,1
DA:102,1
DA:104,1
DA:106,1
DA:118,1
DA:119,1
DA:121,1
DA:123,1
DA:133,1
DA:134,1
DA:137,1
DA:140,1
DA:142,1
DA:143,1
DA:145,1
DA:147,1
DA:148,1
DA:150,1
DA:152,1
DA:153,1
DA:155,1
DA:157,1
DA:158,1
DA:161,1
DA:164,1
DA:166,1
DA:167,1
DA:169,1
DA:171,1
DA:173,1
DA:175,1
DA:176,1
DA:178,1
DA:180,1
DA:181,1
DA:184,1
DA:187,1
DA:189,1
DA:190,1
DA:191,1
DA:192,1
DA:193,1
DA:195,1
DA:197,1
DA:198,1
DA:199,1
DA:200,1
DA:201,1
DA:204,1
DA:207,1
DA:209,1
DA:210,1
DA:211,1
DA:212,1
DA:216,1
DA:217,1
DA:218,1
DA:220,1
DA:222,1
DA:223,1
DA:224,1
DA:225,1
DA:229,1
DA:230,1
DA:231,1
DA:233,1
DA:235,1
DA:236,1
DA:237,1
DA:238,1
DA:242,1
DA:243,1
DA:244,1
DA:246,1
DA:248,1
DA:249,1
DA:250,1
DA:251,1
DA:255,1
DA:256,1
DA:257,1
LF:118
LH:118
FN:16,18,_strip_ansi
FNDA:1,_strip_ansi
FN:24,28,TestPipelineHelp.test_pipeline_help
FNDA:1,TestPipelineHelp.test_pipeline_help
FN:30,38,TestPipelineHelp.test_pipeline_run_help
FNDA:1,TestPipelineHelp.test_pipeline_run_help
FN:44,62,TestPipelineOptions.test_term_option_parsing
FNDA:1,TestPipelineOptions.test_term_option_parsing
FN:64,82,TestPipelineOptions.test_multiple_terms
FNDA:1,TestPipelineOptions.test_multiple_terms
FN:88,102,TestPipelineExecution.test_all_phases_skipped_succeeds
FNDA:1,TestPipelineExecution.test_all_phases_skipped_succeeds
FN:104,119,TestPipelineExecution.test_displays_term_info
FNDA:1,TestPipelineExecution.test_displays_term_info
FN:121,134,TestPipelineExecution.test_displays_all_terms_when_none_specified
FNDA:1,TestPipelineExecution.test_displays_all_terms_when_none_specified
FN:140,143,TestValidateTerm.test_valid_year
FNDA:1,TestValidateTerm.test_valid_year
FN:145,148,TestValidateTerm.test_invalid_non_numeric
FNDA:1,TestValidateTerm.test_invalid_non_numeric
FN:150,153,TestValidateTerm.test_invalid_too_short
FNDA:1,TestValidateTerm.test_invalid_too_short
FN:155,158,TestValidateTerm.test_invalid_too_long
FNDA:1,TestValidateTerm.test_invalid_too_long
FN:164,167,TestBuildTermArgs.test_no_terms
FNDA:1,TestBuildTermArgs.test_no_terms
FN:169,171,TestBuildTermArgs.test_single_term
FNDA:1,TestBuildTermArgs.test_single_term
FN:173,176,TestBuildTermArgs.test_multiple_terms
FNDA:1,TestBuildTermArgs.test_multiple_terms
FN:178,181,TestBuildTermArgs.test_rejects_invalid_terms
FNDA:1,TestBuildTermArgs.test_rejects_invalid_terms
FN:187,193,TestRunStep.test_successful_step
FNDA:1,TestRunStep.test_successful_step
FN:195,201,TestRunStep.test_failed_step
FNDA:1,TestRunStep.test_failed_step
FN:207,218,TestPipelineWithMockedSubprocess.test_scrape_phase_executes_steps
FNDA:1,TestPipelineWithMockedSubprocess.test_scrape_phase_executes_steps
FN:220,231,TestPipelineWithMockedSubprocess.test_process_phase_executes_steps
FNDA:1,TestPipelineWithMockedSubprocess.test_process_phase_executes_steps
FN:233,244,TestPipelineWithMockedSubprocess.test_dataset_phase_executes_steps
FNDA:1,TestPipelineWithMockedSubprocess.test_dataset_phase_executes_steps
FN:246,257,TestPipelineWithMockedSubprocess.test_failed_step_reports_error
FNDA:1,TestPipelineWithMockedSubprocess.test_failed_step_reports_error
FNF:22
FNH:22
end_of_record
SF:tests/test_cli_process.py
DA:4,1
DA:5,1
DA:6,1
DA:7,1
DA:9,1
DA:11,1
DA:12,1
DA:14,1
DA:17,1
DA:19,1
DA:22,1
DA:25,1
DA:27,1
DA:28,1
DA:30,1
DA:32,1
DA:33,1
DA:35,1
DA:37,1
DA:38,1
DA:41,1
DA:44,1
DA:46,1
DA:47,1
DA:48,1
DA:50,1
DA:52,1
DA:53,1
DA:54,1
DA:56,1
DA:68,1
DA:69,1
DA:72,1
DA:75,1
DA:77,1
DA:78,1
DA:79,1
DA:80,1
DA:82,1
DA:84,1
DA:85,1
DA:86,1
DA:88,1
DA:100,1
DA:101,1
DA:104,1
DA:107,1
DA:109,1
DA:110,1
DA:111,1
DA:112,1
DA:113,1
DA:115,1
DA:117,1
DA:118,1
DA:119,1
DA:120,1
DA:121,1
DA:124,1
DA:135,1
DA:137,1
DA:149,1
DA:150,1
DA:151,1
DA:153,1
DA:155,1
DA:156,1
DA:157,1
DA:159,1
DA:171,1
DA:172,1
DA:174,1
DA:176,1
DA:177,1
DA:178,1
DA:179,1
DA:180,1
DA:183,1
DA:186,1
DA:197,1
DA:199,1
DA:211,1
DA:212,1
DA:213,1
DA:215,1
DA:217,1
DA:218,1
DA:219,1
DA:220,1
DA:221,1
DA:224,1
DA:227,1
DA:238,1
DA:240,1
DA:254,1
DA:255,1
DA:256,1
LF:97
LH:97
FN:17,19,strip_ansi
FNDA:1,strip_ansi
FN:25,28,TestHelperFunctions.test_get_term_from_raw_with_term
FNDA:1,TestHelperFunctions.test_get_term_from_raw_with_term
FN:30,33,TestHelperFunctions.test_get_term_from_raw_no_term
FNDA:1,TestHelperFunctions.test_get_term_from_raw_no_term
FN:35,38,TestHelperFunctions.test_get_term_from_raw_empty_term
FNDA:1,TestHelperFunctions.test_get_term_from_raw_empty_term
FN:44,48,TestProcessIndex.test_process_index_help
FNDA:1,TestProcessIndex.test_process_index_help
FN:50,69,TestProcessIndex.test_process_index_empty_cache
FNDA:1,TestProcessIndex.test_process_index_empty_cache
[...]
DA:63,1
DA:64,1
DA:65,1
DA:67,1
DA:70,1
DA:72,1
DA:73,1
DA:74,1
DA:75,1
DA:77,1
DA:79,1
DA:80,1
DA:83,1
DA:88,1
DA:93,1
DA:98,1
DA:103,1
DA:106,1
DA:107,1
DA:109,1
DA:110,1
DA:112,1
DA:115,1
DA:117,1
DA:119,1
DA:120,1
DA:122,1
DA:123,1
DA:125,1
DA:126,1
DA:128,1
DA:133,1
DA:134,1
DA:135,1
DA:136,1
DA:138,1
DA:139,1
DA:146,1
DA:148,1
DA:149,1
DA:150,1
DA:153,1
DA:154,1
DA:155,1
DA:157,1
DA:158,1
DA:160,1
DA:161,1
DA:163,1
DA:165,1
DA:166,1
DA:176,1
DA:178,1
DA:179,1
DA:180,1
DA:182,1
DA:183,1
DA:185,1
DA:186,1
DA:188,1
DA:190,1
LF:94
LH:94
FN:18,26,TestParseS3Url.test_path_style_url
FNDA:1,TestParseS3Url.test_path_style_url
FN:28,33,TestParseS3Url.test_virtual_hosted_style_url
FNDA:1,TestParseS3Url.test_virtual_hosted_style_url
FN:35,38,TestParseS3Url.test_invalid_url_raises
FNDA:1,TestParseS3Url.test_invalid_url_raises
FN:44,54,TestS3Downloader.test_check_cache_returns_none_when_not_cached
FNDA:1,TestS3Downloader.test_check_cache_returns_none_when_not_cached
FN:56,75,TestS3Downloader.test_check_cache_returns_result_when_cached
FNDA:1,TestS3Downloader.test_check_cache_returns_result_when_cached
FN:77,100,TestS3Downloader.test_is_transient_failure
FNDA:1,TestS3Downloader.test_is_transient_failure
FN:107,120,TestS3DownloaderFetch.test_fetch_invalid_url
FNDA:1,TestS3DownloaderFetch.test_fetch_invalid_url
FN:123,155,TestS3DownloaderFetch.test_fetch_success
FNDA:1,TestS3DownloaderFetch.test_fetch_success
FN:158,180,TestS3DownloaderFetch.test_fetch_client_error
FNDA:1,TestS3DownloaderFetch.test_fetch_client_error
FN:183,190,TestS3DownloaderFetch.test_create_client
FNDA:1,TestS3DownloaderFetch.test_create_client
FNF:10
FNH:10
end_of_record
SF:tests/test_scrape_audio.py
DA:4,1
DA:5,1
DA:6,1
DA:7,1
DA:8,1
DA:10,1
DA:12,1
DA:13,1
DA:16,1
DA:18,1
DA:21,1
DA:24,1
DA:27,1
DA:29,1
DA:30,1
DA:31,1
DA:32,1
DA:34,1
DA:43,1
DA:45,1
DA:47,1
DA:48,1
DA:49,1
DA:50,1
DA:52,1
DA:54,1
DA:55,1
DA:56,1
DA:58,1
DA:59,1
DA:61,1
DA:63,1
DA:64,1
DA:66,1
DA:68,1
DA:69,1
DA:70,1
DA:71,1
DA:74,1
DA:81,1
DA:82,1
DA:84,1
DA:85,1
DA:88,1
DA:91,1
DA:93,1
DA:94,1
DA:95,1
DA:96,1
DA:97,1
DA:98,1
DA:100,1
DA:102,1
DA:103,1
DA:104,1
DA:105,1
DA:107,1
DA:119,1
DA:120,1
DA:122,1
DA:123,1
DA:124,1
DA:128,1
DA:129,1
DA:130,1
DA:131,1
DA:134,1
DA:140,1
DA:141,1
DA:143,1
DA:155,1
DA:156,1
DA:157,1
DA:158,1
LF:74
LH:74
FN:16,18,strip_ansi
FNDA:1,strip_ansi
FN:27,50,TestExtractAudioUrls.test_extracts_all_formats
FNDA:1,TestExtractAudioUrls.test_extracts_all_formats
FN:52,59,TestExtractAudioUrls.test_empty_directory
FNDA:1,TestExtractAudioUrls.test_empty_directory
FN:61,64,TestExtractAudioUrls.test_nonexistent_directory
FNDA:1,TestExtractAudioUrls.test_nonexistent_directory
FN:66,85,TestExtractAudioUrls.test_deduplicates_urls
FNDA:1,TestExtractAudioUrls.test_deduplicates_urls
FN:91,98,TestScrapeAudioCommand.test_help
FNDA:1,TestScrapeAudioCommand.test_help
FN:100,120,TestScrapeAudioCommand.test_empty_transcripts
FNDA:1,TestScrapeAudioCommand.test_empty_transcripts
FN:124,158,TestScrapeAudioCommand.test_fetches_urls
FNDA:1,TestScrapeAudioCommand.test_fetches_urls
FNF:8
FNH:8
end_of_record
SF:tests/test_scrape_transcripts.py
DA:4,1
DA:5,1
DA:6,1
DA:7,1
DA:8,1
DA:10,1
DA:12,1
DA:13,1
DA:15,1
DA:18,1
DA:20,1
DA:23,1
DA:26,1
DA:28,1
DA:29,1
DA:30,1
DA:31,1
DA:33,1
DA:40,1
DA:42,1
DA:43,1
DA:44,1
DA:46,1
DA:48,1
DA:49,1
DA:50,1
DA:51,1
DA:53,1
DA:59,1
DA:61,1
DA:62,1
DA:64,1
DA:66,1
DA:67,1
DA:68,1
DA:69,1
DA:71,1
DA:78,1
DA:80,1
DA:81,1
DA:82,1
DA:84,1
DA:86,1
DA:87,1
DA:88,1
DA:89,1
DA:91,1
DA:93,1
DA:94,1
DA:96,1
DA:97,1
DA:98,1
DA:99,1
DA:108,1
DA:110,1
DA:111,1
DA:112,1
DA:113,1
DA:115,1
DA:117,1
DA:118,1
DA:119,1
DA:120,1
DA:123,1
DA:124,1
DA:130,1
DA:132,1
DA:133,1
DA:136,1
DA:139,1
DA:141,1
DA:142,1
DA:143,1
DA:144,1
DA:145,1
DA:147,1
DA:149,1
DA:150,1
DA:151,1
DA:152,1
DA:154,1
DA:166,1
DA:167,1
DA:169,1
DA:171,1
DA:172,1
DA:173,1
DA:174,1
DA:175,1
DA:178,1
DA:186,1
DA:188,1
DA:191,1
DA:192,1
DA:194,1
DA:206,1
DA:208,1
DA:209,1
DA:210,1
LF:99
LH:99
FN:18,20,strip_ansi
FNDA:1,strip_ansi
FN:26,44,TestExtractMediaUrls.test_extracts_oral_arguments
FNDA:1,TestExtractMediaUrls.test_extracts_oral_arguments
FN:46,62,TestExtractMediaUrls.test_extracts_opinion_announcements
FNDA:1,TestExtractMediaUrls.test_extracts_opinion_announcements
FN:64,82,TestExtractMediaUrls.test_skips_unavailable
FNDA:1,TestExtractMediaUrls.test_skips_unavailable
FN:84,89,TestExtractMediaUrls.test_handles_empty_cases_dir
FNDA:1,TestExtractMediaUrls.test_handles_empty_cases_dir
FN:91,113,TestExtractMediaUrls.test_handles_multiple_terms
FNDA:1,TestExtractMediaUrls.test_handles_multiple_terms
FN:115,133,TestExtractMediaUrls.test_deduplicates_urls
FNDA:1,TestExtractMediaUrls.test_deduplicates_urls
FN:139,145,TestScrapeTranscriptsCommand.test_scrape_transcripts_help
FNDA:1,TestScrapeTranscriptsCommand.test_scrape_transcripts_help
FN:147,167,TestScrapeTranscriptsCommand.test_scrape_transcripts_empty_cases
FNDA:1,TestScrapeTranscriptsCommand.test_scrape_transcripts_empty_cases
FN:169,210,TestScrapeTranscriptsCommand.test_scrape_transcripts_fetches_urls
FNDA:1,TestScrapeTranscriptsCommand.test_scrape_transcripts_fetches_urls
FNF:10
FNH:10
end_of_record
SF:tests/test_speaker_models.py
DA:4,1
DA:14,1
DA:17,1
DA:19,1
DA:21,1
DA:23,1
DA:25,1
DA:27,1
DA:29,1
DA:31,1
DA:33,1
DA:35,1
DA:38,1
DA:41,1
DA:43,1
DA:47,1
DA:48,1
DA:49,1
DA:59,1
DA:60,1
DA:61,1
DA:62,1
DA:64,1
DA:66,1
DA:69,1
DA:70,1
DA:80,1
DA:81,1
DA:83,1
DA:85,1
DA:88,1
DA:89,1
DA:99,1
DA:100,1
DA:103,1
DA:106,1
DA:108,1
DA:114,1
DA:115,1
DA:116,1
DA:117,1
DA:118,1
DA:121,1
DA:124,1
DA:126,1
DA:135,1
DA:136,1
DA:137,1
DA:138,1
DA:139,1
DA:140,1
DA:141,1
DA:142,1
LF:53
LH:53
FN:17,19,TestSlugifyName.test_simple_name
FNDA:1,TestSlugifyName.test_simple_name
FN:21,23,TestSlugifyName.test_name_with_suffix
FNDA:1,TestSlugifyName.test_name_with_suffix
FN:25,27,TestSlugifyName.test_name_with_special_chars
FNDA:1,TestSlugifyName.test_name_with_special_chars
FN:29,31,TestSlugifyName.test_multiple_spaces
FNDA:1,TestSlugifyName.test_multiple_spaces
FN:33,35,TestSlugifyName.test_empty_name
FNDA:1,TestSlugifyName.test_empty_name
FN:41,62,TestAutoRoleDetection.test_justice_detection_many_cases_many_terms
FNDA:1,TestAutoRoleDetection.test_justice_detection_many_cases_many_terms
FN:64,81,TestAutoRoleDetection.test_other_detection_few_cases
FNDA:1,TestAutoRoleDetection.test_other_detection_few_cases
FN:83,100,TestAutoRoleDetection.test_other_detection_many_cases_one_term
FNDA:1,TestAutoRoleDetection.test_other_detection_many_cases_one_term
FN:106,118,TestTermStats.test_to_dict
FNDA:1,TestTermStats.test_to_dict
FN:124,142,TestRecordingAppearance.test_to_dict
FNDA:1,TestRecordingAppearance.test_to_dict
FNF:10
FNH:10
end_of_record
SF:tests/test_speaker_profile.py
DA:4,1
DA:5,1
DA:7,1
DA:10,1
DA:13,1
DA:15,1
DA:16,1
DA:17,1
DA:18,1
DA:19,1
DA:20,1
DA:21,1
DA:23,1
DA:25,1
DA:26,1
DA:35,1
DA:36,1
DA:37,1
DA:39,1
DA:41,1
DA:42,1
DA:51,1
DA:60,1
DA:61,1
DA:62,1
DA:63,1
DA:64,1
DA:65,1
DA:66,1
DA:68,1
DA:70,1
DA:71,1
DA:80,1
DA:89,1
DA:90,1
DA:91,1
DA:92,1
DA:93,1
DA:95,1
DA:97,1
DA:98,1
DA:99,1
DA:100,1
DA:102,1
DA:103,1
DA:105,1
DA:107,1
DA:108,1
DA:117,1
DA:118,1
DA:120,1
DA:121,1
DA:122,1
DA:123,1
DA:124,1
DA:125,1
DA:126,1
DA:127,1
DA:128,1
DA:129,1
DA:130,1
DA:132,1
DA:134,1
DA:135,1
DA:145,1
DA:146,1
DA:147,1
DA:149,1
DA:150,1
DA:151,1
DA:153,1
DA:155,1
DA:158,1
DA:159,1
DA:160,1
DA:170,1
DA:171,1
DA:172,1
DA:174,1
DA:175,1
DA:176,1
DA:178,1
DA:180,1
DA:181,1
LF:84
LH:84
FN:13,21,TestSpeakerProfile.test_create_empty
FNDA:1,TestSpeakerProfile.test_create_empty
FN:23,37,TestSpeakerProfile.test_add_appearance
FNDA:1,TestSpeakerProfile.test_add_appearance
FN:39,66,TestSpeakerProfile.test_totals_aggregation
FNDA:1,TestSpeakerProfile.test_totals_aggregation
FN:68,93,TestSpeakerProfile.test_by_term_aggregation
FNDA:1,TestSpeakerProfile.test_by_term_aggregation
FN:95,103,TestSpeakerProfile.test_first_last_appearance
FNDA:1,TestSpeakerProfile.test_first_last_appearance
FN:105,130,TestSpeakerProfile.test_to_dict
FNDA:1,TestSpeakerProfile.test_to_dict
FN:132,151,TestSpeakerProfile.test_save_to_other_subdir
FNDA:1,TestSpeakerProfile.test_save_to_other_subdir
FN:153,176,TestSpeakerProfile.test_save_to_justices_subdir
FNDA:1,TestSpeakerProfile.test_save_to_justices_subdir
FN:178,181,TestSpeakerProfile.test_get_filename
FNDA:1,TestSpeakerProfile.test_get_filename
FNF:9
FNH:9
end_of_record
SF:tests/test_term_filter.py
DA:4,1
DA:6,1
DA:9,1
DA:12,1
DA:14,1
DA:15,1
DA:16,1
DA:18,1
DA:20,1
DA:21,1
DA:22,1
DA:24,1
DA:26,1
DA:27,1
DA:28,1
DA:30,1
DA:32,1
DA:33,1
DA:34,1
DA:36,1
DA:38,1
DA:39,1
DA:40,1
DA:42,1
DA:44,1
DA:45,1
DA:46,1
DA:48,1
DA:50,1
DA:51,1
DA:52,1
DA:54,1
DA:56,1
DA:57,1
DA:58,1
DA:61,1
DA:64,1
DA:67,1
DA:68,1
DA:69,1
DA:70,1
DA:72,1
DA:73,1
DA:74,1
DA:75,1
DA:77,1
DA:79,1
DA:80,1
DA:82,1
DA:83,1
DA:84,1
LF:51
LH:51
FN:12,16,TestFilterByTerms.test_returns_all_when_terms_none
FNDA:1,TestFilterByTerms.test_returns_all_when_terms_none
FN:18,22,TestFilterByTerms.test_returns_all_when_terms_empty
FNDA:1,TestFilterByTerms.test_returns_all_when_terms_empty
FN:24,28,TestFilterByTerms.test_filters_single_term
FNDA:1,TestFilterByTerms.test_filters_single_term
FN:30,34,TestFilterByTerms.test_filters_multiple_terms
FNDA:1,TestFilterByTerms.test_filters_multiple_terms
FN:36,40,TestFilterByTerms.test_preserves_order
FNDA:1,TestFilterByTerms.test_preserves_order
FN:42,46,TestFilterByTerms.test_handles_no_matches
FNDA:1,TestFilterByTerms.test_handles_no_matches
FN:48,52,TestFilterByTerms.test_works_with_dicts
FNDA:1,TestFilterByTerms.test_works_with_dicts
FN:54,58,TestFilterByTerms.test_works_with_paths
FNDA:1,TestFilterByTerms.test_works_with_paths
FN:64,75,TestFilterDirs.test_filters_directories_by_term
FNDA:1,TestFilterDirs.test_filters_directories_by_term
FN:77,84,TestFilterDirs.test_returns_all_when_none
FNDA:1,TestFilterDirs.test_returns_all_when_none
FNF:10
FNH:10
end_of_record
SF:tests/test_transcript_models.py
DA:4,1
DA:5,1
DA:6,1
DA:7,1
DA:9,1
DA:15,1
DA:19,1
DA:27,1
DA:29,1
DA:37,1
DA:40,1
DA:42,1
DA:43,1
DA:44,1
DA:45,1
DA:47,1
DA:57,1
DA:59,1
DA:61,1
DA:62,1
DA:63,1
DA:64,1
DA:66,1
DA:68,1
DA:69,1
DA:70,1
DA:73,1
DA:76,1
DA:78,1
DA:107,1
DA:109,1
DA:110,1
DA:111,1
DA:112,1
DA:113,1
DA:114,1
DA:115,1
DA:116,1
DA:118,1
DA:120,1
DA:121,1
DA:123,1
DA:124,1
DA:125,1
DA:127,1
DA:129,1
DA:149,1
DA:151,1
DA:152,1
DA:153,1
DA:154,1
DA:156,1
DA:158,1
DA:159,1
DA:164,1
DA:166,1
DA:167,1
DA:168,1
DA:170,1
DA:172,1
DA:173,1
DA:174,1
DA:175,1
DA:176,1
DA:177,1
DA:178,1
DA:179,1
DA:181,1
DA:183,1
DA:189,1
DA:190,1
DA:191,1
DA:193,1
DA:195,1
DA:196,1
DA:197,1
DA:198,1
DA:199,1
DA:200,1
DA:201,1
DA:203,1
DA:206,1
DA:210,1
DA:212,1
DA:213,1
DA:216,1
DA:217,1
LF:87
LH:87
FN:15,24,_turn
FNDA:1,_turn
FN:27,34,_raw
FNDA:1,_raw
FN:40,64,TestBuildCaseMap.test_builds_map_from_cases
FNDA:1,TestBuildCaseMap.test_builds_map_from_cases
FN:66,70,TestBuildCaseMap.test_empty_cases_dir
FNDA:1,TestBuildCaseMap.test_empty_cases_dir
FN:76,116,TestProcessedTranscript.test_from_raw
FNDA:1,TestProcessedTranscript.test_from_raw
FN:118,125,TestProcessedTranscript.test_overlap_detection
FNDA:1,TestProcessedTranscript.test_overlap_detection
FN:127,154,TestProcessedTranscript.test_speaker_stats
FNDA:1,TestProcessedTranscript.test_speaker_stats
FN:156,168,TestProcessedTranscript.test_audio_urls_extracted
FNDA:1,TestProcessedTranscript.test_audio_urls_extracted
FN:170,179,TestProcessedTranscript.test_save_creates_file
FNDA:1,TestProcessedTranscript.test_save_creates_file
FN:181,191,TestProcessedTranscript.test_null_transcript
FNDA:1,TestProcessedTranscript.test_null_transcript
FN:193,201,TestProcessedTranscript.test_save_with_source_path
FNDA:1,TestProcessedTranscript.test_save_with_source_path
FN:203,217,TestProcessedTranscript.test_too_long_ratio_marks_invalid
FNDA:1,TestProcessedTranscript.test_too_long_ratio_marks_invalid
FNF:12
FNH:12
end_of_record
SF:tests/test_traverser.py
DA:4,1
DA:5,1
DA:6,1
DA:8,1
DA:10,1
DA:11,1
DA:14,1
DA:17,1
DA:19,1
DA:20,1
DA:21,1
DA:22,1
DA:23,1
DA:24,1
DA:25,1
DA:26,1
DA:27,1
DA:29,1
DA:31,1
DA:32,1
DA:33,1
DA:35,1
DA:36,1
DA:38,1
DA:39,1
DA:40,1
DA:41,1
DA:42,1
DA:44,1
DA:46,1
DA:47,1
DA:48,1
DA:52,1
DA:53,1
DA:54,1
DA:56,1
DA:57,1
DA:59,1
DA:60,1
DA:61,1
DA:63,1
DA:64,1
DA:68,1
DA:69,1
DA:70,1
DA:72,1
DA:73,1
DA:75,1
DA:76,1
DA:77,1
DA:79,1
DA:80,1
DA:82,1
DA:83,1
DA:84,1
DA:86,1
DA:87,1
DA:89,1
DA:90,1
DA:91,1
DA:92,1
DA:93,1
DA:95,1
DA:97,1
DA:98,1
DA:99,1
DA:103,1
DA:104,1
DA:105,1
DA:106,1
DA:107,1
LF:71
LH:71
FN:17,27,TestOyezCasesTraverser.test_build_url
FNDA:1,TestOyezCasesTraverser.test_build_url
FN:29,33,TestOyezCasesTraverser.test_is_empty_result
FNDA:1,TestOyezCasesTraverser.test_is_empty_result
FN:36,54,TestOyezCasesTraverser.test_traverse_stops_on_empty
FNDA:1,TestOyezCasesTraverser.test_traverse_stops_on_empty
FN:44,50,TestOyezCasesTraverser.test_traverse_stops_on_empty.mock_fetch_one
FNDA:1,TestOyezCasesTraverser.test_traverse_stops_on_empty.mock_fetch_one
FN:57,70,TestOyezCasesTraverser.test_traverse_respects_max_pages
FNDA:1,TestOyezCasesTraverser.test_traverse_respects_max_pages
FN:63,66,TestOyezCasesTraverser.test_traverse_respects_max_pages.mock_fetch_one
FNDA:1,TestOyezCasesTraverser.test_traverse_respects_max_pages.mock_fetch_one
FN:73,84,TestOyezCasesTraverser.test_traverse_stops_on_error
FNDA:1,TestOyezCasesTraverser.test_traverse_stops_on_error
FN:79,80,TestOyezCasesTraverser.test_traverse_stops_on_error.mock_fetch_one
FNDA:1,TestOyezCasesTraverser.test_traverse_stops_on_error.mock_fetch_one
FN:87,107,TestOyezCasesTraverser.test_fetch_all_combines_results
FNDA:1,TestOyezCasesTraverser.test_fetch_all_combines_results
FN:95,101,TestOyezCasesTraverser.test_fetch_all_combines_results.mock_fetch_one
FNDA:1,TestOyezCasesTraverser.test_fetch_all_combines_results.mock_fetch_one
FNF:10
FNH:10
end_of_record
SF:tests/test_utterance_filter.py
DA:4,1
DA:9,1
DA:18,1
DA:30,1
DA:33,1
DA:35,1
DA:36,1
DA:37,1
DA:38,1
DA:40,1
DA:42,1
DA:46,1
DA:47,1
DA:48,1
DA:50,1
DA:52,1
DA:58,1
DA:59,1
DA:60,1
DA:62,1
DA:64,1
DA:70,1
DA:71,1
DA:72,1
DA:74,1
DA:76,1
DA:82,1
DA:83,1
DA:84,1
DA:86,1
DA:88,1
DA:94,1
DA:95,1
DA:96,1
DA:98,1
DA:100,1
DA:104,1
DA:105,1
DA:106,1
DA:108,1
DA:110,1
DA:115,1
DA:116,1
DA:117,1
DA:119,1
DA:121,1
DA:125,1
DA:126,1
DA:127,1
DA:129,1
DA:131,1
DA:135,1
DA:136,1
DA:137,1
DA:139,1
DA:141,1
DA:147,1
DA:148,1
DA:149,1
DA:151,1
DA:153,1
DA:158,1
DA:159,1
DA:160,1
DA:161,1
DA:162,1
LF:66
LH:66
FN:9,27,make_utterance
FNDA:1,make_utterance
FN:33,38,TestFilterUtterances.test_empty_list
FNDA:1,TestFilterUtterances.test_empty_list
FN:40,48,TestFilterUtterances.test_valid_utterances_pass
FNDA:1,TestFilterUtterances.test_valid_utterances_pass
FN:50,60,TestFilterUtterances.test_invalid_timestamps_filtered
FNDA:1,TestFilterUtterances.test_invalid_timestamps_filtered
FN:62,72,TestFilterUtterances.test_abnormal_wpm_low_filtered
FNDA:1,TestFilterUtterances.test_abnormal_wpm_low_filtered
FN:74,84,TestFilterUtterances.test_abnormal_wpm_high_filtered
FNDA:1,TestFilterUtterances.test_abnormal_wpm_high_filtered
FN:86,96,TestFilterUtterances.test_short_utterance_wpm_not_checked
FNDA:1,TestFilterUtterances.test_short_utterance_wpm_not_checked
FN:98,106,TestFilterUtterances.test_overlapping_filtered
FNDA:1,TestFilterUtterances.test_overlapping_filtered
FN:108,117,TestFilterUtterances.test_small_overlap_allowed
FNDA:1,TestFilterUtterances.test_small_overlap_allowed
FN:119,127,TestFilterUtterances.test_too_long_ratio_filtered
FNDA:1,TestFilterUtterances.test_too_long_ratio_filtered
FN:129,137,TestFilterUtterances.test_reasonable_ratio_allowed
FNDA:1,TestFilterUtterances.test_reasonable_ratio_allowed
FN:139,149,TestFilterUtterances.test_different_recordings_not_overlap
FNDA:1,TestFilterUtterances.test_different_recordings_not_overlap
FN:151,162,TestFilterUtterances.test_stats_correct
FNDA:1,TestFilterUtterances.test_stats_correct
FNF:13
FNH:13
end_of_record
SF:tests/test_worker_pool.py
DA:4,1
DA:5,1
DA:6,1
DA:7,1
DA:8,1
DA:10,1
DA:11,1
DA:13,1
DA:14,1
DA:19,1
DA:22,1
DA:24,1
DA:25,1
DA:26,1
DA:27,1
DA:28,1
DA:29,1
DA:30,1
DA:33,1
DA:36,1
DA:37,1
DA:39,1
DA:40,1
DA:41,1
DA:42,1
DA:43,1
DA:44,1
DA:46,1
DA:47,1
DA:48,1
DA:50,1
DA:56,1
DA:57,1
DA:66,1
DA:67,1
DA:68,1
DA:69,1
DA:71,1
DA:72,1
DA:74,1
DA:75,1
DA:76,1
DA:77,1
DA:78,1
DA:79,1
DA:80,1
DA:82,1
DA:83,1
DA:87,1
DA:89,1
DA:90,1
DA:92,1
DA:93,1
DA:94,1
DA:95,1
DA:96,1
DA:97,1
DA:99,1
DA:100,1
DA:101,1
DA:103,1
DA:109,1
DA:110,1
DA:119,1
DA:121,1
DA:122,1
DA:124,1
DA:125,1
DA:126,1
DA:127,1
DA:128,1
DA:129,1
DA:131,1
DA:132,1
DA:134,1
DA:140,1
DA:141,1
DA:150,1
DA:151,1
DA:152,1
DA:155,1
DA:158,1
DA:159,1
DA:161,1
DA:162,1
DA:163,1
DA:164,1
DA:165,1
DA:166,1
DA:167,1
DA:168,1
DA:170,1
DA:171,1
DA:173,1
DA:174,1
DA:175,1
DA:177,1
DA:183,1
DA:184,1
DA:185,1
DA:187,1
DA:188,1
DA:190,1
DA:191,1
DA:192,1
DA:193,1
DA:195,1
DA:196,1
LF:108
LH:108
FN:22,30,_make_mock_response
FNDA:1,_make_mock_response
FN:37,69,TestWorkerCoroutine.test_worker_fetches_from_queue
FNDA:1,TestWorkerCoroutine.test_worker_fetches_from_queue
FN:72,87,TestWorkerCoroutine.test_worker_handles_shutdown_event
FNDA:1,TestWorkerCoroutine.test_worker_handles_shutdown_event
FN:90,119,TestWorkerCoroutine.test_worker_processes_multiple_requests
FNDA:1,TestWorkerCoroutine.test_worker_processes_multiple_requests
FN:122,152,TestWorkerCoroutine.test_worker_reports_failures
FNDA:1,TestWorkerCoroutine.test_worker_reports_failures
FN:159,168,TestWorkerPool.test_spawn_workers
FNDA:1,TestWorkerPool.test_spawn_workers
FN:171,196,TestWorkerPool.test_workers_process_requests
FNDA:1,TestWorkerPool.test_workers_process_requests
FNF:7
FNH:7
end_of_record
SF:tests/test_worker_scaling.py
DA:4,1
DA:5,1
DA:6,1
DA:7,1
DA:9,1
DA:10,1
DA:12,1
DA:13,1
DA:14,1
DA:16,1
DA:19,1
DA:21,1
DA:22,1
DA:23,1
DA:24,1
DA:25,1
DA:26,1
DA:27,1
DA:30,1
DA:33,1
DA:34,1
DA:36,1
DA:37,1
DA:39,1
DA:40,1
DA:43,1
DA:44,1
DA:47,1
DA:48,1
DA:51,1
DA:55,1
DA:57,1
DA:58,1
DA:60,1
DA:61,1
DA:63,1
DA:64,1
DA:66,1
DA:67,1
DA:70,1
DA:73,1
DA:76,1
DA:77,1
DA:80,1
DA:84,1
DA:85,1
DA:88,1
DA:89,1
DA:90,1
DA:92,1
DA:93,1
DA:95,1
DA:96,1
DA:98,1
DA:99,1
DA:102,1
DA:103,1
DA:106,1
DA:107,1
DA:108,1
DA:112,1
DA:113,1
DA:115,1
DA:116,1
DA:118,1
DA:119,1
DA:121,1
DA:122,1
DA:126,1
DA:127,1
DA:130,1
DA:131,1
DA:134,1
DA:135,1
DA:139,1
DA:143,1
DA:144,1
DA:146,1
DA:147,1
DA:149,1
DA:150,1
DA:152,1
DA:153,1
DA:156,1
DA:159,1
DA:160,1
DA:163,1
DA:167,1
DA:168,1
DA:171,1
DA:172,1
DA:175,1
DA:178,1
DA:179,1
DA:181,1
DA:182,1
DA:183,1
DA:185,1
DA:191,1
DA:193,1
DA:194,1
DA:196,1
DA:197,1
DA:199,1
DA:200,1
DA:201,1
DA:202,1
DA:204,1
DA:205,1
DA:206,1
DA:208,1
DA:214,1
DA:216,1
DA:217,1
DA:218,1
DA:220,1
DA:221,1
DA:223,1
DA:224,1
DA:225,1
DA:227,1
DA:233,1
DA:234,1
DA:235,1
DA:237,1
DA:238,1
DA:239,1
DA:241,1
LF:128
LH:128
FN:19,27,_make_mock_response
FNDA:1,_make_mock_response
FN:34,58,TestRateBasedScaling.test_scale_up_when_rate_improves_enough
FNDA:1,TestRateBasedScaling.test_scale_up_when_rate_improves_enough
FN:61,90,TestRateBasedScaling.test_no_scale_up_when_rate_improves_below_threshold
FNDA:1,TestRateBasedScaling.test_no_scale_up_when_rate_improves_below_threshold
FN:93,116,TestRateBasedScaling.test_scaling_locked_persists
FNDA:1,TestRateBasedScaling.test_scaling_locked_persists
FN:119,144,TestRateBasedScaling.test_errors_do_not_trigger_scale_down
FNDA:1,TestRateBasedScaling.test_errors_do_not_trigger_scale_down
FN:147,172,TestRateBasedScaling.test_scale_up_requires_min_samples
FNDA:1,TestRateBasedScaling.test_scale_up_requires_min_samples
FN:179,194,TestIntegration.test_fetch_batch_with_workers
FNDA:1,TestIntegration.test_fetch_batch_with_workers
FN:197,218,TestIntegration.test_fetch_batch_with_progress
FNDA:1,TestIntegration.test_fetch_batch_with_progress
FN:204,206,TestIntegration.test_fetch_batch_with_progress.on_progress
FNDA:1,TestIntegration.test_fetch_batch_with_progress.on_progress
FN:221,241,TestIntegration.test_fetch_batch_caches_results
FNDA:1,TestIntegration.test_fetch_batch_caches_results
FNF:10
FNH:10
end_of_record
