SF:src/oyez_sa_asr/__about__.py
DA:3,1
LF:1
LH:1
end_of_record
SF:src/oyez_sa_asr/__main__.py
DA:3,1
DA:5,1
DA:6,0
LF:3
LH:2
end_of_record
SF:src/oyez_sa_asr/_example.py
DA:4,1
DA:6,1
LF:2
LH:2
FN:4,6,example
FNDA:1,example
FNF:1
FNH:1
end_of_record
SF:src/oyez_sa_asr/audio_analysis.py
DA:12,1
DA:14,1
DA:15,1
DA:18,1
DA:19,1
DA:20,1
DA:23,1
DA:40,1
DA:41,1
DA:43,1
DA:44,1
DA:46,1
DA:47,1
DA:49,1
DA:52,1
DA:55,1
DA:56,1
DA:57,1
DA:59,1
DA:62,1
DA:77,1
DA:78,1
DA:80,1
DA:81,1
DA:82,1
DA:84,1
DA:85,1
DA:88,1
DA:111,1
DA:114,1
DA:117,1
DA:118,1
DA:127,1
DA:128,1
DA:131,1
DA:132,1
DA:141,1
LF:37
LH:37
FN:23,59,compute_frame_energies
FNDA:1,compute_frame_energies
FN:62,85,compute_energy_cv
FNDA:1,compute_energy_cv
FN:88,147,detect_anomalies
FNDA:1,detect_anomalies
FNF:3
FNH:3
end_of_record
SF:src/oyez_sa_asr/audio_segment.py
DA:14,1
DA:15,1
DA:16,1
DA:18,1
DA:19,1
DA:20,1
DA:22,1
DA:25,1
DA:41,1
DA:42,1
DA:44,1
DA:45,1
DA:52,1
DA:54,1
DA:57,1
DA:87,1
DA:88,1
DA:90,1
DA:91,1
DA:93,1
DA:95,1
DA:96,0
DA:97,0
DA:99,1
DA:100,1
DA:101,1
DA:102,1
DA:104,1
DA:107,1
DA:108,1
DA:109,1
DA:110,1
DA:113,1
DA:114,1
DA:117,1
DA:118,1
DA:120,1
DA:121,1
DA:124,1
DA:125,1
DA:128,1
DA:129,1
DA:131,1
DA:133,1
DA:135,1
DA:138,1
DA:139,1
DA:140,1
DA:143,1
DA:148,1
DA:149,1
DA:151,1
DA:152,1
DA:153,1
DA:156,1
DA:159,1
DA:162,1
DA:163,1
DA:166,1
DA:167,1
DA:170,0
DA:172,1
DA:174,1
DA:177,1
DA:198,1
DA:199,1
DA:200,1
DA:202,1
DA:203,1
DA:206,1
DA:207,1
DA:210,1
DA:213,1
DA:216,1
DA:234,1
DA:235,1
DA:240,1
DA:269,1
DA:270,1
DA:273,1
DA:274,1
DA:277,1
DA:280,1
DA:281,1
DA:282,1
DA:285,1
DA:288,1
DA:289,1
DA:291,1
LF:89
LH:86
FN:25,54,_encode_flac
FNDA:1,_encode_flac
FN:57,174,extract_segments_streaming
FNDA:1,extract_segments_streaming
FN:177,213,extract_segment_from_array
FNDA:1,extract_segment_from_array
FN:216,237,extract_segment
FNDA:1,extract_segment
FN:240,291,extract_segments_batch
FNDA:1,extract_segments_batch
FNF:5
FNH:5
end_of_record
SF:src/oyez_sa_asr/audio_source.py
DA:4,1
DA:5,1
DA:6,1
DA:8,1
DA:11,1
DA:20,1
DA:27,1
DA:41,1
DA:42,1
DA:43,1
DA:46,1
DA:47,1
DA:48,1
DA:49,1
DA:51,1
DA:54,1
DA:56,1
DA:57,1
DA:60,1
DA:66,1
DA:67,1
DA:68,1
DA:69,1
DA:70,1
DA:71,1
DA:72,1
DA:75,1
DA:77,1
DA:78,1
DA:79,1
DA:80,1
DA:83,1
DA:85,1
DA:86,1
DA:87,1
DA:88,1
DA:89,1
DA:90,1
DA:93,1
DA:94,1
DA:97,1
DA:98,1
DA:99,1
DA:100,1
DA:101,1
DA:104,1
DA:113,1
DA:114,1
DA:116,1
DA:117,1
DA:118,1
DA:119,1
DA:120,1
DA:121,0
DA:122,1
DA:125,1
DA:126,1
DA:128,1
DA:129,1
DA:131,1
DA:132,1
DA:134,1
DA:135,1
DA:137,1
DA:139,1
LF:65
LH:64
FN:27,51,parse_transcript_type_from_recording_id
FNDA:1,parse_transcript_type_from_recording_id
FN:54,57,get_recording_id
FNDA:1,get_recording_id
FN:60,72,get_preferred_format
FNDA:1,get_preferred_format
FN:75,80,get_source_era
FNDA:1,get_source_era
FN:83,90,extract_term_docket
FNDA:1,extract_term_docket
FN:104,139,find_audio_sources
FNDA:1,find_audio_sources
FNF:6
FNH:6
end_of_record
SF:src/oyez_sa_asr/audio_utils.py
DA:11,1
DA:12,1
DA:14,1
DA:15,1
DA:16,1
DA:19,1
DA:22,1
DA:23,1
DA:24,1
DA:27,1
DA:30,1
DA:31,1
DA:32,1
DA:33,1
DA:34,1
DA:35,1
DA:38,1
DA:49,1
DA:50,1
DA:52,1
DA:53,1
DA:55,1
DA:56,1
DA:57,1
DA:59,1
DA:61,1
DA:63,1
DA:74,1
DA:81,1
DA:83,1
DA:84,1
DA:85,1
DA:86,1
DA:87,1
DA:88,1
DA:89,1
DA:92,1
DA:94,1
DA:95,1
DA:96,1
DA:97,1
DA:98,1
DA:101,1
DA:119,1
DA:121,1
DA:122,1
DA:123,1
DA:124,1
DA:125,1
DA:128,1
DA:130,1
DA:133,1
DA:134,1
DA:137,1
DA:138,1
DA:141,1
DA:142,1
DA:143,1
DA:144,1
DA:147,1
DA:148,1
DA:151,1
DA:152,1
DA:153,1
DA:155,1
DA:156,1
DA:157,1
DA:159,1
DA:160,0
DA:162,1
DA:165,1
DA:183,1
DA:184,1
DA:185,1
DA:188,1
DA:189,1
DA:191,1
DA:192,1
DA:193,1
DA:195,1
DA:196,1
DA:198,1
DA:199,1
DA:201,1
DA:202,1
DA:203,1
DA:205,1
DA:206,1
DA:207,1
DA:208,1
DA:213,1
DA:215,1
DA:216,1
DA:217,1
DA:219,1
DA:220,1
DA:223,1
DA:227,1
DA:228,1
DA:229,1
DA:230,1
DA:231,1
DA:232,1
DA:234,1
DA:235,1
LF:105
LH:104
FN:38,70,get_audio_metadata
FNDA:1,get_audio_metadata
FN:81,89,_get_codec_config
FNDA:1,_get_codec_config
FN:92,98,_normalize_audio
FNDA:1,_normalize_audio
FN:101,162,load_audio
FNDA:1,load_audio
FN:165,220,save_audio
FNDA:1,save_audio
FN:223,235,_write_frame_data
FNDA:1,_write_frame_data
FNF:6
FNH:6
end_of_record
SF:src/oyez_sa_asr/cli.py
DA:4,1
DA:5,1
DA:7,1
DA:8,1
DA:9,1
DA:10,1
DA:11,1
DA:12,1
DA:13,1
DA:14,1
DA:16,1
DA:17,1
DA:19,1
DA:20,1
DA:21,1
DA:22,1
DA:23,1
DA:24,1
DA:25,1
DA:28,1
DA:29,1
DA:31,1
DA:32,1
DA:33,1
DA:36,1
DA:37,0
LF:26
LH:25
FN:29,33,main
FNDA:1,main
FNF:1
FNH:1
end_of_record
SF:src/oyez_sa_asr/cli_clear.py
DA:4,1
DA:5,1
DA:6,1
DA:7,1
DA:9,1
DA:10,1
DA:12,1
DA:13,1
DA:16,1
DA:17,1
DA:20,1
DA:21,1
DA:22,1
DA:26,1
DA:36,1
DA:41,1
DA:43,1
DA:44,1
DA:45,1
DA:47,1
DA:48,1
DA:49,1
DA:50,1
DA:53,1
DA:56,1
DA:57,1
DA:77,1
DA:78,1
DA:79,1
DA:80,1
DA:82,1
DA:83,1
DA:84,1
DA:85,1
DA:86,1
DA:88,1
DA:89,1
DA:90,1
DA:92,1
DA:93,1
DA:95,1
DA:98,1
DA:101,1
DA:102,1
DA:118,1
DA:119,1
DA:120,1
DA:122,1
DA:123,1
DA:124,1
DA:125,1
DA:126,1
DA:128,1
DA:130,1
DA:131,1
DA:133,1
DA:136,1
DA:138,1
DA:139,1
DA:141,1
DA:144,1
DA:147,1
DA:148,1
DA:164,1
DA:165,1
DA:166,1
DA:168,1
DA:169,1
DA:170,1
DA:171,1
DA:172,1
DA:174,1
DA:176,1
DA:177,1
DA:179,1
DA:183,1
DA:184,1
DA:187,1
DA:188,1
LF:79
LH:79
FN:41,50,_clear_directory
FNDA:1,_clear_directory
FN:53,95,_make_clear_with_data
FNDA:1,_make_clear_with_data
FN:57,93,_make_clear_with_data.cmd
FNDA:1,_make_clear_with_data.cmd
FN:98,133,_make_clear_cache_only
FNDA:1,_make_clear_cache_only
FN:102,131,_make_clear_cache_only.cmd
FNDA:1,_make_clear_cache_only.cmd
FN:136,141,_create_clear_command
FNDA:1,_create_clear_command
FN:144,179,_make_clear_data_only
FNDA:1,_make_clear_data_only
FN:148,177,_make_clear_data_only.cmd
FNDA:1,_make_clear_data_only.cmd
FNF:8
FNH:8
end_of_record
SF:src/oyez_sa_asr/cli_dataset.py
DA:4,1
DA:5,1
DA:7,1
DA:8,1
DA:10,1
DA:20,1
DA:21,1
DA:28,1
DA:30,1
DA:31,1
DA:34,1
DA:37,1
DA:38,1
DA:39,1
DA:42,1
DA:43,1
DA:62,1
DA:63,1
DA:64,1
DA:65,1
DA:66,1
DA:67,1
DA:70,1
DA:71,1
DA:73,1
DA:74,1
DA:77,1
DA:78,1
DA:80,1
DA:81,1
DA:82,1
DA:83,1
DA:86,1
DA:88,1
DA:89,1
DA:91,1
DA:92,1
DA:93,1
DA:96,1
DA:97,1
DA:98,1
DA:100,1
DA:101,1
DA:102,1
DA:103,1
DA:104,1
DA:105,1
DA:108,1
DA:109,1
DA:111,1
DA:112,1
DA:113,1
DA:116,1
DA:117,1
DA:136,1
DA:138,1
DA:139,1
DA:140,1
DA:141,1
DA:142,1
DA:143,1
DA:146,1
DA:147,1
DA:149,1
DA:150,1
DA:153,1
DA:154,1
DA:156,1
DA:157,1
DA:158,1
DA:159,1
DA:162,1
DA:165,1
DA:166,1
DA:167,1
DA:168,1
DA:169,1
DA:170,1
DA:171,1
DA:172,1
DA:175,1
DA:176,1
DA:179,1
DA:180,1
DA:182,1
DA:184,1
DA:187,1
DA:188,1
DA:189,1
DA:190,1
DA:191,1
DA:192,1
DA:195,1
DA:197,1
DA:198,1
DA:199,1
DA:200,0
DA:201,0
DA:202,0
DA:206,1
DA:207,1
DA:208,1
DA:210,1
DA:211,1
DA:212,1
DA:213,1
DA:214,1
DA:217,1
DA:218,1
DA:220,1
DA:221,1
DA:222,1
LF:112
LH:109
FN:43,113,dataset_raw
FNDA:1,dataset_raw
FN:117,222,dataset_flex
FNDA:1,dataset_flex
FNF:2
FNH:2
end_of_record
SF:src/oyez_sa_asr/cli_dataset_helpers.py
DA:4,1
DA:5,1
DA:6,1
DA:7,1
DA:9,1
DA:10,1
DA:11,1
DA:13,1
DA:14,1
DA:16,1
DA:19,1
DA:32,1
DA:33,1
DA:35,1
DA:36,1
DA:37,1
DA:39,1
DA:40,1
DA:41,1
DA:42,1
DA:43,1
DA:44,1
DA:45,1
DA:46,1
DA:47,1
DA:48,1
DA:50,1
DA:53,1
DA:55,1
DA:56,1
DA:57,1
DA:59,1
DA:60,0
DA:61,0
DA:62,0
DA:63,0
DA:66,1
DA:68,1
DA:69,1
DA:70,1
DA:71,1
DA:72,1
DA:73,1
DA:74,1
DA:75,1
DA:76,1
DA:77,1
DA:80,1
DA:82,1
DA:83,1
DA:84,1
DA:85,1
DA:86,1
DA:87,1
DA:88,1
DA:89,1
DA:90,1
DA:91,1
DA:94,1
DA:96,1
DA:97,1
DA:98,1
DA:99,1
DA:100,1
DA:101,1
DA:104,1
DA:106,1
DA:107,1
DA:108,1
DA:109,0
DA:110,0
DA:111,0
DA:112,0
DA:113,0
DA:114,0
DA:115,0
DA:116,0
DA:117,0
DA:120,1
DA:129,1
DA:130,1
DA:134,1
DA:135,1
DA:136,1
DA:137,0
DA:138,0
DA:139,0
DA:140,0
DA:143,0
DA:144,0
DA:145,0
DA:148,1
DA:155,1
DA:156,1
DA:158,1
DA:159,1
DA:162,1
DA:164,1
DA:165,1
DA:166,0
DA:167,1
DA:168,0
DA:170,1
DA:171,1
DA:172,0
DA:175,1
DA:176,1
DA:177,0
DA:180,1
DA:181,1
DA:182,0
DA:183,1
DA:186,1
DA:187,1
DA:188,1
DA:189,1
DA:190,0
DA:193,1
DA:195,1
DA:204,1
DA:207,1
DA:223,1
DA:224,1
DA:226,1
DA:227,1
DA:230,1
DA:233,1
DA:234,1
DA:235,1
DA:236,1
DA:237,0
DA:238,1
DA:239,0
DA:241,1
DA:242,1
DA:243,0
DA:245,1
DA:246,1
DA:247,1
DA:248,1
DA:250,1
DA:251,1
DA:252,1
DA:253,1
DA:256,1
DA:257,1
DA:258,0
DA:262,0
DA:264,1
DA:265,0
DA:266,0
DA:267,0
DA:269,1
DA:270,1
DA:271,0
DA:272,1
DA:273,1
DA:275,1
DA:276,1
DA:277,1
DA:279,1
DA:280,1
DA:281,1
DA:282,1
DA:284,1
DA:285,1
DA:286,1
DA:290,1
DA:291,0
DA:294,1
DA:299,1
DA:300,1
DA:301,1
DA:304,1
DA:307,1
DA:309,1
DA:326,0
DA:327,0
DA:329,1
DA:332,1
DA:344,1
DA:345,1
DA:348,1
DA:350,1
DA:351,1
DA:353,1
DA:354,1
DA:355,0
DA:356,1
DA:357,0
DA:359,1
DA:360,1
DA:361,0
DA:363,1
DA:364,1
DA:365,1
DA:366,1
DA:368,1
DA:369,1
DA:370,1
DA:372,1
DA:373,1
DA:374,1
DA:378,1
DA:396,0
DA:397,0
DA:399,1
DA:402,1
DA:417,1
DA:418,1
DA:420,1
DA:421,0
DA:424,1
DA:425,1
DA:426,1
DA:427,1
DA:429,1
DA:430,1
DA:431,1
DA:432,1
DA:435,1
DA:436,1
DA:437,1
DA:438,1
DA:439,0
DA:441,1
DA:442,1
DA:446,1
DA:449,1
DA:453,1
DA:457,1
DA:467,1
DA:489,1
DA:490,1
DA:504,1
DA:505,0
DA:506,0
DA:508,1
LF:238
LH:191
FN:19,50,load_justice_speaker_ids
FNDA:1,load_justice_speaker_ids
FN:53,63,require_pyarrow
FNDA:1,require_pyarrow
FN:66,77,copy_tree
FNDA:1,copy_tree
FN:80,91,copy_raw_audio
FNDA:1,copy_raw_audio
FN:94,101,matches_term
FNDA:1,matches_term
FN:104,117,copy_raw_cases
FNDA:1,copy_raw_cases
FN:120,145,copy_raw_transcripts
FNDA:1,copy_raw_transcripts
FN:148,204,collect_raw_recordings
FNDA:1,collect_raw_recordings
FN:207,329,collect_recordings
FNDA:1,collect_recordings
FN:332,399,collect_utterances
FNDA:1,collect_utterances
FN:402,508,collect_speakers
FNDA:1,collect_speakers
FNF:11
FNH:11
end_of_record
SF:src/oyez_sa_asr/cli_dataset_simple.py
DA:8,1
DA:9,1
DA:11,1
DA:12,1
DA:14,1
DA:15,1
DA:16,1
DA:21,1
DA:23,1
DA:26,1
DA:29,1
DA:31,1
DA:32,1
DA:33,1
DA:34,1
DA:37,1
DA:68,1
DA:69,1
DA:71,1
DA:74,1
DA:75,1
DA:89,1
DA:90,1
DA:104,1
DA:105,1
DA:118,1
DA:119,1
DA:123,1
DA:124,1
DA:125,1
DA:126,1
DA:127,1
DA:128,1
DA:129,1
DA:130,1
DA:131,1
DA:132,1
DA:133,1
DA:135,0
DA:137,0
DA:140,0
LF:41
LH:38
FN:29,34,register_simple_command
FNDA:1,register_simple_command
FN:37,140,dataset_simple
FNDA:1,dataset_simple
FNF:2
FNH:2
end_of_record
SF:src/oyez_sa_asr/cli_dataset_simple_core.py
DA:4,1
DA:6,1
DA:7,1
DA:9,1
DA:10,1
DA:15,1
DA:16,1
DA:25,1
DA:28,1
DA:30,1
DA:31,1
DA:32,1
DA:33,1
DA:34,1
DA:36,1
DA:37,1
DA:38,1
DA:39,1
DA:41,1
DA:44,1
DA:48,1
DA:50,1
DA:51,1
DA:54,1
DA:55,1
DA:57,1
DA:58,1
DA:59,1
DA:60,1
DA:62,1
DA:65,1
DA:78,1
DA:80,1
DA:81,1
DA:82,1
DA:83,1
DA:84,0
DA:85,1
DA:86,1
DA:89,1
DA:91,1
DA:93,1
DA:94,1
DA:102,1
DA:103,1
DA:105,1
DA:106,1
DA:114,1
DA:118,1
DA:119,1
DA:124,1
DA:125,1
DA:126,1
DA:130,1
DA:131,1
DA:132,1
DA:133,1
DA:136,1
DA:137,1
DA:138,1
DA:139,1
DA:140,1
DA:141,1
DA:142,1
DA:143,1
DA:144,1
DA:147,1
DA:148,0
DA:149,1
DA:150,1
DA:152,1
DA:153,1
DA:154,1
DA:155,1
DA:156,1
LF:75
LH:73
FN:28,41,_validate_flex_dataset
FNDA:1,_validate_flex_dataset
FN:44,62,_check_state_and_clean
FNDA:1,_check_state_and_clean
FN:65,156,run_simple_dataset
FNDA:1,run_simple_dataset
FNF:3
FNH:3
end_of_record
SF:src/oyez_sa_asr/cli_dataset_simple_flavors.py
DA:10,1
DA:11,1
DA:13,1
DA:15,1
DA:18,1
DA:38,1
DA:52,1
DA:72,0
DA:86,1
DA:106,0
LF:10
LH:8
FN:18,49,dataset_simple_lt1m
FNDA:1,dataset_simple_lt1m
FN:52,83,dataset_simple_lt5m
FNDA:0,dataset_simple_lt5m
FN:86,117,dataset_simple_lt30m
FNDA:0,dataset_simple_lt30m
FNF:3
FNH:1
end_of_record
SF:src/oyez_sa_asr/cli_dataset_simple_load.py
DA:4,1
DA:5,1
DA:6,1
DA:8,1
DA:10,1
DA:13,1
DA:15,1
DA:16,1
DA:17,1
DA:18,1
DA:19,1
DA:20,1
DA:21,1
DA:22,1
DA:25,1
DA:35,1
DA:36,1
DA:39,1
DA:40,0
DA:41,0
DA:42,0
DA:46,1
DA:47,1
DA:50,1
DA:51,1
DA:52,1
DA:53,1
DA:55,1
DA:56,1
DA:57,1
DA:58,1
DA:59,1
DA:62,1
DA:63,1
DA:64,1
DA:65,1
DA:68,1
DA:69,1
DA:70,1
DA:75,1
DA:76,1
DA:77,1
DA:82,1
DA:85,1
DA:93,1
DA:94,1
DA:95,1
DA:96,1
DA:98,1
DA:99,1
DA:100,1
DA:101,1
DA:103,1
DA:104,1
DA:105,1
DA:106,1
DA:107,1
LF:57
LH:54
FN:13,22,get_flex_terms
FNDA:1,get_flex_terms
FN:25,82,load_and_filter_utterances
FNDA:1,load_and_filter_utterances
FN:85,107,build_audio_paths
FNDA:1,build_audio_paths
FNF:3
FNH:3
end_of_record
SF:src/oyez_sa_asr/cli_dataset_simple_proc.py
DA:4,1
DA:5,1
DA:6,1
DA:7,1
DA:8,1
DA:9,1
DA:10,1
DA:11,1
DA:12,1
DA:14,1
DA:16,1
DA:17,1
DA:26,1
DA:31,1
DA:32,1
DA:33,1
DA:34,1
DA:38,1
DA:41,1
DA:45,1
DA:46,1
DA:47,1
DA:48,1
DA:49,1
DA:52,1
DA:54,0
DA:57,1
DA:64,1
DA:68,1
DA:70,1
DA:73,1
DA:74,1
DA:76,1
DA:77,1
DA:81,1
DA:83,1
DA:84,1
DA:85,0
DA:87,0
DA:88,0
DA:90,0
DA:91,0
DA:92,1
DA:94,1
DA:95,1
DA:98,1
DA:105,1
DA:106,1
DA:107,1
DA:108,1
DA:109,1
DA:110,1
DA:111,1
DA:112,1
DA:113,1
DA:115,1
DA:116,1
DA:118,1
DA:120,1
DA:121,1
DA:122,1
DA:123,1
DA:124,1
DA:126,1
DA:127,1
DA:128,1
DA:129,1
DA:130,1
DA:133,1
DA:134,1
DA:135,1
DA:138,1
DA:154,1
DA:156,1
DA:159,1
DA:172,0
DA:173,0
DA:174,0
DA:175,0
DA:176,0
DA:177,0
DA:178,0
DA:179,0
DA:180,0
DA:181,0
DA:184,1
DA:191,1
DA:194,1
DA:195,1
DA:196,1
DA:197,1
DA:198,1
DA:199,1
DA:200,1
DA:201,1
DA:202,1
DA:204,1
DA:206,1
DA:207,1
DA:209,1
DA:215,1
DA:217,1
DA:218,1
DA:220,1
DA:222,1
DA:223,1
DA:225,1
DA:227,1
DA:229,1
DA:230,1
DA:234,1
DA:235,1
DA:236,1
DA:237,1
DA:238,1
DA:240,1
DA:242,1
DA:243,1
DA:246,1
DA:249,1
DA:250,1
DA:251,1
DA:252,1
DA:253,1
DA:254,1
DA:256,1
DA:258,1
DA:260,1
DA:262,1
DA:264,1
DA:266,1
DA:269,1
DA:279,0
DA:281,0
DA:282,0
DA:283,0
DA:284,0
DA:293,0
DA:294,0
DA:296,0
DA:301,0
DA:303,0
DA:304,0
DA:305,0
DA:306,0
DA:307,0
DA:308,0
DA:310,0
DA:311,0
DA:312,0
DA:314,0
DA:315,0
DA:317,0
DA:324,0
DA:329,0
DA:330,0
DA:331,0
DA:332,0
DA:333,0
DA:334,0
DA:335,0
DA:336,0
DA:337,0
DA:344,0
DA:345,0
DA:346,0
DA:347,0
DA:350,0
DA:352,0
DA:353,0
DA:356,0
DA:357,0
DA:359,0
DA:367,1
DA:372,1
DA:373,1
DA:374,1
DA:375,1
DA:376,1
DA:377,1
DA:378,1
DA:379,1
DA:380,1
DA:381,1
LF:184
LH:127
FN:41,49,group_utterances_by_recording
FNDA:1,group_utterances_by_recording
FN:52,54,_init_worker
FNDA:0,_init_worker
FN:57,95,process_single_recording
FNDA:1,process_single_recording
FN:98,156,_process_single_recording_impl
FNDA:1,_process_single_recording_impl
FN:159,181,_build_work_items
FNDA:0,_build_work_items
FN:191,202,_WorkerShardWriter.__init__
FNDA:1,_WorkerShardWriter.__init__
FN:204,207,_WorkerShardWriter.add_row
FNDA:1,_WorkerShardWriter.add_row
FN:209,218,_WorkerShardWriter.maybe_flush
FNDA:1,_WorkerShardWriter.maybe_flush
FN:220,223,_WorkerShardWriter.ensure_flushed
FNDA:1,_WorkerShardWriter.ensure_flushed
FN:225,238,_WorkerShardWriter.flush
FNDA:1,_WorkerShardWriter.flush
FN:240,243,_WorkerShardWriter.final_flush
FNDA:1,_WorkerShardWriter.final_flush
FN:249,254,_ShardWriter.__init__
FNDA:1,_ShardWriter.__init__
FN:256,258,_ShardWriter.add_row
FNDA:1,_ShardWriter.add_row
FN:260,262,_ShardWriter.maybe_flush
FNDA:1,_ShardWriter.maybe_flush
FN:264,266,_ShardWriter.flush
FNDA:1,_ShardWriter.flush
FN:269,364,process_by_recording
FNDA:0,process_by_recording
FN:367,381,_handle_future_new
FNDA:1,_handle_future_new
FNF:17
FNH:14
end_of_record
SF:src/oyez_sa_asr/cli_dataset_state.py
DA:4,1
DA:5,1
DA:6,1
DA:7,1
DA:8,1
DA:13,1
DA:16,1
DA:17,1
DA:20,1
DA:21,1
DA:22,1
DA:23,1
DA:24,1
DA:26,1
DA:28,1
DA:30,1
DA:31,1
DA:33,1
DA:42,1
DA:47,1
DA:48,1
DA:49,1
DA:51,1
DA:52,1
DA:53,1
DA:54,1
DA:55,1
DA:56,1
DA:59,1
DA:69,1
DA:70,1
DA:72,1
DA:73,1
DA:75,1
DA:76,1
DA:78,1
DA:79,1
DA:81,1
DA:84,1
DA:90,1
DA:91,1
DA:93,1
DA:94,1
DA:95,1
DA:96,0
DA:99,0
DA:100,1
DA:103,1
DA:105,1
DA:106,1
DA:107,1
DA:108,1
DA:111,1
DA:118,1
LF:54
LH:52
FN:26,28,DatasetState.to_dict
FNDA:1,DatasetState.to_dict
FN:31,39,DatasetState.from_dict
FNDA:1,DatasetState.from_dict
FN:42,56,load_state
FNDA:1,load_state
FN:59,81,check_match
FNDA:1,check_match
FN:84,100,clean_dataset
FNDA:1,clean_dataset
FN:103,108,save_state
FNDA:1,save_state
FN:111,124,make_state
FNDA:1,make_state
FNF:7
FNH:7
end_of_record
SF:src/oyez_sa_asr/cli_pipeline.py
DA:15,1
DA:16,1
DA:17,1
DA:18,1
DA:20,1
DA:21,1
DA:23,1
DA:25,1
DA:28,1
DA:31,1
DA:39,1
DA:46,1
DA:53,1
DA:75,1
DA:90,1
DA:94,1
DA:96,1
DA:100,1
DA:101,1
DA:102,1
DA:105,1
DA:106,1
DA:107,1
DA:109,1
DA:110,1
DA:111,1
DA:114,1
DA:115,1
DA:117,1
DA:118,1
DA:119,1
DA:120,1
DA:121,1
DA:124,1
DA:125,1
DA:126,1
DA:128,1
DA:129,1
DA:130,1
DA:133,1
DA:134,1
DA:136,1
DA:137,1
DA:138,1
DA:139,1
DA:140,1
DA:142,1
DA:144,1
DA:147,1
DA:169,1
DA:172,1
DA:173,1
DA:176,1
DA:177,1
DA:180,1
DA:183,1
DA:184,1
DA:185,1
DA:188,1
DA:189,1
DA:190,1
DA:191,1
DA:192,1
DA:194,1
DA:196,1
DA:197,1
DA:198,1
DA:199,1
DA:200,1
DA:201,1
DA:202,1
DA:203,1
DA:204,1
DA:205,1
DA:208,1
DA:211,1
DA:213,1
DA:216,1
DA:218,1
DA:219,1
DA:220,1
DA:221,1
DA:224,1
DA:225,1
DA:226,1
DA:229,1
DA:230,1
DA:231,1
DA:234,1
DA:245,1
DA:246,1
DA:247,1
DA:248,1
DA:249,1
DA:252,1
DA:255,1
DA:257,1
DA:258,1
DA:259,1
DA:262,1
DA:266,1
DA:315,1
DA:319,1
DA:321,1
DA:322,1
DA:323,1
DA:325,1
DA:328,1
DA:329,1
DA:331,1
DA:334,1
DA:335,1
DA:336,1
DA:338,1
DA:340,1
DA:341,1
DA:343,1
DA:344,1
DA:354,1
DA:355,1
DA:365,1
DA:366,1
DA:377,1
DA:378,1
DA:379,1
DA:381,1
DA:382,1
DA:383,1
DA:384,1
DA:385,1
DA:386,1
DA:388,1
DA:389,1
DA:390,1
DA:391,1
DA:394,1
DA:396,1
LF:137
LH:137
FN:75,144,parse_delegated_options
FNDA:1,parse_delegated_options
FN:147,213,build_command_args
FNDA:1,build_command_args
FN:216,231,_run_step
FNDA:1,_run_step
FN:234,259,_run_phase
FNDA:1,_run_phase
FN:266,391,pipeline_run
FNDA:1,pipeline_run
FN:394,396,register_pipeline_command
FNDA:1,register_pipeline_command
FNF:6
FNH:6
end_of_record
SF:src/oyez_sa_asr/cli_process.py
DA:4,1
DA:5,1
DA:6,1
DA:8,1
DA:9,1
DA:10,1
DA:12,1
DA:13,1
DA:14,1
DA:15,1
DA:16,1
DA:22,1
DA:27,1
DA:28,1
DA:31,1
DA:32,1
DA:35,1
DA:38,1
DA:41,1
DA:42,1
DA:64,1
DA:65,1
DA:66,1
DA:67,1
DA:68,1
DA:69,1
DA:72,1
DA:73,1
DA:75,1
DA:77,1
DA:78,1
DA:79,1
DA:80,1
DA:82,1
DA:84,1
DA:85,1
DA:88,1
DA:89,1
DA:113,1
DA:114,1
DA:115,1
DA:116,1
DA:117,1
DA:118,1
DA:119,1
DA:120,1
DA:122,1
DA:124,1
DA:125,1
DA:126,1
DA:127,1
DA:129,1
DA:130,1
DA:131,1
DA:132,1
DA:134,1
DA:135,1
DA:136,1
DA:137,1
DA:138,1
DA:139,1
DA:141,1
DA:142,1
DA:143,1
DA:144,1
DA:145,1
DA:147,1
DA:148,1
DA:151,1
DA:152,1
DA:153,1
DA:154,1
DA:155,1
DA:157,1
DA:159,1
DA:161,1
DA:162,1
DA:163,1
DA:165,1
DA:166,1
DA:168,1
DA:169,1
DA:170,1
DA:172,1
DA:173,1
DA:174,1
DA:175,1
DA:176,1
DA:177,1
DA:178,1
DA:179,1
DA:182,1
DA:185,1
DA:186,1
DA:214,1
DA:215,1
DA:216,1
DA:217,1
DA:218,1
DA:219,1
DA:220,1
DA:221,1
DA:222,1
DA:224,1
DA:226,1
DA:227,1
DA:228,1
DA:229,1
DA:231,1
DA:232,1
DA:233,1
DA:234,1
DA:236,1
DA:237,1
DA:238,1
DA:239,1
DA:241,1
DA:242,1
DA:243,1
DA:244,1
DA:246,1
DA:247,1
DA:248,1
DA:249,1
DA:250,1
DA:252,1
DA:253,1
DA:255,1
DA:256,1
DA:257,1
DA:259,1
DA:260,1
DA:261,1
DA:262,1
DA:264,1
DA:265,1
DA:267,1
DA:274,1
DA:275,1
DA:276,1
DA:278,1
DA:279,1
DA:281,1
DA:282,1
DA:283,1
DA:285,1
DA:286,1
DA:289,1
DA:290,1
DA:291,1
DA:292,1
DA:293,1
DA:294,1
DA:295,1
LF:154
LH:154
FN:22,28,_get_term_from_raw
FNDA:1,_get_term_from_raw
FN:42,85,process_index
FNDA:1,process_index
FN:89,182,process_cases
FNDA:1,process_cases
FN:186,295,process_transcripts
FNDA:1,process_transcripts
FNF:4
FNH:4
end_of_record
SF:src/oyez_sa_asr/cli_process_audio.py
DA:4,1
DA:5,1
DA:6,1
DA:7,1
DA:8,1
DA:9,1
DA:10,1
DA:12,1
DA:13,1
DA:14,1
DA:16,1
DA:17,1
DA:23,1
DA:24,1
DA:29,1
DA:30,1
DA:31,1
DA:32,1
DA:34,1
DA:36,1
DA:37,1
DA:40,1
DA:42,1
DA:43,1
DA:44,1
DA:45,1
DA:46,1
DA:47,1
DA:48,1
DA:49,1
DA:50,1
DA:51,1
DA:54,1
DA:62,1
DA:63,1
DA:64,1
DA:65,1
DA:68,1
DA:69,1
DA:70,1
DA:71,1
DA:74,1
DA:84,1
DA:85,1
DA:86,1
DA:88,1
DA:89,1
DA:90,1
DA:91,1
DA:93,1
DA:96,1
DA:97,1
DA:99,1
DA:100,1
DA:102,1
DA:103,1
DA:104,1
DA:106,1
DA:107,1
DA:108,1
DA:111,1
DA:115,1
DA:117,1
DA:118,1
DA:120,1
DA:121,1
DA:130,1
DA:131,1
DA:133,1
DA:134,1
DA:143,1
DA:144,1
DA:145,0
DA:147,1
DA:150,1
DA:160,1
DA:161,1
DA:162,1
DA:163,1
DA:164,1
DA:165,1
DA:168,1
DA:169,1
DA:173,1
DA:174,1
DA:175,1
DA:176,1
DA:179,1
DA:183,1
DA:184,1
DA:186,1
DA:187,1
DA:188,1
DA:189,1
DA:191,1
DA:196,1
DA:200,1
DA:201,1
DA:202,1
DA:203,0
DA:204,0
DA:205,1
DA:206,1
DA:207,1
DA:208,1
DA:210,1
DA:213,1
DA:217,1
DA:218,1
DA:219,1
DA:220,1
DA:221,1
DA:222,1
DA:223,1
DA:224,1
DA:227,1
DA:230,1
DA:231,1
DA:262,1
DA:263,1
DA:265,1
DA:266,1
DA:267,1
DA:268,1
DA:269,1
DA:270,1
DA:271,1
DA:272,1
DA:273,1
DA:275,1
DA:276,1
DA:277,1
DA:278,1
DA:280,1
DA:281,1
DA:283,1
DA:284,1
DA:285,1
DA:286,1
DA:287,1
DA:289,1
DA:290,1
DA:294,1
DA:296,1
DA:297,1
DA:298,1
DA:299,1
DA:303,1
DA:304,1
DA:305,1
DA:309,1
DA:310,1
DA:313,1
DA:314,0
DA:317,1
DA:318,1
DA:319,1
DA:324,1
LF:158
LH:154
FN:40,51,_count_anomalies
FNDA:1,_count_anomalies
FN:54,71,_validate_flac_files
FNDA:1,_validate_flac_files
FN:74,108,_try_process_file
FNDA:1,_try_process_file
FN:111,147,_process_recording
FNDA:1,_process_recording
FN:150,176,_filter_pending_sources
FNDA:1,_filter_pending_sources
FN:179,210,_run_parallel_sources
FNDA:1,_run_parallel_sources
FN:213,224,_run_sequential_sources
FNDA:1,_run_sequential_sources
FN:227,260,add_audio_command
FNDA:1,add_audio_command
FN:231,324,add_audio_command.process_audio
FNDA:1,add_audio_command.process_audio
FNF:9
FNH:9
end_of_record
SF:src/oyez_sa_asr/cli_process_speakers.py
DA:4,1
DA:5,1
DA:6,1
DA:8,1
DA:9,1
DA:10,1
DA:12,1
DA:13,1
DA:15,1
DA:18,1
DA:23,1
DA:25,1
DA:26,1
DA:28,1
DA:30,1
DA:31,1
DA:32,1
DA:34,1
DA:35,1
DA:36,1
DA:37,1
DA:38,1
DA:39,1
DA:40,1
DA:41,1
DA:42,1
DA:43,1
DA:45,1
DA:48,1
DA:57,1
DA:58,1
DA:59,1
DA:60,1
DA:61,1
DA:63,1
DA:64,1
DA:65,1
DA:66,1
DA:67,1
DA:70,1
DA:72,1
DA:73,1
DA:74,1
DA:76,1
DA:77,1
DA:78,1
DA:80,1
DA:81,1
DA:82,1
DA:85,1
DA:86,1
DA:89,1
DA:90,1
DA:96,1
DA:97,1
DA:98,1
DA:101,1
DA:102,1
DA:112,1
DA:115,1
DA:147,1
DA:148,1
DA:149,1
DA:150,1
DA:151,1
DA:152,1
DA:153,1
DA:154,1
DA:155,1
DA:157,1
DA:158,1
DA:159,1
DA:160,1
DA:163,1
DA:164,1
DA:165,1
DA:168,1
DA:169,1
DA:171,1
DA:172,1
DA:173,1
DA:174,1
DA:175,1
DA:176,1
DA:177,1
DA:179,1
DA:180,1
DA:181,1
DA:183,1
DA:186,1
DA:187,1
DA:189,1
DA:190,1
DA:191,1
DA:192,1
DA:194,1
DA:195,1
DA:196,1
DA:199,1
DA:200,1
DA:201,1
DA:203,1
DA:205,1
DA:206,1
DA:207,1
DA:210,1
DA:212,1
DA:213,1
DA:214,1
DA:216,1
DA:219,1
DA:220,1
DA:221,0
DA:222,0
DA:224,1
DA:225,1
DA:227,1
DA:228,1
DA:229,1
DA:230,1
DA:231,1
DA:234,1
DA:236,1
LF:123
LH:121
FN:18,45,_load_case_names
FNDA:1,_load_case_names
FN:48,112,_process_transcript_file
FNDA:1,_process_transcript_file
FN:115,231,process_speakers
FNDA:1,process_speakers
FN:234,236,add_speakers_command
FNDA:1,add_speakers_command
FNF:4
FNH:4
end_of_record
SF:src/oyez_sa_asr/cli_publish.py
DA:4,1
DA:5,1
DA:7,1
DA:8,1
DA:10,1
DA:11,1
DA:14,1
DA:21,1
DA:22,1
DA:23,1
DA:24,1
DA:25,1
DA:26,1
DA:28,1
DA:29,1
DA:30,1
DA:31,1
DA:33,1
DA:34,1
DA:37,1
DA:45,1
DA:51,1
DA:52,1
DA:53,1
DA:56,1
DA:57,1
DA:81,1
DA:82,1
DA:83,1
DA:84,1
DA:85,1
DA:87,1
DA:90,1
DA:91,1
DA:115,1
DA:116,1
DA:117,1
DA:118,1
DA:119,1
DA:121,1
DA:124,1
DA:125,1
DA:149,1
DA:150,1
DA:151,1
DA:152,1
DA:153,1
DA:155,1
LF:48
LH:48
FN:14,53,_upload_to_hub
FNDA:1,_upload_to_hub
FN:57,87,publish_raw
FNDA:1,publish_raw
FN:91,121,publish_flex
FNDA:1,publish_flex
FN:125,155,publish_simple
FNDA:1,publish_simple
FNF:4
FNH:4
end_of_record
SF:src/oyez_sa_asr/cli_scrape.py
DA:4,1
DA:5,1
DA:6,1
DA:7,1
DA:9,1
DA:10,1
DA:11,1
DA:13,1
DA:14,1
DA:15,1
DA:16,1
DA:18,1
DA:19,1
DA:22,1
DA:23,1
DA:26,1
DA:27,1
DA:56,1
DA:57,1
DA:58,1
DA:59,1
DA:60,1
DA:61,1
DA:62,1
DA:63,1
DA:65,1
DA:66,1
DA:70,1
DA:72,1
DA:73,1
DA:76,1
DA:77,1
DA:113,1
DA:114,1
DA:115,1
DA:116,1
DA:118,1
DA:119,1
DA:120,1
DA:121,1
DA:122,1
DA:123,1
DA:124,1
DA:125,1
DA:126,1
DA:127,1
DA:128,1
DA:130,1
DA:131,1
DA:133,1
DA:134,1
DA:135,1
DA:137,1
DA:138,1
DA:140,1
DA:142,1
DA:149,1
DA:150,1
DA:152,1
DA:156,0
DA:157,0
DA:159,0
DA:160,0
DA:162,0
DA:164,0
DA:165,0
DA:168,0
DA:170,1
DA:171,1
DA:173,1
DA:174,1
DA:175,0
DA:177,1
DA:178,1
DA:179,1
DA:181,1
DA:182,1
DA:183,1
DA:184,1
DA:185,1
LF:80
LH:71
FN:27,73,scrape_index
FNDA:1,scrape_index
FN:77,185,scrape_cases
FNDA:1,scrape_cases
FN:152,168,scrape_cases.on_progress
FNDA:0,scrape_cases.on_progress
FN:170,171,scrape_cases.run_fetch
FNDA:1,scrape_cases.run_fetch
FNF:4
FNH:3
end_of_record
SF:src/oyez_sa_asr/cli_scrape_audio.py
DA:4,1
DA:5,1
DA:6,1
DA:8,1
DA:9,1
DA:10,1
DA:12,1
DA:13,1
DA:15,1
DA:18,1
DA:26,1
DA:27,1
DA:35,1
DA:38,1
DA:39,1
DA:76,1
DA:77,1
DA:78,1
DA:79,1
DA:80,1
DA:81,1
DA:82,1
DA:83,1
DA:84,1
DA:85,1
DA:88,1
DA:90,1
DA:91,1
DA:94,1
DA:97,1
DA:99,1
DA:100,1
DA:103,1
DA:106,1
DA:112,1
DA:113,1
DA:115,1
DA:119,0
DA:120,0
DA:124,0
DA:125,0
DA:126,0
DA:127,0
DA:129,0
DA:131,0
DA:132,0
DA:138,0
DA:140,1
DA:141,1
DA:145,1
DA:146,1
DA:147,0
DA:149,1
DA:152,1
DA:154,1
DA:155,1
DA:156,1
DA:157,1
DA:162,1
DA:168,1
DA:169,1
DA:170,1
DA:171,1
DA:172,1
DA:173,1
DA:174,1
DA:175,1
DA:176,1
LF:68
LH:57
FN:18,32,_is_expected_skip
FNDA:1,_is_expected_skip
FN:35,70,add_audio_command
FNDA:1,add_audio_command
FN:39,149,add_audio_command.scrape_audio
FNDA:1,add_audio_command.scrape_audio
FN:115,138,add_audio_command.scrape_audio.on_progress
FNDA:0,add_audio_command.scrape_audio.on_progress
FN:140,143,add_audio_command.scrape_audio.run_fetch
FNDA:1,add_audio_command.scrape_audio.run_fetch
FN:152,176,_print_audio_summary
FNDA:1,_print_audio_summary
FNF:6
FNH:5
end_of_record
SF:src/oyez_sa_asr/cli_scrape_transcripts.py
DA:4,1
DA:5,1
DA:6,1
DA:8,1
DA:9,1
DA:10,1
DA:12,1
DA:13,1
DA:15,1
DA:18,1
DA:21,1
DA:22,1
DA:60,1
DA:61,1
DA:62,1
DA:63,1
DA:64,1
DA:65,1
DA:66,1
DA:67,1
DA:68,1
DA:69,1
DA:70,1
DA:72,1
DA:74,1
DA:75,1
DA:76,1
DA:77,1
DA:79,1
DA:80,1
DA:82,1
DA:84,1
DA:91,1
DA:92,1
DA:94,1
DA:98,0
DA:99,0
DA:103,0
DA:104,0
DA:106,0
DA:108,0
DA:109,0
DA:112,0
DA:114,1
DA:115,1
DA:119,1
DA:120,1
DA:121,0
DA:123,1
DA:124,1
DA:125,1
DA:127,1
DA:128,1
DA:129,1
DA:130,1
DA:131,1
LF:56
LH:47
FN:18,55,add_transcripts_command
FNDA:1,add_transcripts_command
FN:22,131,add_transcripts_command.scrape_transcripts
FNDA:1,add_transcripts_command.scrape_transcripts
FN:94,112,add_transcripts_command.scrape_transcripts.on_progress
FNDA:0,add_transcripts_command.scrape_transcripts.on_progress
FN:114,117,add_transcripts_command.scrape_transcripts.run_fetch
FNDA:1,add_transcripts_command.scrape_transcripts.run_fetch
FNF:4
FNH:3
end_of_record
SF:src/oyez_sa_asr/cli_stats.py
DA:4,1
DA:5,1
DA:6,1
DA:7,1
DA:9,1
DA:10,1
DA:12,1
DA:13,1
DA:14,1
DA:15,1
DA:17,1
DA:18,1
DA:21,1
DA:22,1
DA:23,1
DA:26,1
DA:28,1
DA:29,1
DA:30,1
DA:31,1
DA:32,1
DA:35,1
DA:37,1
DA:38,1
DA:41,1
DA:42,1
DA:53,1
DA:55,1
DA:56,1
DA:57,1
DA:58,1
DA:60,1
DA:62,1
DA:63,1
DA:64,1
DA:66,1
DA:67,1
DA:68,1
DA:69,1
DA:70,1
DA:71,1
DA:72,1
DA:73,1
DA:74,1
DA:76,1
DA:77,1
DA:78,1
DA:79,1
DA:80,1
DA:81,1
DA:83,1
DA:84,1
DA:85,1
DA:86,1
DA:87,1
DA:88,1
DA:89,1
DA:91,1
DA:92,1
DA:93,1
DA:94,1
DA:95,1
DA:96,1
DA:97,1
DA:99,1
DA:100,1
DA:101,1
DA:102,1
DA:103,1
DA:105,1
DA:106,1
DA:107,1
DA:108,1
DA:110,1
DA:111,1
DA:112,1
LF:76
LH:76
FN:26,32,_format_size
FNDA:1,_format_size
FN:35,38,_format_hours
FNDA:1,_format_hours
FN:42,112,stats_audio
FNDA:1,stats_audio
FNF:3
FNH:3
end_of_record
SF:src/oyez_sa_asr/cli_stats_cases.py
DA:4,1
DA:5,1
DA:6,1
DA:7,1
DA:9,1
DA:10,1
DA:12,1
DA:14,1
DA:17,1
DA:19,1
DA:22,1
DA:33,1
DA:35,1
DA:36,1
DA:37,1
DA:38,1
DA:41,1
DA:42,1
DA:43,1
DA:44,1
DA:45,1
DA:47,1
DA:49,1
DA:50,1
DA:51,1
DA:53,1
DA:54,1
DA:56,1
DA:57,1
DA:58,1
DA:59,1
DA:61,1
DA:62,1
DA:64,1
DA:65,1
DA:66,1
DA:68,1
DA:69,1
DA:70,1
DA:72,1
DA:73,1
DA:75,1
DA:76,1
DA:77,1
DA:80,1
DA:81,1
DA:84,1
DA:85,1
DA:86,1
DA:87,1
DA:88,1
DA:89,1
DA:90,1
DA:92,1
DA:93,1
DA:94,1
DA:96,1
DA:97,1
DA:98,1
LF:59
LH:59
FN:17,19,register_cases_command
FNDA:1,register_cases_command
FN:22,98,stats_cases
FNDA:1,stats_cases
FNF:2
FNH:2
end_of_record
SF:src/oyez_sa_asr/cli_stats_speakers.py
DA:4,1
DA:5,1
DA:6,1
DA:7,1
DA:8,1
DA:10,1
DA:11,1
DA:13,1
DA:22,1
DA:25,1
DA:26,1
DA:29,1
DA:30,1
DA:31,1
DA:32,1
DA:33,1
DA:34,1
DA:35,1
DA:36,1
DA:39,1
DA:43,1
DA:44,1
DA:46,1
DA:47,1
DA:48,1
DA:49,1
DA:51,1
DA:52,1
DA:53,1
DA:54,1
DA:55,0
DA:56,1
DA:58,1
DA:59,0
DA:60,0
DA:62,1
DA:65,1
DA:69,1
DA:70,1
DA:71,1
DA:72,1
DA:73,1
DA:74,1
DA:75,1
DA:76,1
DA:79,1
DA:81,1
DA:82,1
DA:83,1
DA:85,1
DA:86,1
DA:87,1
DA:88,1
DA:89,1
DA:91,1
DA:92,1
DA:95,1
DA:99,1
DA:102,1
DA:104,1
DA:105,1
DA:106,1
DA:107,1
DA:108,1
DA:109,1
DA:110,1
DA:111,1
DA:112,1
DA:115,1
DA:117,1
DA:118,1
DA:131,1
DA:132,1
DA:133,1
DA:134,1
DA:135,1
DA:136,1
DA:139,1
DA:152,1
DA:154,1
DA:155,1
DA:156,1
DA:157,1
DA:159,1
DA:160,1
DA:161,1
DA:162,1
DA:164,1
DA:166,1
DA:167,1
DA:168,1
DA:169,1
DA:170,1
DA:171,1
DA:172,1
DA:173,1
DA:175,1
DA:176,1
DA:177,1
DA:178,1
DA:179,1
DA:181,1
DA:182,1
DA:183,1
DA:185,1
DA:188,1
DA:189,1
DA:190,1
DA:194,1
DA:196,1
DA:197,1
DA:198,1
DA:201,1
DA:203,1
LF:114
LH:111
FN:39,62,_load_speaker_files
FNDA:1,_load_speaker_files
FN:65,76,_recalculate_totals
FNDA:1,_recalculate_totals
FN:79,99,_collect_stats
FNDA:1,_collect_stats
FN:102,112,_print_recording_distribution
FNDA:1,_print_recording_distribution
FN:115,136,_print_hours_distribution
FNDA:1,_print_hours_distribution
FN:139,198,stats_speakers
FNDA:1,stats_speakers
FN:201,203,add_stats_speakers_command
FNDA:1,add_stats_speakers_command
FNF:7
FNH:7
end_of_record
SF:src/oyez_sa_asr/cli_stats_speakers_helpers.py
DA:4,1
DA:5,1
DA:7,1
DA:9,1
DA:12,1
DA:14,1
DA:17,1
DA:19,1
DA:20,1
DA:21,1
DA:22,1
DA:23,1
DA:24,1
DA:25,1
DA:26,1
DA:27,1
DA:30,1
DA:32,1
DA:33,1
DA:45,1
DA:46,1
DA:47,1
DA:48,1
DA:51,1
DA:53,1
DA:54,1
DA:55,1
DA:58,1
DA:66,1
DA:67,1
DA:68,1
DA:69,1
DA:70,1
DA:71,1
DA:74,1
DA:76,1
DA:78,1
DA:81,1
DA:84,1
DA:86,1
DA:87,1
DA:88,1
DA:91,1
DA:95,0
DA:96,0
DA:97,1
DA:100,1
DA:102,1
DA:104,1
DA:105,1
DA:107,1
DA:108,1
DA:110,1
DA:113,1
DA:114,1
DA:119,1
DA:121,1
DA:123,1
DA:124,1
DA:126,1
DA:127,1
DA:129,1
DA:136,1
DA:137,1
LF:64
LH:62
FN:12,14,_format_hours
FNDA:1,_format_hours
FN:17,27,_get_recording_bucket
FNDA:1,_get_recording_bucket
FN:30,48,_get_hours_bucket
FNDA:1,_get_hours_bucket
FN:51,55,_split_by_role
FNDA:1,_split_by_role
FN:58,71,_print_top_list
FNDA:1,_print_top_list
FN:74,97,print_role_hours_breakdown
FNDA:1,print_role_hours_breakdown
FN:100,116,print_top_by_hours
FNDA:1,print_top_by_hours
FN:104,105,print_top_by_hours.get_duration
FNDA:1,print_top_by_hours.get_duration
FN:107,108,print_top_by_hours.fmt_hours
FNDA:1,print_top_by_hours.fmt_hours
FN:119,139,print_top_by_recordings
FNDA:1,print_top_by_recordings
FN:123,124,print_top_by_recordings.get_recordings
FNDA:1,print_top_by_recordings.get_recordings
FN:126,127,print_top_by_recordings.fmt_recordings
FNDA:1,print_top_by_recordings.fmt_recordings
FNF:12
FNH:12
end_of_record
SF:src/oyez_sa_asr/cli_stats_transcripts.py
DA:4,1
DA:5,1
DA:6,1
DA:7,1
DA:8,1
DA:10,1
DA:11,1
DA:13,1
DA:15,1
DA:18,1
DA:20,1
DA:21,1
DA:24,1
DA:26,1
DA:27,1
DA:28,1
DA:29,1
DA:30,1
DA:31,1
DA:32,1
DA:33,1
DA:34,1
DA:37,1
DA:38,1
DA:41,1
DA:42,1
DA:43,1
DA:44,1
DA:45,1
DA:46,1
DA:47,1
DA:48,1
DA:49,1
DA:52,1
DA:56,1
DA:57,1
DA:59,1
DA:60,1
DA:61,1
DA:62,1
DA:63,1
DA:64,1
DA:65,1
DA:66,1
DA:68,1
DA:71,1
DA:73,1
DA:74,1
DA:75,1
DA:77,1
DA:78,1
DA:79,1
DA:81,1
DA:83,1
DA:84,1
DA:85,1
DA:86,1
DA:87,1
DA:88,1
DA:89,1
DA:90,1
DA:91,1
DA:92,1
DA:94,1
DA:95,1
DA:96,1
DA:98,1
DA:99,1
DA:100,1
DA:108,1
DA:109,1
DA:112,1
DA:127,1
DA:129,1
DA:130,1
DA:131,1
DA:132,1
DA:134,1
DA:136,1
DA:137,1
DA:138,1
DA:140,1
DA:146,1
DA:147,1
DA:148,1
DA:149,1
DA:150,1
DA:151,1
DA:152,1
DA:153,1
DA:154,1
DA:156,1
DA:157,1
DA:158,1
DA:159,1
DA:161,1
DA:162,1
DA:163,1
DA:164,1
DA:165,1
DA:166,1
DA:167,1
DA:168,1
DA:170,1
DA:171,1
DA:172,1
DA:173,1
DA:175,1
DA:178,1
DA:179,1
DA:180,1
DA:185,1
DA:187,1
LF:113
LH:113
FN:18,21,_format_hours
FNDA:1,_format_hours
FN:24,34,_get_speaker_bucket
FNDA:1,_get_speaker_bucket
FN:52,68,_collect_transcript_stats
FNDA:1,_collect_transcript_stats
FN:71,109,_process_transcript_file
FNDA:1,_process_transcript_file
FN:112,182,stats_transcripts
FNDA:1,stats_transcripts
FN:185,187,register_transcripts_command
FNDA:1,register_transcripts_command
FNF:6
FNH:6
end_of_record
SF:src/oyez_sa_asr/hf_compat.py
DA:8,1
DA:10,1
DA:12,1
DA:15,1
DA:22,1
DA:25,1
DA:32,1
DA:35,1
DA:42,1
LF:9
LH:9
FN:15,22,datasets_version
FNDA:1,datasets_version
FN:25,32,supports_loading_scripts
FNDA:1,supports_loading_scripts
FN:35,42,is_v4
FNDA:1,is_v4
FNF:3
FNH:3
end_of_record
SF:src/oyez_sa_asr/loaders.py
DA:18,1
DA:19,1
DA:21,1
DA:22,1
DA:23,1
DA:29,1
DA:32,1
DA:35,1
DA:36,1
DA:37,1
DA:41,1
DA:46,1
DA:48,1
DA:67,1
DA:68,1
DA:69,0
DA:70,0
DA:73,1
DA:130,1
DA:162,1
DA:196,1
DA:212,1
DA:213,1
DA:215,1
DA:216,1
DA:217,1
DA:218,1
DA:219,1
DA:220,1
DA:221,1
DA:222,1
DA:223,1
DA:224,1
DA:225,1
DA:228,1
DA:240,1
DA:241,1
DA:242,1
DA:244,1
DA:247,1
DA:250,1
DA:253,1
DA:272,1
DA:274,1
DA:275,1
DA:278,1
DA:279,1
DA:280,1
DA:281,1
DA:282,1
DA:283,1
DA:284,1
DA:285,1
DA:286,0
DA:287,1
DA:288,1
DA:291,1
DA:292,1
DA:293,1
DA:294,1
DA:295,1
DA:296,1
DA:297,1
DA:298,0
DA:299,1
DA:301,1
DA:302,1
DA:303,1
DA:304,0
DA:305,1
DA:306,1
DA:309,1
DA:310,1
DA:311,1
DA:313,1
DA:314,1
DA:315,1
DA:316,1
DA:317,1
DA:318,1
DA:320,1
DA:321,1
DA:323,1
DA:335,1
DA:338,1
DA:357,1
DA:377,1
DA:378,1
DA:379,1
LF:89
LH:84
FN:41,63,_get_simple_features
FNDA:1,_get_simple_features
FN:73,127,load_simple_hf
FNDA:0,load_simple_hf
FN:130,159,load_raw_hf
FNDA:0,load_raw_hf
FN:162,193,load_flex_hf
FNDA:0,load_flex_hf
FN:196,225,load_simple
FNDA:1,load_simple
FN:228,250,load_flex
FNDA:1,load_flex
FN:253,335,load_raw
FNDA:1,load_raw
FN:338,354,play_audio
FNDA:0,play_audio
FN:357,398,extract_segment
FNDA:1,extract_segment
FNF:9
FNH:5
end_of_record
SF:src/oyez_sa_asr/memory_utils.py
DA:4,1
DA:5,1
DA:6,1
DA:7,1
DA:8,1
DA:10,1
DA:13,1
DA:16,1
DA:19,1
DA:26,1
DA:27,1
DA:28,1
DA:29,1
DA:30,1
DA:31,1
DA:33,1
DA:36,1
DA:38,1
DA:39,1
DA:40,1
DA:41,1
DA:42,1
DA:43,1
DA:44,1
DA:45,1
DA:46,1
DA:49,1
DA:51,1
DA:52,1
DA:58,1
DA:59,1
DA:60,1
DA:61,1
DA:62,1
DA:63,1
DA:64,1
DA:65,1
DA:66,1
DA:67,1
DA:70,1
DA:72,1
DA:73,1
DA:79,1
DA:80,1
DA:81,1
DA:82,1
DA:83,1
DA:84,1
DA:85,1
DA:86,1
DA:87,1
DA:90,1
DA:96,1
DA:97,1
DA:102,1
DA:103,1
DA:105,1
DA:111,1
DA:112,1
DA:113,1
DA:114,1
DA:115,1
DA:116,1
DA:117,1
DA:121,1
DA:124,1
DA:126,1
DA:127,1
DA:128,1
DA:129,1
DA:130,1
LF:71
LH:71
FN:19,33,set_pdeathsig
FNDA:1,set_pdeathsig
FN:36,46,get_oom_kill_count
FNDA:1,get_oom_kill_count
FN:49,67,get_memory_usage_mb
FNDA:1,get_memory_usage_mb
FN:70,87,get_swap_usage_mb
FNDA:1,get_swap_usage_mb
FN:90,117,kill_orphan_workers
FNDA:1,kill_orphan_workers
FN:124,136,check_oom
FNDA:1,check_oom
FNF:6
FNH:6
end_of_record
SF:src/oyez_sa_asr/scraper/__init__.py
DA:4,1
DA:5,1
DA:6,1
DA:14,1
DA:21,1
DA:23,1
LF:6
LH:6
end_of_record
SF:src/oyez_sa_asr/scraper/cache.py
DA:4,1
DA:5,1
DA:6,1
DA:7,1
DA:8,1
DA:10,1
DA:20,1
DA:23,1
DA:24,1
DA:25,1
DA:26,1
DA:28,1
DA:29,1
DA:31,1
DA:32,1
DA:33,1
DA:34,1
DA:36,1
DA:37,1
DA:38,1
DA:39,1
DA:41,1
DA:42,1
DA:43,1
DA:44,1
DA:46,1
DA:47,1
DA:49,1
DA:52,1
DA:53,1
DA:55,1
DA:56,1
DA:60,1
DA:61,1
DA:63,1
DA:64,1
DA:66,1
DA:67,1
DA:68,1
DA:70,1
DA:71,1
DA:78,1
DA:79,1
DA:81,1
DA:83,1
DA:84,1
DA:85,1
DA:86,1
DA:87,1
DA:88,1
DA:89,1
DA:90,1
DA:91,1
DA:92,1
DA:93,1
DA:95,1
DA:96,1
DA:97,1
DA:98,1
DA:99,1
DA:100,1
DA:101,1
DA:103,1
DA:105,1
DA:106,1
DA:107,1
DA:108,1
DA:111,1
DA:112,1
DA:114,1
DA:115,1
DA:117,1
DA:118,1
DA:119,1
DA:120,1
DA:121,1
DA:122,1
DA:123,1
DA:124,1
DA:125,1
DA:133,1
DA:134,1
DA:135,1
DA:137,1
DA:138,1
DA:139,1
DA:142,1
DA:143,1
DA:144,1
DA:148,1
DA:154,1
DA:155,1
DA:157,1
DA:158,1
DA:160,1
DA:161,1
DA:162,1
DA:164,1
DA:166,1
DA:167,1
DA:168,1
DA:169,1
DA:170,1
DA:171,1
DA:172,1
DA:173,1
DA:176,1
DA:177,1
DA:178,1
DA:179,1
DA:181,1
DA:183,1
DA:184,1
DA:185,1
DA:186,1
DA:187,1
DA:188,1
DA:189,1
DA:190,1
DA:191,1
DA:192,1
DA:193,1
DA:194,1
DA:195,1
DA:196,1
DA:197,1
DA:198,1
DA:199,1
DA:200,1
DA:201,1
DA:202,1
LF:131
LH:131
FN:23,26,FileCache.__init__
FNDA:1,FileCache.__init__
FN:28,29,FileCache._get_domain_dir
FNDA:1,FileCache._get_domain_dir
FN:31,34,FileCache._get_meta_dir
FNDA:1,FileCache._get_meta_dir
FN:36,39,FileCache._get_raw_dir
FNDA:1,FileCache._get_raw_dir
FN:41,44,FileCache._get_failed_dir
FNDA:1,FileCache._get_failed_dir
FN:46,47,FileCache._get_meta_path
FNDA:1,FileCache._get_meta_path
FN:49,53,FileCache._get_raw_path
FNDA:1,FileCache._get_raw_path
FN:55,58,FileCache._get_raw_path_by_hash
FNDA:1,FileCache._get_raw_path_by_hash
FN:60,61,FileCache._get_raw_path_relative_by_hash
FNDA:1,FileCache._get_raw_path_relative_by_hash
FN:63,64,FileCache._get_failed_path
FNDA:1,FileCache._get_failed_path
FN:67,68,FileCache._compute_content_hash
FNDA:1,FileCache._compute_content_hash
FN:70,79,FileCache._log_change
FNDA:1,FileCache._log_change
FN:81,101,FileCache.get
FNDA:1,FileCache.get
FN:103,158,FileCache.set
FNDA:1,FileCache.set
FN:160,162,FileCache._store_failed
FNDA:1,FileCache._store_failed
FN:164,179,FileCache.delete
FNDA:1,FileCache.delete
FN:181,202,FileCache.clear_expired
FNDA:1,FileCache.clear_expired
FNF:17
FNH:17
end_of_record
SF:src/oyez_sa_asr/scraper/case_models.py
DA:4,1
DA:5,1
DA:6,1
DA:7,1
DA:10,1
DA:12,1
DA:13,1
DA:14,1
DA:15,1
DA:17,1
DA:18,1
DA:19,1
DA:20,1
DA:22,1
DA:23,1
DA:24,1
DA:26,1
DA:29,1
DA:31,1
DA:32,0
DA:33,1
DA:34,1
DA:37,1
DA:38,1
DA:41,1
DA:42,1
DA:43,1
DA:44,1
DA:45,1
DA:46,1
DA:48,1
DA:49,1
DA:51,1
DA:60,1
DA:61,1
DA:63,1
DA:64,1
DA:65,1
DA:74,1
DA:76,1
DA:86,1
DA:87,1
DA:90,1
DA:91,1
DA:93,1
DA:94,1
DA:96,1
DA:97,1
DA:98,1
DA:100,1
DA:102,0
DA:105,1
DA:106,1
DA:109,1
DA:110,1
DA:111,1
DA:112,1
DA:114,1
DA:115,1
DA:117,1
DA:124,1
DA:126,1
LF:62
LH:60
FN:10,26,parse_opinion_title
FNDA:1,parse_opinion_title
FN:29,34,_unix_to_iso
FNDA:1,_unix_to_iso
FN:49,58,AudioReference.from_oral_argument
FNDA:1,AudioReference.from_oral_argument
FN:61,72,AudioReference.from_opinion_announcement
FNDA:1,AudioReference.from_opinion_announcement
FN:74,83,AudioReference.to_dict
FNDA:1,AudioReference.to_dict
FN:94,98,TimelineEvent.from_raw
FNDA:1,TimelineEvent.from_raw
FN:100,102,TimelineEvent.to_dict
FNDA:0,TimelineEvent.to_dict
FN:115,122,Decision.from_raw
FNDA:1,Decision.from_raw
FN:124,131,Decision.to_dict
FNDA:1,Decision.to_dict
FNF:9
FNH:8
end_of_record
SF:src/oyez_sa_asr/scraper/fetcher.py
DA:4,1
DA:5,1
DA:6,1
DA:7,1
DA:9,1
DA:10,1
DA:11,1
DA:17,1
DA:20,1
DA:27,1
DA:41,1
DA:42,1
DA:43,1
DA:45,1
DA:54,1
DA:55,1
DA:56,1
DA:57,1
DA:59,1
DA:61,1
DA:62,1
DA:63,1
DA:65,1
DA:66,1
DA:68,1
DA:82,1
DA:83,1
DA:85,1
DA:86,1
DA:87,1
DA:88,1
DA:89,1
DA:91,1
DA:93,1
DA:94,1
DA:100,1
DA:102,1
DA:103,1
DA:105,1
DA:106,1
DA:107,1
DA:108,1
DA:109,1
DA:110,1
DA:111,1
DA:115,1
DA:117,1
DA:119,1
DA:123,1
DA:124,1
DA:126,1
DA:130,1
DA:132,1
DA:133,1
DA:144,1
DA:146,1
DA:147,1
DA:153,1
DA:159,1
DA:160,1
DA:169,1
DA:171,1
DA:176,1
LF:63
LH:63
FN:27,43,AdaptiveFetcher.__init__
FNDA:1,AdaptiveFetcher.__init__
FN:45,66,AdaptiveFetcher._partition_cached
FNDA:1,AdaptiveFetcher._partition_cached
FN:68,117,AdaptiveFetcher.fetch_batch_adaptive
FNDA:1,AdaptiveFetcher.fetch_batch_adaptive
FN:119,124,AdaptiveFetcher.fetch_one
FNDA:1,AdaptiveFetcher.fetch_one
FN:126,130,AdaptiveFetcher.fetch_batch
FNDA:1,AdaptiveFetcher.fetch_batch
FN:133,157,AdaptiveFetcher.create
FNDA:1,AdaptiveFetcher.create
FN:160,180,AdaptiveFetcher.create_s3
FNDA:1,AdaptiveFetcher.create_s3
FNF:7
FNH:7
end_of_record
SF:src/oyez_sa_asr/scraper/httpx_downloader.py
DA:4,1
DA:5,1
DA:6,1
DA:8,1
DA:10,1
DA:11,1
DA:14,1
DA:17,1
DA:20,1
DA:37,1
DA:38,1
DA:39,1
DA:40,1
DA:46,1
DA:48,1
DA:49,1
DA:50,0
DA:52,1
DA:54,1
DA:55,1
DA:56,1
DA:57,1
DA:58,1
DA:59,1
DA:69,1
DA:71,1
DA:72,1
DA:73,1
DA:74,1
DA:76,1
DA:80,1
DA:81,1
DA:84,1
DA:85,1
DA:86,1
DA:87,1
DA:88,1
DA:97,1
DA:98,1
DA:100,1
DA:101,1
DA:107,1
DA:108,1
DA:109,1
DA:111,1
DA:112,1
DA:114,1
DA:115,1
DA:117,1
DA:118,1
LF:50
LH:49
FN:20,44,HttpxDownloader.__init__
FNDA:1,HttpxDownloader.__init__
FN:46,50,HttpxDownloader._parse_cached_response
FNDA:1,HttpxDownloader._parse_cached_response
FN:52,67,HttpxDownloader.check_cache
FNDA:1,HttpxDownloader.check_cache
FN:69,74,HttpxDownloader.is_transient_failure
FNDA:1,HttpxDownloader.is_transient_failure
FN:76,112,HttpxDownloader.fetch
FNDA:1,HttpxDownloader.fetch
FN:115,118,HttpxDownloader.create_client
FNDA:1,HttpxDownloader.create_client
FNF:6
FNH:6
end_of_record
SF:src/oyez_sa_asr/scraper/models.py
DA:4,1
DA:5,1
DA:6,1
DA:7,1
DA:10,1
DA:32,1
DA:43,1
DA:46,1
DA:47,1
DA:50,1
DA:51,1
DA:52,1
DA:53,0
DA:54,1
DA:55,0
DA:58,1
DA:61,1
DA:62,1
DA:65,1
DA:66,1
DA:67,1
DA:68,1
DA:70,1
DA:72,1
DA:79,1
DA:80,1
DA:82,1
DA:90,1
DA:91,1
DA:94,1
DA:95,1
DA:96,1
DA:98,1
DA:100,1
DA:101,1
DA:104,1
DA:105,1
DA:108,1
DA:109,1
DA:110,1
DA:111,1
DA:112,1
DA:113,1
DA:114,1
DA:116,1
DA:118,1
DA:120,1
DA:122,1
DA:123,1
DA:124,1
DA:126,1
DA:128,1
DA:138,1
DA:139,1
DA:141,1
DA:142,1
DA:143,1
DA:153,1
DA:154,1
DA:163,1
DA:164,1
DA:174,1
DA:175,1
DA:178,1
DA:179,1
DA:181,1
DA:183,1
DA:185,1
DA:186,1
DA:188,1
DA:190,1
DA:191,1
DA:193,1
DA:196,1
DA:197,1
DA:200,1
DA:201,1
DA:202,1
DA:203,1
DA:204,1
DA:205,1
DA:206,1
DA:207,1
DA:209,1
DA:211,1
LF:85
LH:83
FN:32,58,get_extension_for_content_type
FNDA:1,get_extension_for_content_type
FN:70,77,ContentVersion.to_dict
FNDA:1,ContentVersion.to_dict
FN:80,87,ContentVersion.from_dict
FNDA:1,ContentVersion.from_dict
FN:98,101,RequestMetadata.cache_key
FNDA:1,RequestMetadata.cache_key
FN:116,118,CacheMeta.is_expired
FNDA:1,CacheMeta.is_expired
FN:120,124,CacheMeta.get_latest_version
FNDA:1,CacheMeta.get_latest_version
FN:126,136,CacheMeta.to_dict
FNDA:1,CacheMeta.to_dict
FN:139,151,CacheMeta.from_dict
FNDA:1,CacheMeta.from_dict
FN:154,171,CacheMeta.create
FNDA:1,CacheMeta.create
FN:181,183,CacheEntry.is_expired
FNDA:1,CacheEntry.is_expired
FN:186,188,CacheEntry.url
FNDA:1,CacheEntry.url
FN:191,193,CacheEntry.status_code
FNDA:1,CacheEntry.status_code
FN:209,218,FetchResult.to_dict
FNDA:1,FetchResult.to_dict
FNF:13
FNH:13
end_of_record
SF:src/oyez_sa_asr/scraper/parser.py
DA:4,1
DA:5,1
DA:6,1
DA:7,1
DA:8,1
DA:11,1
DA:21,1
DA:22,1
DA:23,1
DA:24,1
DA:27,1
DA:28,1
DA:31,1
DA:32,1
DA:34,1
DA:35,1
DA:37,1
DA:38,1
DA:39,1
DA:41,1
DA:43,1
DA:46,1
DA:47,1
DA:50,1
DA:51,1
DA:52,1
DA:54,1
DA:55,1
DA:57,1
DA:58,1
DA:59,1
DA:65,1
DA:67,1
DA:70,1
DA:71,1
DA:74,1
DA:75,1
DA:76,1
DA:77,1
DA:78,1
DA:79,1
DA:80,1
DA:81,1
DA:82,1
DA:83,1
DA:85,1
DA:86,1
DA:88,1
DA:90,1
DA:92,1
DA:105,1
DA:107,1
DA:121,1
DA:122,1
DA:125,1
DA:126,1
DA:128,1
DA:129,1
DA:131,1
DA:133,1
DA:135,1
DA:141,1
DA:147,1
DA:148,1
DA:149,1
DA:152,1
DA:162,1
DA:164,1
DA:165,1
DA:167,1
DA:169,1
DA:170,1
DA:171,1
DA:172,1
DA:175,1
DA:176,1
DA:179,1
DA:180,1
DA:183,1
DA:184,1
DA:185,1
DA:187,1
DA:189,1
DA:191,1
LF:84
LH:84
FN:11,24,unix_timestamp_to_iso
FNDA:1,unix_timestamp_to_iso
FN:35,39,TimelineEvent.from_raw
FNDA:1,TimelineEvent.from_raw
FN:41,43,TimelineEvent.to_dict
FNDA:1,TimelineEvent.to_dict
FN:55,63,Citation.from_raw
FNDA:1,Citation.from_raw
FN:65,67,Citation.to_dict
FNDA:1,Citation.to_dict
FN:86,103,CaseSummary.from_raw
FNDA:1,CaseSummary.from_raw
FN:105,118,CaseSummary.to_dict
FNDA:1,CaseSummary.to_dict
FN:129,131,CasesIndex.total_cases
FNDA:1,CasesIndex.total_cases
FN:133,139,CasesIndex.to_dict
FNDA:1,CasesIndex.to_dict
FN:141,149,CasesIndex.save
FNDA:1,CasesIndex.save
FN:152,191,parse_cached_cases
FNDA:1,parse_cached_cases
FNF:11
FNH:11
end_of_record
SF:src/oyez_sa_asr/scraper/parser_cases.py
DA:4,1
DA:5,1
DA:6,1
DA:7,1
DA:9,1
DA:17,1
DA:27,1
DA:34,1
DA:36,1
DA:37,1
DA:39,1
DA:41,1
DA:42,1
DA:43,1
DA:44,1
DA:45,0
DA:47,1
DA:48,1
DA:49,1
DA:50,1
DA:52,1
DA:53,1
DA:54,1
DA:56,1
DA:57,1
DA:58,1
DA:60,1
DA:61,1
DA:63,1
DA:66,1
DA:67,1
DA:70,1
DA:71,1
DA:72,1
DA:73,1
DA:74,1
DA:75,1
DA:76,1
DA:77,1
DA:78,1
DA:80,1
DA:81,1
DA:83,1
DA:84,1
DA:86,1
DA:87,1
DA:89,1
DA:90,1
DA:92,1
DA:93,1
DA:97,1
DA:109,1
DA:111,1
DA:123,1
DA:125,1
DA:126,1
DA:127,1
DA:128,1
DA:129,1
DA:130,1
DA:131,1
DA:132,1
DA:133,1
LF:63
LH:62
FN:27,63,extract_media_urls
FNDA:1,extract_media_urls
FN:81,107,ProcessedCase.from_raw
FNDA:1,ProcessedCase.from_raw
FN:109,121,ProcessedCase.to_dict
FNDA:1,ProcessedCase.to_dict
FN:123,133,ProcessedCase.save
FNDA:1,ProcessedCase.save
FNF:4
FNH:4
end_of_record
SF:src/oyez_sa_asr/scraper/parser_transcripts.py
DA:4,1
DA:5,1
DA:6,1
DA:7,1
DA:8,1
DA:11,1
DA:24,1
DA:25,1
DA:28,1
DA:29,1
DA:30,1
DA:31,1
DA:34,1
DA:35,1
DA:36,1
DA:37,1
DA:40,1
DA:41,1
DA:43,1
DA:47,1
DA:48,1
DA:49,1
DA:52,1
DA:60,1
DA:61,1
DA:64,1
DA:65,1
DA:68,1
DA:69,1
DA:70,1
DA:71,1
DA:72,1
DA:73,1
DA:76,1
DA:77,1
DA:79,1
DA:82,1
DA:83,1
DA:86,1
DA:87,1
DA:88,1
DA:89,1
DA:90,1
DA:91,1
DA:92,1
DA:93,1
DA:94,1
DA:95,1
DA:96,1
DA:97,1
DA:98,1
DA:99,1
DA:100,1
DA:102,1
DA:103,1
DA:111,1
DA:112,1
DA:113,1
DA:115,1
DA:116,1
DA:117,1
DA:119,1
DA:120,1
DA:121,1
DA:123,1
DA:124,1
DA:127,1
DA:128,1
DA:129,1
DA:130,1
DA:133,1
DA:140,1
DA:158,1
DA:160,1
DA:179,1
DA:192,1
DA:194,1
DA:195,1
DA:197,1
DA:199,1
DA:200,1
DA:201,1
DA:202,1
DA:203,0
DA:205,1
DA:206,1
DA:207,1
DA:208,1
DA:210,1
DA:211,1
DA:213,1
DA:214,1
DA:215,1
DA:217,1
DA:218,1
DA:219,1
DA:221,1
DA:222,1
DA:224,1
DA:227,1
DA:240,1
DA:242,1
DA:243,1
DA:245,1
DA:247,1
DA:248,1
DA:249,1
DA:250,1
DA:251,0
DA:253,1
DA:254,1
DA:255,1
DA:257,1
DA:258,1
DA:259,1
DA:260,1
DA:262,1
DA:265,1
DA:266,1
DA:267,1
DA:269,1
DA:270,1
DA:272,1
DA:276,1
LF:124
LH:122
FN:11,43,parse_transcript_type
FNDA:1,parse_transcript_type
FN:52,79,_validate_turn
FNDA:1,_validate_turn
FN:103,156,ProcessedTurn.from_raw
FNDA:1,ProcessedTurn.from_raw
FN:158,176,ProcessedTurn.to_dict
FNDA:1,ProcessedTurn.to_dict
FN:179,224,build_transcript_to_case_map
FNDA:1,build_transcript_to_case_map
FN:227,272,extract_audio_urls
FNDA:1,extract_audio_urls
FNF:6
FNH:6
end_of_record
SF:src/oyez_sa_asr/scraper/s3_downloader.py
DA:4,1
DA:5,1
DA:6,1
DA:7,1
DA:8,1
DA:10,1
DA:11,1
DA:12,1
DA:13,1
DA:15,1
DA:20,1
DA:23,1
DA:42,1
DA:43,1
DA:44,1
DA:47,1
DA:48,1
DA:49,1
DA:51,1
DA:52,1
DA:55,1
DA:58,1
DA:73,1
DA:74,1
DA:75,1
DA:80,1
DA:82,1
DA:84,1
DA:86,1
DA:88,1
DA:89,1
DA:90,1
DA:92,1
DA:94,1
DA:96,1
DA:98,1
DA:99,1
DA:100,1
DA:109,1
DA:111,1
DA:112,1
DA:113,1
DA:114,1
DA:115,1
DA:116,1
DA:117,1
DA:124,1
DA:125,1
DA:126,1
DA:128,1
DA:130,1
DA:131,1
DA:132,1
DA:133,1
DA:136,1
DA:137,1
DA:138,1
DA:148,1
DA:150,1
DA:152,1
DA:153,1
DA:155,1
DA:156,1
DA:158,1
DA:160,1
DA:161,1
DA:162,1
DA:163,1
DA:169,1
DA:171,1
DA:173,1
DA:176,1
DA:177,1
DA:180,1
DA:183,1
DA:185,1
DA:194,1
DA:195,1
DA:196,1
DA:199,1
DA:206,1
DA:207,1
DA:208,1
DA:209,0
DA:210,0
DA:216,1
DA:217,1
DA:219,1
DA:223,1
LF:89
LH:87
FN:23,52,parse_s3_url
FNDA:1,parse_s3_url
FN:58,80,S3Downloader.__init__
FNDA:1,S3Downloader.__init__
FN:82,84,S3Downloader._get_local_path
FNDA:1,S3Downloader._get_local_path
FN:86,90,S3Downloader._get_unavailable_dir
FNDA:1,S3Downloader._get_unavailable_dir
FN:92,94,S3Downloader._get_unavailable_path
FNDA:1,S3Downloader._get_unavailable_path
FN:96,107,S3Downloader._cache_unavailable
FNDA:1,S3Downloader._cache_unavailable
FN:109,126,S3Downloader._check_unavailable_cache
FNDA:1,S3Downloader._check_unavailable_cache
FN:128,148,S3Downloader.check_cache
FNDA:1,S3Downloader.check_cache
FN:150,156,S3Downloader.is_transient_failure
FNDA:1,S3Downloader.is_transient_failure
FN:158,214,S3Downloader.fetch
FNDA:1,S3Downloader.fetch
FN:217,223,S3Downloader.create_client
FNDA:1,S3Downloader.create_client
FNF:11
FNH:11
end_of_record
SF:src/oyez_sa_asr/scraper/transcript_models.py
DA:4,1
DA:5,1
DA:6,1
DA:7,1
DA:8,1
DA:10,1
DA:13,1
DA:15,1
DA:16,1
DA:17,1
DA:19,1
DA:20,1
DA:21,0
DA:22,1
DA:23,1
DA:24,1
DA:25,1
DA:26,1
DA:27,1
DA:28,1
DA:29,1
DA:31,1
DA:34,1
DA:35,1
DA:38,1
DA:39,1
DA:40,1
DA:41,1
DA:42,1
DA:43,1
DA:44,1
DA:45,1
DA:47,1
DA:48,1
DA:52,1
DA:53,1
DA:54,1
DA:55,1
DA:57,1
DA:58,1
DA:59,1
DA:61,1
DA:62,1
DA:63,1
DA:64,1
DA:65,1
DA:66,1
DA:68,1
DA:69,1
DA:70,1
DA:73,1
DA:74,1
DA:75,1
DA:76,1
DA:77,1
DA:78,1
DA:79,1
DA:83,1
DA:84,1
DA:85,1
DA:86,1
DA:88,1
DA:89,1
DA:95,1
DA:96,1
DA:97,1
DA:98,1
DA:99,1
DA:101,1
DA:106,1
DA:108,1
DA:122,1
DA:133,1
DA:135,1
DA:146,1
DA:148,1
DA:149,0
DA:150,1
DA:152,1
DA:159,1
DA:160,1
DA:161,1
DA:162,1
DA:163,1
DA:164,1
DA:165,1
DA:166,1
DA:167,1
LF:88
LH:86
FN:13,31,_extract_audio_urls
FNDA:1,_extract_audio_urls
FN:48,131,ProcessedTranscript.from_raw
FNDA:1,ProcessedTranscript.from_raw
FN:133,144,ProcessedTranscript.to_dict
FNDA:1,ProcessedTranscript.to_dict
FN:146,150,ProcessedTranscript.get_filename
FNDA:1,ProcessedTranscript.get_filename
FN:152,167,ProcessedTranscript.save
FNDA:1,ProcessedTranscript.save
FNF:5
FNH:5
end_of_record
SF:src/oyez_sa_asr/scraper/traverser.py
DA:4,1
DA:5,1
DA:7,1
DA:8,1
DA:10,1
DA:11,1
DA:12,1
DA:15,1
DA:21,1
DA:37,1
DA:38,1
DA:39,1
DA:40,1
DA:42,1
DA:44,1
DA:49,1
DA:51,1
DA:53,1
DA:60,1
DA:62,1
DA:64,1
DA:65,1
DA:67,1
DA:68,1
DA:70,1
DA:73,1
DA:74,1
DA:76,1
DA:77,1
DA:79,1
DA:81,1
DA:88,1
DA:90,1
DA:91,1
DA:92,1
DA:93,1
DA:98,1
DA:99,1
DA:101,1
DA:103,1
DA:104,1
DA:106,1
DA:107,1
DA:108,1
LF:44
LH:44
FN:21,40,OyezCasesTraverser.__init__
FNDA:1,OyezCasesTraverser.__init__
FN:42,47,OyezCasesTraverser._build_url
FNDA:1,OyezCasesTraverser._build_url
FN:49,51,OyezCasesTraverser._create_request
FNDA:1,OyezCasesTraverser._create_request
FN:53,79,OyezCasesTraverser.traverse
FNDA:1,OyezCasesTraverser.traverse
FN:81,101,OyezCasesTraverser.fetch_all
FNDA:1,OyezCasesTraverser.fetch_all
FN:104,108,OyezCasesTraverser._is_empty_result
FNDA:1,OyezCasesTraverser._is_empty_result
FNF:6
FNH:6
end_of_record
SF:src/oyez_sa_asr/scraper/worker_pool.py
DA:4,1
DA:6,1
DA:7,1
DA:8,1
DA:15,1
DA:24,1
DA:41,1
DA:42,1
DA:43,1
DA:44,1
DA:45,1
DA:46,1
DA:47,1
DA:48,1
DA:49,1
DA:50,1
DA:53,1
DA:54,1
DA:55,1
DA:56,1
DA:58,1
DA:59,1
DA:61,1
DA:63,1
DA:65,1
DA:66,1
DA:67,1
DA:68,1
DA:69,1
DA:70,1
DA:71,1
DA:81,1
DA:83,1
DA:85,1
DA:86,1
DA:88,1
DA:90,1
DA:91,1
DA:93,1
DA:99,1
DA:100,1
DA:103,1
DA:104,1
DA:107,1
DA:108,1
DA:109,0
DA:111,1
DA:114,1
DA:115,1
DA:116,1
DA:117,1
DA:118,1
DA:121,1
DA:122,1
DA:123,1
DA:124,1
DA:126,1
DA:128,1
DA:129,1
DA:130,1
DA:131,1
DA:132,1
DA:133,1
DA:134,1
DA:135,1
DA:136,1
DA:137,1
DA:138,1
DA:140,1
DA:142,1
DA:143,1
DA:144,1
DA:145,1
DA:146,1
DA:147,1
DA:148,1
DA:149,1
DA:150,1
DA:151,1
DA:152,1
DA:153,1
DA:154,1
DA:156,1
DA:158,1
DA:160,1
DA:162,1
DA:163,1
DA:164,1
DA:167,1
DA:176,1
DA:177,1
DA:178,1
DA:179,1
DA:180,1
DA:182,1
DA:183,1
DA:185,1
DA:186,1
DA:187,1
DA:190,1
DA:191,1
DA:192,1
DA:194,1
DA:196,1
DA:197,0
LF:105
LH:103
FN:24,56,WorkerPool.__init__
FNDA:1,WorkerPool.__init__
FN:59,61,WorkerPool.worker_count
FNDA:1,WorkerPool.worker_count
FN:63,81,WorkerPool.spawn_workers
FNDA:1,WorkerPool.spawn_workers
FN:83,86,WorkerPool.record_result
FNDA:1,WorkerPool.record_result
FN:88,91,WorkerPool._reset_rate_window
FNDA:1,WorkerPool._reset_rate_window
FN:93,124,WorkerPool.check_scaling
FNDA:1,WorkerPool.check_scaling
FN:126,138,WorkerPool._shutdown_workers
FNDA:1,WorkerPool._shutdown_workers
FN:140,154,WorkerPool.shutdown_all
FNDA:1,WorkerPool.shutdown_all
FN:156,158,WorkerPool.add_request
FNDA:1,WorkerPool.add_request
FN:160,164,WorkerPool.get_result
FNDA:1,WorkerPool.get_result
FN:167,197,_worker_coroutine
FNDA:1,_worker_coroutine
FNF:11
FNH:11
end_of_record
SF:src/oyez_sa_asr/speaker_models.py
DA:4,1
DA:5,1
DA:6,1
DA:7,1
DA:8,1
DA:13,1
DA:14,1
DA:17,1
DA:27,1
DA:28,1
DA:30,1
DA:32,1
DA:33,1
DA:36,1
DA:37,1
DA:40,1
DA:41,1
DA:42,1
DA:43,1
DA:45,1
DA:47,1
DA:55,1
DA:56,1
DA:59,1
DA:60,1
DA:61,1
DA:62,1
DA:63,1
DA:64,1
DA:65,1
DA:67,1
DA:69,1
DA:80,1
DA:81,1
DA:84,1
DA:85,1
DA:86,1
DA:87,1
DA:88,1
DA:89,1
DA:90,1
DA:91,1
DA:92,1
DA:94,1
DA:96,1
DA:99,1
DA:110,1
DA:119,1
DA:120,1
DA:123,1
DA:124,1
DA:125,1
DA:126,1
DA:127,1
DA:128,1
DA:129,1
DA:131,1
DA:133,1
DA:134,1
DA:136,1
DA:137,1
DA:138,1
DA:139,1
DA:141,1
DA:159,1
DA:160,1
DA:161,1
DA:163,1
DA:165,1
DA:167,1
DA:168,1
DA:170,1
DA:171,1
DA:172,1
DA:174,1
DA:183,1
DA:185,1
DA:187,1
DA:188,1
DA:189,1
DA:191,1
DA:193,1
DA:202,1
DA:204,1
DA:206,1
DA:208,1
DA:210,1
DA:212,1
DA:214,1
DA:216,1
DA:229,1
DA:237,1
DA:238,1
DA:239,1
DA:240,1
DA:243,1
DA:244,1
DA:245,1
DA:247,1
DA:248,1
DA:249,1
LF:101
LH:101
FN:17,33,slugify_name
FNDA:1,slugify_name
FN:45,52,TermStats.to_dict
FNDA:1,TermStats.to_dict
FN:67,77,RecordingAppearance.to_dict
FNDA:1,RecordingAppearance.to_dict
FN:94,96,SpeakerProfile.__post_init__
FNDA:1,SpeakerProfile.__post_init__
FN:99,129,SpeakerProfile.add_appearance
FNDA:1,SpeakerProfile.add_appearance
FN:131,139,SpeakerProfile.update_appearance_dates
FNDA:1,SpeakerProfile.update_appearance_dates
FN:141,172,SpeakerProfile.detect_role
FNDA:1,SpeakerProfile.detect_role
FN:174,183,SpeakerProfile.finalize
FNDA:1,SpeakerProfile.finalize
FN:185,200,SpeakerProfile.get_totals
FNDA:1,SpeakerProfile.get_totals
FN:202,204,SpeakerProfile.get_by_term
FNDA:1,SpeakerProfile.get_by_term
FN:206,208,SpeakerProfile.get_filename
FNDA:1,SpeakerProfile.get_filename
FN:210,212,SpeakerProfile.get_subdir
FNDA:1,SpeakerProfile.get_subdir
FN:214,227,SpeakerProfile.to_dict
FNDA:1,SpeakerProfile.to_dict
FN:229,249,SpeakerProfile.save
FNDA:1,SpeakerProfile.save
FNF:14
FNH:14
end_of_record
SF:src/oyez_sa_asr/term_filter.py
DA:4,1
DA:5,1
DA:6,1
DA:8,1
DA:11,1
DA:27,1
DA:28,1
DA:29,1
DA:30,1
DA:31,1
DA:34,1
DA:45,1
LF:12
LH:12
FN:11,31,filter_by_terms
FNDA:1,filter_by_terms
FN:34,45,filter_dirs
FNDA:1,filter_dirs
FNF:2
FNH:2
end_of_record
SF:src/oyez_sa_asr/term_parser.py
DA:15,1
DA:16,1
DA:19,1
DA:37,1
DA:38,1
DA:40,1
DA:42,1
DA:43,1
DA:44,1
DA:47,1
DA:49,1
DA:50,1
DA:52,1
DA:54,1
DA:56,1
DA:57,0
DA:61,1
DA:64,1
DA:84,1
DA:85,1
DA:86,1
DA:88,1
DA:91,1
DA:92,1
DA:95,1
DA:98,1
DA:100,0
DA:101,1
DA:103,1
DA:105,1
DA:106,1
DA:108,1
DA:109,1
DA:111,1
DA:112,1
DA:113,1
DA:114,0
DA:115,1
DA:117,1
DA:118,0
DA:120,1
DA:123,1
DA:146,1
DA:147,1
DA:149,1
DA:152,1
DA:154,1
DA:155,1
DA:157,1
DA:158,1
DA:161,1
DA:162,1
DA:165,1
DA:168,1
DA:178,1
DA:179,1
DA:181,1
DA:183,1
DA:184,1
DA:185,1
DA:187,1
LF:61
LH:57
FN:19,61,expand_abbreviation
FNDA:1,expand_abbreviation
FN:64,120,parse_range
FNDA:1,parse_range
FN:123,165,parse_terms
FNDA:1,parse_terms
FN:168,187,parse_term_list
FNDA:1,parse_term_list
FNF:4
FNH:4
end_of_record
SF:src/oyez_sa_asr/utterance_filter.py
DA:11,1
DA:12,1
DA:13,1
DA:14,1
DA:16,1
DA:19,1
DA:20,1
DA:23,1
DA:24,1
DA:25,1
DA:26,1
DA:27,1
DA:28,1
DA:31,1
DA:33,1
DA:34,1
DA:35,1
DA:36,0
DA:37,1
DA:40,1
DA:42,1
DA:43,1
DA:44,1
DA:47,1
DA:48,1
DA:50,1
DA:51,0
DA:53,1
DA:56,1
DA:58,1
DA:59,1
DA:62,1
DA:63,1
DA:65,1
DA:68,1
DA:73,1
DA:77,1
DA:78,1
DA:79,1
DA:81,1
DA:83,1
DA:85,1
DA:87,1
DA:88,1
DA:89,1
DA:91,1
DA:92,1
DA:93,1
DA:96,1
DA:97,1
DA:100,1
DA:101,1
DA:102,1
DA:104,1
DA:105,1
DA:106,1
DA:108,1
DA:111,1
DA:115,1
DA:117,1
DA:118,1
DA:119,1
DA:120,1
DA:122,1
DA:125,1
DA:131,1
DA:136,1
DA:137,1
DA:139,1
DA:140,0
DA:142,1
DA:145,1
DA:154,1
DA:157,1
DA:160,1
DA:162,1
DA:164,1
DA:166,1
DA:167,1
DA:168,1
DA:171,1
DA:172,1
DA:173,1
DA:176,1
DA:177,1
DA:178,1
DA:181,1
DA:182,1
DA:183,1
DA:185,1
DA:186,1
DA:188,1
DA:199,1
LF:93
LH:90
FN:31,37,_calculate_wpm
FNDA:1,_calculate_wpm
FN:40,53,_check_invalid_timestamps
FNDA:1,_check_invalid_timestamps
FN:56,65,_check_abnormal_wpm
FNDA:1,_check_abnormal_wpm
FN:68,108,_find_overlapping
FNDA:1,_find_overlapping
FN:111,122,_calculate_recording_durations
FNDA:1,_calculate_recording_durations
FN:125,142,_check_too_long_ratio
FNDA:1,_check_too_long_ratio
FN:145,199,filter_utterances
FNDA:1,filter_utterances
FNF:7
FNH:7
end_of_record
SF:tests/__init__.py
end_of_record
SF:tests/test_audio_analysis.py
DA:4,1
DA:6,1
DA:12,1
DA:15,1
DA:18,1
DA:21,1
DA:22,1
DA:25,1
DA:26,1
DA:28,1
DA:31,1
DA:33,1
DA:34,1
DA:36,1
DA:39,1
DA:40,1
DA:42,1
DA:45,1
DA:46,1
DA:49,1
DA:52,1
DA:55,1
DA:57,1
DA:58,1
DA:59,1
DA:61,1
DA:64,1
DA:65,1
DA:66,1
DA:68,1
DA:70,1
DA:71,1
DA:72,1
DA:74,1
DA:76,1
DA:77,1
DA:78,1
DA:81,1
DA:84,1
DA:86,1
DA:87,1
DA:89,1
DA:90,1
DA:91,1
DA:92,1
DA:94,1
DA:97,1
DA:98,1
DA:100,1
DA:101,1
DA:102,1
DA:103,1
DA:105,1
DA:108,1
DA:110,1
DA:111,1
DA:112,1
DA:113,1
DA:114,1
DA:115,1
DA:117,1
DA:119,1
DA:120,1
DA:121,1
DA:122,1
DA:124,1
DA:127,1
DA:128,1
DA:129,1
DA:132,1
DA:133,1
DA:134,1
DA:136,1
DA:138,1
DA:139,1
DA:141,1
DA:142,1
DA:144,1
DA:147,1
DA:148,1
DA:149,1
DA:150,1
DA:151,1
DA:152,1
DA:153,1
DA:155,1
DA:157,1
DA:159,1
DA:162,1
DA:165,1
DA:167,1
DA:168,1
DA:169,1
DA:171,1
DA:175,1
DA:177,1
DA:178,1
DA:179,1
DA:181,1
DA:182,1
LF:100
LH:100
FN:18,26,TestComputeFrameEnergies.test_constant_amplitude_uniform_energy
FNDA:1,TestComputeFrameEnergies.test_constant_amplitude_uniform_energy
FN:28,40,TestComputeFrameEnergies.test_varying_amplitude_varied_energy
FNDA:1,TestComputeFrameEnergies.test_varying_amplitude_varied_energy
FN:42,49,TestComputeFrameEnergies.test_short_audio_handled
FNDA:1,TestComputeFrameEnergies.test_short_audio_handled
FN:55,59,TestComputeEnergyCv.test_uniform_energies_low_cv
FNDA:1,TestComputeEnergyCv.test_uniform_energies_low_cv
FN:61,66,TestComputeEnergyCv.test_varied_energies_high_cv
FNDA:1,TestComputeEnergyCv.test_varied_energies_high_cv
FN:68,72,TestComputeEnergyCv.test_empty_array_returns_zero
FNDA:1,TestComputeEnergyCv.test_empty_array_returns_zero
FN:74,78,TestComputeEnergyCv.test_near_zero_energies_returns_zero
FNDA:1,TestComputeEnergyCv.test_near_zero_energies_returns_zero
FN:84,92,TestDetectAnomalies.test_all_zeros_detected
FNDA:1,TestDetectAnomalies.test_all_zeros_detected
FN:94,103,TestDetectAnomalies.test_constant_noise_detected
FNDA:1,TestDetectAnomalies.test_constant_noise_detected
FN:105,122,TestDetectAnomalies.test_varying_amplitude_valid
FNDA:1,TestDetectAnomalies.test_varying_amplitude_valid
FN:124,134,TestDetectAnomalies.test_short_audio_handled
FNDA:1,TestDetectAnomalies.test_short_audio_handled
FN:136,142,TestDetectAnomalies.test_mono_input
FNDA:1,TestDetectAnomalies.test_mono_input
FN:144,159,TestDetectAnomalies.test_stereo_input
FNDA:1,TestDetectAnomalies.test_stereo_input
FN:165,169,TestEdgeCases.test_single_sample
FNDA:1,TestEdgeCases.test_single_sample
FN:171,182,TestEdgeCases.test_very_long_audio
FNDA:1,TestEdgeCases.test_very_long_audio
FNF:15
FNH:15
end_of_record
SF:tests/test_audio_segment.py
DA:4,1
DA:5,1
DA:6,1
DA:8,1
DA:9,1
DA:11,1
DA:16,1
DA:19,1
DA:21,1
DA:22,1
DA:24,1
DA:25,1
DA:26,1
DA:28,1
DA:29,1
DA:32,1
DA:35,1
DA:37,1
DA:38,1
DA:39,1
DA:40,1
DA:41,1
DA:43,1
DA:44,1
DA:45,1
DA:47,1
DA:48,1
DA:49,1
DA:50,1
DA:52,1
DA:54,1
DA:56,1
DA:57,1
DA:58,1
DA:59,1
DA:61,1
DA:62,1
DA:63,1
DA:65,1
DA:66,1
DA:67,1
DA:68,1
DA:70,1
DA:72,1
DA:74,1
DA:75,1
DA:76,1
DA:77,1
DA:79,1
DA:80,1
DA:81,1
DA:83,1
DA:84,1
DA:85,1
DA:86,1
DA:88,1
DA:90,1
DA:92,1
DA:93,1
DA:94,1
DA:95,1
DA:97,1
DA:100,1
DA:103,1
DA:105,1
DA:106,1
DA:107,1
DA:108,1
DA:110,1
DA:112,1
DA:114,1
DA:115,1
DA:116,1
DA:117,1
DA:119,1
DA:122,1
DA:125,1
DA:127,1
DA:128,1
DA:129,1
DA:130,1
DA:132,1
DA:135,1
DA:136,1
DA:137,1
DA:139,1
DA:141,1
DA:142,1
DA:144,1
DA:148,1
DA:149,1
DA:150,1
DA:152,1
DA:153,1
DA:154,1
DA:157,1
DA:160,1
DA:162,1
DA:163,1
DA:164,1
DA:165,1
DA:167,1
DA:168,1
DA:169,1
DA:170,1
DA:171,1
DA:173,1
DA:175,1
DA:177,1
DA:178,1
DA:179,1
DA:180,1
DA:181,1
DA:183,1
DA:185,1
DA:187,1
DA:188,1
DA:189,1
DA:190,1
DA:192,1
DA:194,1
DA:196,1
DA:197,1
DA:198,1
DA:199,1
DA:201,1
DA:203,1
DA:207,1
DA:208,1
DA:210,1
DA:212,1
DA:218,1
DA:219,1
DA:221,1
DA:223,1
DA:226,1
DA:227,1
DA:229,1
DA:230,1
DA:231,1
DA:232,1
DA:234,1
DA:235,1
DA:237,1
DA:240,1
DA:241,1
DA:242,1
DA:244,1
DA:246,1
DA:248,1
DA:249,1
DA:252,1
DA:253,1
DA:257,1
LF:154
LH:154
FN:19,29,_create_test_audio
FNDA:1,_create_test_audio
FN:35,52,TestExtractSegment.test_extract_middle_segment
FNDA:1,TestExtractSegment.test_extract_middle_segment
FN:54,70,TestExtractSegment.test_extract_from_start
FNDA:1,TestExtractSegment.test_extract_from_start
FN:72,88,TestExtractSegment.test_extract_to_end
FNDA:1,TestExtractSegment.test_extract_to_end
FN:90,97,TestExtractSegment.test_extract_returns_valid_flac
FNDA:1,TestExtractSegment.test_extract_returns_valid_flac
FN:103,110,TestExtractSegmentValidation.test_rejects_invalid_time_range
FNDA:1,TestExtractSegmentValidation.test_rejects_invalid_time_range
FN:112,119,TestExtractSegmentValidation.test_rejects_equal_times
FNDA:1,TestExtractSegmentValidation.test_rejects_equal_times
FN:125,137,TestExtractSegmentFromArray.test_extract_from_array
FNDA:1,TestExtractSegmentFromArray.test_extract_from_array
FN:139,154,TestExtractSegmentFromArray.test_preserves_sample_rate
FNDA:1,TestExtractSegmentFromArray.test_preserves_sample_rate
FN:160,173,TestExtractSegmentsBatch.test_batch_extraction
FNDA:1,TestExtractSegmentsBatch.test_batch_extraction
FN:175,183,TestExtractSegmentsBatch.test_batch_reads_file_once
FNDA:1,TestExtractSegmentsBatch.test_batch_reads_file_once
FN:185,192,TestExtractSegmentsBatch.test_empty_segments_list
FNDA:1,TestExtractSegmentsBatch.test_empty_segments_list
FN:194,201,TestExtractSegmentsBatch.test_single_segment_batch
FNDA:1,TestExtractSegmentsBatch.test_single_segment_batch
FN:203,221,TestExtractSegmentsBatch.test_handles_no_audio_streams
FNDA:1,TestExtractSegmentsBatch.test_handles_no_audio_streams
FN:223,244,TestExtractSegmentsBatch.test_handles_interleaved_multi_channel_audio
FNDA:1,TestExtractSegmentsBatch.test_handles_interleaved_multi_channel_audio
FN:246,257,TestExtractSegmentsBatch.test_handles_empty_segment_beyond_file_end
FNDA:1,TestExtractSegmentsBatch.test_handles_empty_segment_beyond_file_end
FNF:16
FNH:16
end_of_record
SF:tests/test_audio_segment_compare.py
DA:4,1
DA:5,1
DA:7,1
DA:9,1
DA:10,1
DA:13,1
DA:15,1
DA:16,1
DA:18,1
DA:19,1
DA:20,1
DA:22,1
DA:23,1
DA:26,1
DA:29,1
DA:36,1
DA:37,1
DA:38,1
DA:40,1
DA:43,1
DA:47,1
DA:49,1
DA:52,1
DA:53,1
DA:55,1
DA:56,1
DA:57,1
DA:58,1
DA:59,1
DA:60,1
DA:62,1
DA:63,1
DA:65,1
DA:66,1
DA:70,1
DA:71,1
DA:73,1
DA:74,1
DA:76,1
DA:78,1
DA:81,1
DA:82,1
DA:84,1
DA:86,1
DA:89,1
DA:93,1
DA:96,1
DA:97,1
DA:98,1
DA:99,1
DA:100,1
DA:101,1
DA:103,1
DA:104,1
DA:106,1
DA:107,1
DA:108,1
DA:110,1
DA:111,1
DA:113,1
LF:60
LH:60
FN:13,23,_create_test_audio
FNDA:1,_create_test_audio
FN:29,76,TestStreamingVsFullLoad.test_exact_sample_values_match
FNDA:1,TestStreamingVsFullLoad.test_exact_sample_values_match
FN:78,113,TestStreamingVsFullLoad.test_fractional_times_match
FNDA:1,TestStreamingVsFullLoad.test_fractional_times_match
FNF:3
FNH:3
end_of_record
SF:tests/test_audio_segment_streaming.py
DA:4,1
DA:5,1
DA:6,1
DA:7,1
DA:9,1
DA:10,1
DA:12,1
DA:17,1
DA:20,1
DA:22,1
DA:23,1
DA:25,1
DA:26,1
DA:27,1
DA:29,1
DA:30,1
DA:33,1
DA:36,1
DA:38,1
DA:39,1
DA:40,1
DA:41,1
DA:43,1
DA:44,1
DA:45,1
DA:46,1
DA:47,1
DA:49,1
DA:51,1
DA:52,1
DA:55,0
DA:56,0
DA:57,0
DA:59,0
DA:60,0
DA:61,0
DA:62,0
DA:63,0
DA:64,0
DA:65,0
DA:67,0
DA:68,0
DA:69,0
DA:70,0
DA:71,0
DA:72,0
DA:73,0
DA:75,0
DA:77,0
DA:79,1
DA:81,1
DA:82,1
DA:83,1
DA:84,1
DA:86,1
DA:88,1
DA:90,1
DA:91,1
DA:92,1
DA:93,1
DA:95,1
DA:98,1
DA:101,1
DA:103,1
DA:104,1
DA:106,1
DA:107,1
DA:108,1
DA:109,1
DA:111,1
DA:113,1
DA:115,1
DA:116,1
DA:118,1
DA:119,1
DA:120,1
LF:76
LH:57
FN:20,30,_create_test_audio
FNDA:1,_create_test_audio
FN:36,49,TestExtractSegmentsStreaming.test_streaming_extracts_correct_segments
FNDA:1,TestExtractSegmentsStreaming.test_streaming_extracts_correct_segments
FN:52,77,TestExtractSegmentsStreaming.test_streaming_memory_efficient
FNDA:0,TestExtractSegmentsStreaming.test_streaming_memory_efficient
FN:79,86,TestExtractSegmentsStreaming.test_streaming_rejects_invalid_time_range
FNDA:1,TestExtractSegmentsStreaming.test_streaming_rejects_invalid_time_range
FN:88,95,TestExtractSegmentsStreaming.test_streaming_empty_segments
FNDA:1,TestExtractSegmentsStreaming.test_streaming_empty_segments
FN:101,109,TestEncodeFLAC.test_encode_produces_valid_flac
FNDA:1,TestEncodeFLAC.test_encode_produces_valid_flac
FN:111,120,TestEncodeFLAC.test_encode_with_different_bit_depths
FNDA:1,TestEncodeFLAC.test_encode_with_different_bit_depths
FNF:7
FNH:6
end_of_record
SF:tests/test_audio_source.py
DA:4,1
DA:6,1
DA:16,1
DA:22,1
DA:24,1
DA:29,1
DA:31,1
DA:36,1
DA:38,1
DA:43,1
DA:45,1
DA:52,1
DA:54,1
DA:59,1
DA:61,1
DA:66,1
DA:68,1
DA:70,1
DA:72,1
DA:77,1
DA:79,1
DA:81,1
DA:83,1
DA:86,1
DA:89,1
DA:91,1
DA:92,1
DA:94,1
DA:96,1
DA:97,1
DA:100,1
DA:103,1
DA:105,1
DA:107,1
DA:109,1
DA:111,1
DA:113,1
DA:116,1
DA:119,1
DA:121,1
DA:123,1
DA:125,1
DA:127,1
DA:129,1
DA:132,1
DA:135,1
DA:137,1
DA:138,1
DA:140,1
DA:142,1
DA:143,1
DA:145,1
DA:147,1
DA:148,1
DA:151,1
DA:154,1
DA:156,1
DA:157,1
DA:158,1
DA:160,1
DA:161,1
DA:162,1
DA:164,1
DA:166,1
DA:167,1
DA:168,1
DA:169,1
DA:171,1
DA:172,1
DA:173,1
DA:175,1
DA:177,1
DA:178,1
DA:181,1
DA:182,1
DA:183,1
DA:185,1
DA:187,1
DA:188,1
DA:189,1
DA:190,1
DA:191,1
LF:82
LH:82
FN:22,27,TestParseTranscriptTypeFromRecordingId.test_modern_argument
FNDA:1,TestParseTranscriptTypeFromRecordingId.test_modern_argument
FN:29,34,TestParseTranscriptTypeFromRecordingId.test_modern_opinion
FNDA:1,TestParseTranscriptTypeFromRecordingId.test_modern_opinion
FN:36,41,TestParseTranscriptTypeFromRecordingId.test_modern_opinion_dissent
FNDA:1,TestParseTranscriptTypeFromRecordingId.test_modern_opinion_dissent
FN:43,50,TestParseTranscriptTypeFromRecordingId.test_modern_opinion_concurrence
FNDA:1,TestParseTranscriptTypeFromRecordingId.test_modern_opinion_concurrence
FN:52,57,TestParseTranscriptTypeFromRecordingId.test_modern_opinion_concur
FNDA:1,TestParseTranscriptTypeFromRecordingId.test_modern_opinion_concur
FN:59,64,TestParseTranscriptTypeFromRecordingId.test_legacy_argument
FNDA:1,TestParseTranscriptTypeFromRecordingId.test_legacy_argument
FN:66,68,TestParseTranscriptTypeFromRecordingId.test_legacy_opinion
FNDA:1,TestParseTranscriptTypeFromRecordingId.test_legacy_opinion
FN:70,75,TestParseTranscriptTypeFromRecordingId.test_legacy_reargument
FNDA:1,TestParseTranscriptTypeFromRecordingId.test_legacy_reargument
FN:77,79,TestParseTranscriptTypeFromRecordingId.test_unknown_format
FNDA:1,TestParseTranscriptTypeFromRecordingId.test_unknown_format
FN:81,83,TestParseTranscriptTypeFromRecordingId.test_empty_string
FNDA:1,TestParseTranscriptTypeFromRecordingId.test_empty_string
FN:89,92,TestGetRecordingId.test_strips_delivery_suffix
FNDA:1,TestGetRecordingId.test_strips_delivery_suffix
FN:94,97,TestGetRecordingId.test_keeps_normal_stem
FNDA:1,TestGetRecordingId.test_keeps_normal_stem
FN:103,105,TestGetPreferredFormat.test_digital_era_prefers_mp3
FNDA:1,TestGetPreferredFormat.test_digital_era_prefers_mp3
FN:107,109,TestGetPreferredFormat.test_analog_era_prefers_ogg
FNDA:1,TestGetPreferredFormat.test_analog_era_prefers_ogg
FN:111,113,TestGetPreferredFormat.test_invalid_term_defaults_to_mp3
FNDA:1,TestGetPreferredFormat.test_invalid_term_defaults_to_mp3
FN:119,121,TestGetSourceEra.test_digital_era
FNDA:1,TestGetSourceEra.test_digital_era
FN:123,125,TestGetSourceEra.test_analog_era
FNDA:1,TestGetSourceEra.test_analog_era
FN:127,129,TestGetSourceEra.test_invalid_term_returns_unknown
FNDA:1,TestGetSourceEra.test_invalid_term_returns_unknown
FN:135,138,TestExtractTermDocket.test_extracts_from_valid_path
FNDA:1,TestExtractTermDocket.test_extracts_from_valid_path
FN:140,143,TestExtractTermDocket.test_returns_none_for_invalid_path
FNDA:1,TestExtractTermDocket.test_returns_none_for_invalid_path
FN:145,148,TestExtractTermDocket.test_returns_none_for_short_path
FNDA:1,TestExtractTermDocket.test_returns_none_for_short_path
FN:154,162,TestFindAudioSources.test_finds_mp3_files
FNDA:1,TestFindAudioSources.test_finds_mp3_files
FN:164,173,TestFindAudioSources.test_filters_by_term
FNDA:1,TestFindAudioSources.test_filters_by_term
FN:175,191,TestFindAudioSources.test_combines_mp3_and_ogg
FNDA:1,TestFindAudioSources.test_combines_mp3_and_ogg
FNF:24
FNH:24
end_of_record
SF:tests/test_audio_utils.py
DA:4,1
DA:5,1
DA:6,1
DA:8,1
DA:9,1
DA:11,1
DA:14,1
DA:18,1
DA:19,1
DA:20,1
DA:23,1
DA:25,1
DA:28,1
DA:31,1
DA:33,1
DA:34,1
DA:35,1
DA:36,1
DA:37,1
DA:38,1
DA:39,1
DA:41,1
DA:43,1
DA:44,1
DA:45,1
DA:46,1
DA:47,1
DA:48,1
DA:49,1
DA:51,1
DA:53,1
DA:54,1
DA:55,1
DA:56,1
DA:57,1
DA:58,1
DA:61,1
DA:64,1
DA:66,1
DA:67,1
DA:68,1
DA:69,1
DA:70,1
DA:71,1
DA:72,1
DA:75,1
DA:78,1
DA:80,1
DA:81,1
DA:82,1
DA:83,1
DA:84,1
DA:85,1
DA:86,1
DA:89,1
DA:92,1
DA:94,1
DA:95,1
DA:96,1
DA:97,1
DA:98,1
DA:99,1
DA:101,1
DA:103,1
DA:104,1
DA:105,1
DA:106,1
DA:107,1
DA:108,1
DA:110,1
DA:112,1
DA:113,1
DA:114,1
DA:115,1
DA:116,1
DA:117,1
DA:120,1
DA:123,1
DA:125,1
DA:126,1
DA:127,1
DA:128,1
DA:129,1
DA:130,1
DA:131,1
DA:134,1
DA:137,1
DA:139,1
DA:140,1
DA:141,1
DA:142,1
DA:143,1
DA:144,1
DA:145,1
DA:148,1
DA:151,1
DA:153,1
DA:154,1
DA:155,1
DA:156,1
DA:157,1
DA:160,1
DA:163,1
DA:165,1
DA:166,1
DA:167,1
DA:168,1
DA:169,1
DA:170,1
DA:171,1
DA:172,1
DA:173,1
DA:174,1
DA:175,1
DA:177,1
DA:179,1
DA:180,1
DA:181,1
DA:182,1
DA:183,1
DA:184,1
DA:185,1
DA:186,1
DA:187,1
DA:188,1
DA:189,1
DA:191,1
DA:193,1
DA:194,1
DA:195,1
DA:196,1
DA:197,1
DA:198,1
DA:199,1
DA:200,1
DA:203,1
DA:206,1
DA:207,1
DA:209,0
LF:139
LH:138
FN:14,20,make_sine
FNDA:1,make_sine
FN:23,25,mse
FNDA:1,mse
FN:31,39,TestFLACRoundTrip.test_mono
FNDA:1,TestFLACRoundTrip.test_mono
FN:41,49,TestFLACRoundTrip.test_stereo
FNDA:1,TestFLACRoundTrip.test_stereo
FN:51,58,TestFLACRoundTrip.test_24bit
FNDA:1,TestFLACRoundTrip.test_24bit
FN:64,72,TestMP3RoundTrip.test_mono
FNDA:1,TestMP3RoundTrip.test_mono
FN:78,86,TestOGGRoundTrip.test_mono
FNDA:1,TestOGGRoundTrip.test_mono
FN:92,99,TestEdgeCases.test_silence
FNDA:1,TestEdgeCases.test_silence
FN:101,108,TestEdgeCases.test_clipping
FNDA:1,TestEdgeCases.test_clipping
FN:110,117,TestEdgeCases.test_format_inference
FNDA:1,TestEdgeCases.test_format_inference
FN:123,131,TestWAVRoundTrip.test_mono
FNDA:1,TestWAVRoundTrip.test_mono
FN:137,145,TestFLAC16Bit.test_16bit
FNDA:1,TestFLAC16Bit.test_16bit
FN:151,157,TestUnsupportedFormat.test_raises
FNDA:1,TestUnsupportedFormat.test_raises
FN:163,175,TestAudioMetadata.test_mp3_metadata
FNDA:1,TestAudioMetadata.test_mp3_metadata
FN:177,189,TestAudioMetadata.test_flac_metadata
FNDA:1,TestAudioMetadata.test_flac_metadata
FN:191,200,TestAudioMetadata.test_ogg_metadata
FNDA:1,TestAudioMetadata.test_ogg_metadata
FN:207,209,TestHLSLoading.test_hls
FNDA:0,TestHLSLoading.test_hls
FNF:17
FNH:16
end_of_record
SF:tests/test_audio_utils_memory.py
DA:4,1
DA:5,1
DA:6,1
DA:7,1
DA:9,1
DA:10,1
DA:12,1
DA:15,1
DA:17,1
DA:18,1
DA:19,1
DA:22,1
DA:25,1
DA:31,1
DA:32,1
DA:33,1
DA:35,1
DA:36,1
DA:37,1
DA:39,1
DA:40,1
DA:42,1
DA:44,1
DA:45,1
DA:47,1
DA:48,1
DA:49,1
DA:54,1
DA:55,1
DA:57,1
DA:58,1
DA:60,0
DA:61,0
DA:63,0
DA:64,0
DA:66,0
DA:67,0
DA:68,0
DA:70,0
DA:71,0
DA:73,0
DA:75,0
DA:76,0
DA:78,0
DA:79,0
DA:81,0
DA:82,0
DA:84,0
DA:85,0
DA:87,0
DA:88,0
LF:51
LH:31
FN:15,19,make_sine
FNDA:1,make_sine
FN:25,55,TestMemoryEfficiency.test_chunked_decode_reduces_peak_memory
FNDA:1,TestMemoryEfficiency.test_chunked_decode_reduces_peak_memory
FN:58,88,TestMemoryEfficiency.test_large_file_memory_stable
FNDA:0,TestMemoryEfficiency.test_large_file_memory_stable
FNF:3
FNH:2
end_of_record
SF:tests/test_cache.py
DA:4,1
DA:5,1
DA:6,1
DA:7,1
DA:9,1
DA:10,1
DA:13,1
DA:16,1
DA:18,1
DA:19,1
DA:20,1
DA:21,1
DA:23,1
DA:25,1
DA:26,1
DA:27,1
DA:28,1
DA:36,1
DA:37,1
DA:38,1
DA:39,1
DA:40,1
DA:41,1
DA:42,1
DA:43,1
DA:44,1
DA:46,1
DA:48,1
DA:49,1
DA:50,1
DA:51,1
DA:58,1
DA:59,1
DA:60,1
DA:61,1
DA:63,1
DA:65,1
DA:66,1
DA:67,1
DA:68,1
DA:69,1
DA:70,1
DA:71,1
DA:73,1
DA:75,1
DA:76,1
DA:77,1
DA:78,1
DA:81,1
DA:82,1
DA:83,1
DA:84,1
DA:85,1
DA:87,1
DA:89,1
DA:90,1
DA:91,1
DA:92,1
DA:93,1
DA:94,1
DA:95,1
DA:96,1
DA:98,1
DA:100,1
DA:101,1
DA:102,1
DA:103,1
DA:104,1
DA:111,1
DA:112,1
DA:113,1
DA:114,1
DA:115,1
DA:116,1
DA:117,1
DA:118,1
DA:121,1
DA:122,1
DA:123,1
DA:124,1
DA:126,1
DA:128,1
DA:129,1
DA:130,1
DA:131,1
DA:138,1
DA:139,1
DA:140,1
DA:141,1
DA:142,1
DA:144,1
DA:146,1
DA:147,1
DA:148,1
DA:149,1
DA:150,1
DA:151,1
DA:154,1
DA:155,1
DA:156,1
DA:163,1
DA:171,1
DA:173,1
DA:175,1
DA:177,1
DA:179,1
DA:180,1
DA:181,1
DA:182,1
DA:183,1
DA:184,1
DA:187,1
DA:188,1
DA:189,1
DA:196,1
DA:198,1
DA:200,1
DA:202,1
DA:204,1
DA:205,1
DA:206,1
DA:207,1
DA:208,1
DA:209,1
DA:212,1
DA:221,1
DA:224,1
DA:226,1
DA:228,1
DA:230,1
DA:231,1
DA:232,1
DA:233,1
DA:234,1
DA:237,1
DA:244,1
DA:252,1
DA:255,1
DA:256,1
DA:258,1
DA:260,1
DA:261,1
DA:262,1
DA:263,1
DA:270,1
DA:272,1
DA:274,1
DA:276,1
DA:277,1
DA:278,1
DA:279,1
DA:280,1
DA:282,1
DA:284,1
DA:292,1
DA:293,1
DA:294,1
DA:296,1
DA:298,1
DA:299,1
DA:300,1
DA:301,1
DA:302,1
DA:304,1
DA:307,1
DA:308,1
DA:309,1
DA:311,1
DA:313,1
DA:314,1
DA:316,1
DA:318,1
DA:320,1
DA:322,1
DA:324,1
DA:325,1
DA:327,1
DA:328,1
DA:330,1
DA:332,1
DA:334,1
DA:336,1
DA:337,1
DA:338,1
DA:339,1
DA:340,1
DA:343,1
DA:345,1
DA:347,1
DA:348,1
LF:190
LH:190
FN:16,21,TestFileCache.test_get_returns_none_for_missing
FNDA:1,TestFileCache.test_get_returns_none_for_missing
FN:23,44,TestFileCache.test_set_and_get
FNDA:1,TestFileCache.test_set_and_get
FN:46,61,TestFileCache.test_versioned_entries_never_expire
FNDA:1,TestFileCache.test_versioned_entries_never_expire
FN:63,71,TestFileCache.test_failed_requests_stored_separately
FNDA:1,TestFileCache.test_failed_requests_stored_separately
FN:73,85,TestFileCache.test_delete_entry
FNDA:1,TestFileCache.test_delete_entry
FN:87,96,TestFileCache.test_corrupted_meta_file_handled
FNDA:1,TestFileCache.test_corrupted_meta_file_handled
FN:98,124,TestFileCache.test_clear_expired
FNDA:1,TestFileCache.test_clear_expired
FN:126,142,TestFileCache.test_html_content_type_uses_html_extension
FNDA:1,TestFileCache.test_html_content_type_uses_html_extension
FN:144,175,TestFileCache.test_get_uses_latest_version_raw_path
FNDA:1,TestFileCache.test_get_uses_latest_version_raw_path
FN:177,200,TestFileCache.test_get_uses_meta_raw_path_when_no_latest
FNDA:1,TestFileCache.test_get_uses_meta_raw_path_when_no_latest
FN:202,226,TestFileCache.test_get_uses_raw_path_fallback
FNDA:1,TestFileCache.test_get_uses_raw_path_fallback
FN:228,256,TestFileCache.test_get_handles_missing_raw_path
FNDA:1,TestFileCache.test_get_handles_missing_raw_path
FN:258,272,TestFileCache.test_set_handles_no_raw_data
FNDA:1,TestFileCache.test_set_handles_no_raw_data
FN:274,294,TestFileCache.test_set_handles_corrupted_meta_on_read
FNDA:1,TestFileCache.test_set_handles_corrupted_meta_on_read
FN:296,309,TestFileCache.test_delete_handles_exceptions
FNDA:1,TestFileCache.test_delete_handles_exceptions
FN:311,320,TestFileCache.test_clear_expired_skips_non_directories
FNDA:1,TestFileCache.test_clear_expired_skips_non_directories
FN:322,332,TestFileCache.test_clear_expired_handles_missing_meta_dir
FNDA:1,TestFileCache.test_clear_expired_handles_missing_meta_dir
FN:334,348,TestFileCache.test_clear_expired_handles_exceptions
FNDA:1,TestFileCache.test_clear_expired_handles_exceptions
FNF:18
FNH:18
end_of_record
SF:tests/test_cache_versioning.py
DA:4,1
DA:5,1
DA:6,1
DA:8,1
DA:9,1
DA:12,1
DA:15,1
DA:17,1
DA:18,1
DA:19,1
DA:20,1
DA:28,1
DA:29,1
DA:30,1
DA:31,1
DA:32,1
DA:33,1
DA:34,1
DA:36,1
DA:38,1
DA:39,1
DA:40,1
DA:41,1
DA:49,1
DA:50,1
DA:51,1
DA:52,1
DA:53,1
DA:54,1
DA:56,1
DA:58,1
DA:59,1
DA:60,1
DA:61,1
DA:68,1
DA:75,1
DA:76,1
DA:77,1
DA:78,1
DA:79,1
DA:80,1
DA:81,1
DA:82,1
DA:84,1
DA:86,1
DA:87,1
DA:88,1
DA:89,1
DA:96,1
DA:103,1
DA:104,1
DA:105,1
DA:106,1
DA:107,1
DA:109,1
DA:111,1
DA:112,1
DA:113,1
DA:114,1
DA:121,1
DA:128,1
DA:129,1
DA:130,1
DA:131,1
DA:132,1
DA:133,1
DA:134,1
DA:135,1
DA:136,1
DA:137,1
DA:139,1
DA:141,1
DA:142,1
DA:143,1
DA:144,1
DA:151,1
DA:152,1
DA:153,1
DA:154,0
DA:156,1
DA:158,1
DA:159,1
DA:160,1
DA:163,1
DA:170,1
DA:172,1
DA:173,1
DA:174,1
DA:177,1
DA:180,1
DA:187,1
DA:189,1
DA:190,1
DA:193,1
DA:195,1
DA:196,1
LF:96
LH:95
FN:15,34,TestFileCacheVersioning.test_set_creates_version_with_content_hash
FNDA:1,TestFileCacheVersioning.test_set_creates_version_with_content_hash
FN:36,54,TestFileCacheVersioning.test_same_content_updates_last_seen
FNDA:1,TestFileCacheVersioning.test_same_content_updates_last_seen
FN:56,82,TestFileCacheVersioning.test_different_content_adds_new_version
FNDA:1,TestFileCacheVersioning.test_different_content_adds_new_version
FN:84,107,TestFileCacheVersioning.test_get_returns_latest_version
FNDA:1,TestFileCacheVersioning.test_get_returns_latest_version
FN:109,137,TestFileCacheVersioning.test_change_logged_to_file
FNDA:1,TestFileCacheVersioning.test_change_logged_to_file
FN:139,154,TestFileCacheVersioning.test_first_version_no_change_log
FNDA:1,TestFileCacheVersioning.test_first_version_no_change_log
FN:156,196,TestFileCacheVersioning.test_raw_path_set_to_latest_version
FNDA:1,TestFileCacheVersioning.test_raw_path_set_to_latest_version
FNF:7
FNH:7
end_of_record
SF:tests/test_cli.py
DA:4,1
DA:5,1
DA:6,1
DA:7,1
DA:8,1
DA:10,1
DA:12,1
DA:13,1
DA:15,1
DA:18,1
DA:20,1
DA:23,1
DA:26,1
DA:28,1
DA:29,1
DA:30,1
DA:31,1
DA:33,1
DA:35,1
DA:36,1
DA:37,1
DA:40,1
DA:43,1
DA:45,1
DA:46,1
DA:47,1
DA:48,1
DA:49,1
DA:51,1
DA:53,1
DA:54,1
DA:56,1
DA:59,1
DA:60,1
DA:62,1
DA:72,1
DA:73,1
DA:75,1
DA:77,1
DA:78,1
DA:79,1
DA:80,1
DA:82,1
DA:96,1
DA:97,1
DA:98,1
DA:100,1
DA:102,1
DA:103,1
DA:104,1
DA:105,1
DA:118,1
DA:119,1
DA:120,1
DA:122,1
DA:134,1
DA:136,1
DA:137,1
DA:139,1
DA:142,1
DA:145,1
DA:146,1
DA:148,1
DA:150,1
DA:154,1
DA:155,1
DA:157,1
DA:160,1
DA:163,1
DA:165,1
DA:166,1
DA:167,1
DA:168,1
DA:169,1
DA:171,1
DA:173,1
DA:174,1
DA:183,1
DA:185,1
DA:187,1
DA:188,1
DA:189,1
DA:190,1
DA:203,1
DA:204,1
DA:206,1
DA:211,1
DA:215,1
DA:227,1
DA:229,1
DA:230,1
DA:232,1
DA:235,1
DA:238,1
DA:240,1
DA:242,1
DA:244,1
DA:245,1
DA:253,1
DA:255,1
DA:257,1
DA:258,1
DA:259,1
DA:261,1
DA:273,1
DA:275,1
DA:276,1
DA:277,1
DA:280,1
DA:283,1
DA:285,1
DA:286,1
DA:287,1
DA:288,1
DA:289,1
DA:291,1
DA:293,1
DA:296,1
DA:299,1
DA:302,1
DA:304,1
DA:305,1
DA:306,1
DA:307,1
DA:309,1
DA:311,1
DA:312,1
DA:313,1
DA:314,1
DA:315,1
DA:316,1
DA:318,1
DA:320,1
DA:321,1
DA:322,1
DA:323,1
DA:324,1
DA:325,1
DA:327,1
DA:329,1
DA:330,1
DA:331,1
DA:334,1
DA:335,1
DA:336,1
DA:337,1
DA:339,1
DA:352,1
DA:353,1
DA:354,1
DA:356,1
DA:358,1
DA:359,1
DA:360,1
DA:363,1
DA:364,1
DA:365,1
DA:366,1
DA:367,1
DA:369,1
DA:382,1
DA:383,1
DA:384,1
DA:386,1
DA:388,1
DA:389,1
DA:390,1
DA:392,1
DA:405,1
DA:406,1
DA:408,1
DA:410,1
DA:411,1
DA:412,1
DA:414,1
DA:415,1
DA:416,1
DA:417,1
DA:420,1
DA:421,1
DA:434,1
DA:435,1
DA:439,1
DA:440,1
DA:442,1
DA:444,1
DA:445,1
DA:446,1
DA:447,1
DA:450,1
DA:451,1
DA:462,1
DA:463,1
DA:465,1
DA:467,1
DA:468,1
DA:469,1
DA:470,1
DA:473,1
DA:474,1
DA:485,1
DA:486,1
DA:490,1
DA:492,1
DA:494,1
DA:495,1
DA:496,1
DA:497,1
DA:498,1
DA:501,1
DA:502,1
DA:513,1
DA:514,1
DA:516,1
DA:518,1
DA:519,1
DA:520,1
DA:521,1
DA:522,1
DA:525,1
DA:526,1
DA:537,1
DA:538,1
DA:542,1
DA:545,1
DA:548,1
DA:550,1
DA:551,1
DA:552,1
DA:554,1
LF:230
LH:230
FN:18,20,strip_ansi
FNDA:1,strip_ansi
FN:26,31,TestCliStructure.test_scrape_subcommand_exists
FNDA:1,TestCliStructure.test_scrape_subcommand_exists
FN:33,37,TestCliStructure.test_process_subcommand_exists
FNDA:1,TestCliStructure.test_process_subcommand_exists
FN:43,49,TestScrapeIndex.test_scrape_index_help
FNDA:1,TestScrapeIndex.test_scrape_index_help
FN:51,73,TestScrapeIndex.test_scrape_index_with_force_mode
FNDA:1,TestScrapeIndex.test_scrape_index_with_force_mode
FN:75,98,TestScrapeIndex.test_scrape_cases_with_terms_and_force
FNDA:1,TestScrapeIndex.test_scrape_cases_with_terms_and_force
FN:100,146,TestScrapeIndex.test_scrape_cases_on_progress_callback
FNDA:1,TestScrapeIndex.test_scrape_cases_on_progress_callback
FN:148,157,TestScrapeIndex.test_scrape_index_default_cache_dir
FNDA:1,TestScrapeIndex.test_scrape_index_default_cache_dir
FN:163,169,TestScrapeCases.test_scrape_cases_help
FNDA:1,TestScrapeCases.test_scrape_cases_help
FN:171,183,TestScrapeCases.test_scrape_cases_requires_index
FNDA:1,TestScrapeCases.test_scrape_cases_requires_index
FN:185,238,TestScrapeCases.test_scrape_cases_on_progress_creates_pbar
FNDA:1,TestScrapeCases.test_scrape_cases_on_progress_creates_pbar
FN:240,277,TestScrapeCases.test_scrape_cases_reads_index_and_fetches
FNDA:1,TestScrapeCases.test_scrape_cases_reads_index_and_fetches
FN:283,289,TestProcessIndex.test_process_index_help
FNDA:1,TestProcessIndex.test_process_index_help
FN:291,296,TestProcessIndex.test_process_index_default_paths
FNDA:1,TestProcessIndex.test_process_index_default_paths
FN:302,307,TestClearCommands.test_clear_subcommand_exists
FNDA:1,TestClearCommands.test_clear_subcommand_exists
FN:309,316,TestClearCommands.test_clear_index_help
FNDA:1,TestClearCommands.test_clear_index_help
FN:318,325,TestClearCommands.test_clear_cases_help
FNDA:1,TestClearCommands.test_clear_cases_help
FN:327,354,TestClearCommands.test_clear_index_removes_directories
FNDA:1,TestClearCommands.test_clear_index_removes_directories
FN:356,384,TestClearCommands.test_clear_cases_removes_directories
FNDA:1,TestClearCommands.test_clear_cases_removes_directories
FN:386,406,TestClearCommands.test_clear_handles_nonexistent_directories
[...]
FNDA:1,TestSpeakerProfile.test_first_last_appearance
FN:105,130,TestSpeakerProfile.test_to_dict
FNDA:1,TestSpeakerProfile.test_to_dict
FN:132,151,TestSpeakerProfile.test_save_to_other_subdir
FNDA:1,TestSpeakerProfile.test_save_to_other_subdir
FN:153,176,TestSpeakerProfile.test_save_to_justices_subdir
FNDA:1,TestSpeakerProfile.test_save_to_justices_subdir
FN:178,181,TestSpeakerProfile.test_get_filename
FNDA:1,TestSpeakerProfile.test_get_filename
FN:183,196,TestSpeakerProfile.test_update_appearance_dates_with_empty_string
FNDA:1,TestSpeakerProfile.test_update_appearance_dates_with_empty_string
FN:198,213,TestSpeakerProfile.test_detect_role_checks_existing_justice_file
FNDA:1,TestSpeakerProfile.test_detect_role_checks_existing_justice_file
FN:215,256,TestSpeakerProfile.test_save_removes_old_file_when_moving_to_justices
FNDA:1,TestSpeakerProfile.test_save_removes_old_file_when_moving_to_justices
FNF:12
FNH:12
end_of_record
SF:tests/test_term_filter.py
DA:4,1
DA:6,1
DA:9,1
DA:12,1
DA:14,1
DA:15,1
DA:16,1
DA:18,1
DA:20,1
DA:21,1
DA:22,1
DA:24,1
DA:26,1
DA:27,1
DA:28,1
DA:30,1
DA:32,1
DA:33,1
DA:34,1
DA:36,1
DA:38,1
DA:39,1
DA:40,1
DA:42,1
DA:44,1
DA:45,1
DA:46,1
DA:48,1
DA:50,1
DA:51,1
DA:52,1
DA:54,1
DA:56,1
DA:57,1
DA:58,1
DA:61,1
DA:64,1
DA:67,1
DA:68,1
DA:69,1
DA:70,1
DA:72,1
DA:73,1
DA:74,1
DA:75,1
DA:77,1
DA:79,1
DA:80,1
DA:82,1
DA:83,1
DA:84,1
LF:51
LH:51
FN:12,16,TestFilterByTerms.test_returns_all_when_terms_none
FNDA:1,TestFilterByTerms.test_returns_all_when_terms_none
FN:18,22,TestFilterByTerms.test_returns_all_when_terms_empty
FNDA:1,TestFilterByTerms.test_returns_all_when_terms_empty
FN:24,28,TestFilterByTerms.test_filters_single_term
FNDA:1,TestFilterByTerms.test_filters_single_term
FN:30,34,TestFilterByTerms.test_filters_multiple_terms
FNDA:1,TestFilterByTerms.test_filters_multiple_terms
FN:36,40,TestFilterByTerms.test_preserves_order
FNDA:1,TestFilterByTerms.test_preserves_order
FN:42,46,TestFilterByTerms.test_handles_no_matches
FNDA:1,TestFilterByTerms.test_handles_no_matches
FN:48,52,TestFilterByTerms.test_works_with_dicts
FNDA:1,TestFilterByTerms.test_works_with_dicts
FN:54,58,TestFilterByTerms.test_works_with_paths
FNDA:1,TestFilterByTerms.test_works_with_paths
FN:64,75,TestFilterDirs.test_filters_directories_by_term
FNDA:1,TestFilterDirs.test_filters_directories_by_term
FN:77,84,TestFilterDirs.test_returns_all_when_none
FNDA:1,TestFilterDirs.test_returns_all_when_none
FNF:10
FNH:10
end_of_record
SF:tests/test_term_parser.py
DA:4,1
DA:6,1
DA:14,1
DA:17,1
DA:19,1
DA:20,1
DA:22,1
DA:24,1
DA:25,1
DA:26,1
DA:28,1
DA:30,1
DA:31,1
DA:32,1
DA:34,1
DA:36,1
DA:37,1
DA:38,1
DA:39,1
DA:41,1
DA:43,1
DA:44,1
DA:45,1
DA:46,1
DA:48,1
DA:56,1
DA:57,1
DA:58,1
DA:59,1
DA:61,1
DA:65,1
DA:66,1
DA:67,1
DA:68,1
DA:70,1
DA:74,1
DA:75,1
DA:76,1
DA:77,1
DA:79,1
DA:84,1
DA:86,1
DA:87,1
DA:91,1
DA:92,1
DA:93,1
DA:94,1
DA:96,1
DA:106,1
DA:108,1
DA:115,1
DA:117,1
DA:118,1
DA:119,1
DA:124,1
DA:127,1
DA:129,1
DA:131,1
DA:133,1
DA:134,1
DA:136,1
DA:138,1
DA:140,1
DA:143,1
DA:145,1
DA:146,1
DA:147,1
DA:148,1
DA:150,1
DA:161,1
DA:162,1
DA:163,1
DA:164,1
DA:166,1
DA:174,1
DA:175,1
DA:176,1
DA:178,1
DA:180,1
DA:181,1
DA:184,1
DA:185,1
DA:188,1
DA:191,1
DA:193,1
DA:194,1
DA:196,1
DA:198,1
DA:199,1
DA:201,1
DA:203,1
DA:205,1
DA:207,1
DA:208,1
DA:210,1
DA:212,1
DA:213,1
DA:216,1
DA:219,1
DA:221,1
DA:222,1
DA:224,1
DA:226,1
DA:227,1
DA:229,1
DA:231,1
DA:232,1
DA:234,1
DA:236,1
DA:238,1
DA:240,1
DA:241,1
DA:242,1
DA:243,1
DA:245,1
DA:247,1
DA:248,1
DA:250,1
DA:253,1
DA:254,1
DA:255,1
DA:257,1
DA:259,1
DA:261,1
DA:263,1
DA:265,1
DA:266,1
DA:268,1
DA:270,1
DA:271,1
DA:272,1
DA:273,1
LF:132
LH:132
FN:17,20,TestExpandAbbreviation.test_full_year
FNDA:1,TestExpandAbbreviation.test_full_year
FN:22,26,TestExpandAbbreviation.test_two_digit_abbreviation_00_50
FNDA:1,TestExpandAbbreviation.test_two_digit_abbreviation_00_50
FN:28,32,TestExpandAbbreviation.test_two_digit_abbreviation_51_99
FNDA:1,TestExpandAbbreviation.test_two_digit_abbreviation_51_99
FN:34,39,TestExpandAbbreviation.test_invalid_abbreviation
FNDA:1,TestExpandAbbreviation.test_invalid_abbreviation
FN:41,46,TestExpandAbbreviation.test_out_of_range_full_year
FNDA:1,TestExpandAbbreviation.test_out_of_range_full_year
FN:48,59,TestExpandAbbreviation.test_out_of_range_expanded_abbreviation
FNDA:1,TestExpandAbbreviation.test_out_of_range_expanded_abbreviation
FN:61,68,TestExpandAbbreviation.test_cross_century_both_1900s
FNDA:1,TestExpandAbbreviation.test_cross_century_both_1900s
FN:70,77,TestExpandAbbreviation.test_cross_century_start_2000s
FNDA:1,TestExpandAbbreviation.test_cross_century_start_2000s
FN:79,94,TestExpandAbbreviation.test_range_filters_out_of_range_years
FNDA:1,TestExpandAbbreviation.test_range_filters_out_of_range_years
FN:96,106,TestExpandAbbreviation.test_range_no_valid_years_after_filtering
FNDA:1,TestExpandAbbreviation.test_range_no_valid_years_after_filtering
FN:108,119,TestExpandAbbreviation.test_range_filters_out_of_range_years_continue
FNDA:1,TestExpandAbbreviation.test_range_filters_out_of_range_years_continue
FN:127,129,TestParseRange.test_simple_range
FNDA:1,TestParseRange.test_simple_range
FN:131,134,TestParseRange.test_abbreviated_range
FNDA:1,TestParseRange.test_abbreviated_range
FN:136,138,TestParseRange.test_cross_century_range
FNDA:1,TestParseRange.test_cross_century_range
FN:140,148,TestParseRange.test_cross_century_range_2000s
FNDA:1,TestParseRange.test_cross_century_range_2000s
FN:150,164,TestParseRange.test_cross_century_elif_branch
FNDA:1,TestParseRange.test_cross_century_elif_branch
FN:166,176,TestParseRange.test_cross_century_2000s_wrap_logic
FNDA:1,TestParseRange.test_cross_century_2000s_wrap_logic
FN:178,185,TestParseRange.test_invalid_range
FNDA:1,TestParseRange.test_invalid_range
FN:191,194,TestParseTerms.test_single_term
FNDA:1,TestParseTerms.test_single_term
FN:196,199,TestParseTerms.test_comma_separated
FNDA:1,TestParseTerms.test_comma_separated
FN:201,203,TestParseTerms.test_range
FNDA:1,TestParseTerms.test_range
FN:205,208,TestParseTerms.test_mixed
FNDA:1,TestParseTerms.test_mixed
FN:210,213,TestParseTerms.test_empty_string
FNDA:1,TestParseTerms.test_empty_string
FN:219,222,TestParseTermList.test_none
FNDA:1,TestParseTermList.test_none
FN:224,227,TestParseTermList.test_single_item
FNDA:1,TestParseTermList.test_single_item
FN:229,232,TestParseTermList.test_multiple_items
FNDA:1,TestParseTermList.test_multiple_items
FN:234,236,TestParseTermList.test_deduplication
FNDA:1,TestParseTermList.test_deduplication
FN:238,243,TestParseTermList.test_out_of_range_year
FNDA:1,TestParseTermList.test_out_of_range_year
FN:245,248,TestParseTermList.test_range_too_large
FNDA:1,TestParseTermList.test_range_too_large
FN:250,257,TestParseTermList.test_range_filtering_out_of_range_years
FNDA:1,TestParseTermList.test_range_filtering_out_of_range_years
FN:259,261,TestParseTermList.test_whitespace_in_range
FNDA:1,TestParseTermList.test_whitespace_in_range
FN:263,266,TestParseTermList.test_whitespace_in_terms
FNDA:1,TestParseTermList.test_whitespace_in_terms
FN:268,273,TestParseTermList.test_parse_terms_with_whitespace_only
FNDA:1,TestParseTermList.test_parse_terms_with_whitespace_only
FNF:33
FNH:33
end_of_record
SF:tests/test_transcript_models.py
DA:4,1
DA:5,1
DA:6,1
DA:7,1
DA:9,1
DA:15,1
DA:19,1
DA:27,1
DA:29,1
DA:37,1
DA:40,1
DA:42,1
DA:43,1
DA:44,1
DA:45,1
DA:47,1
DA:57,1
DA:59,1
DA:61,1
DA:62,1
DA:63,1
DA:64,1
DA:66,1
DA:68,1
DA:69,1
DA:70,1
DA:73,1
DA:76,1
DA:78,1
DA:107,1
DA:109,1
DA:110,1
DA:111,1
DA:112,1
DA:113,1
DA:114,1
DA:115,1
DA:116,1
DA:118,1
DA:120,1
DA:121,1
DA:123,1
DA:124,1
DA:125,1
DA:127,1
DA:129,1
DA:149,1
DA:151,1
DA:152,1
DA:153,1
DA:154,1
DA:156,1
DA:158,1
DA:159,1
DA:164,1
DA:166,1
DA:167,1
DA:168,1
DA:170,1
DA:172,1
DA:173,1
DA:174,1
DA:175,1
DA:176,1
DA:177,1
DA:178,1
DA:179,1
DA:181,1
DA:183,1
DA:189,1
DA:190,1
DA:191,1
DA:193,1
DA:195,1
DA:196,1
DA:197,1
DA:198,1
DA:199,1
DA:200,1
DA:201,1
DA:203,1
DA:206,1
DA:210,1
DA:212,1
DA:213,1
DA:216,1
DA:217,1
LF:87
LH:87
FN:15,24,_turn
FNDA:1,_turn
FN:27,34,_raw
FNDA:1,_raw
FN:40,64,TestBuildCaseMap.test_builds_map_from_cases
FNDA:1,TestBuildCaseMap.test_builds_map_from_cases
FN:66,70,TestBuildCaseMap.test_empty_cases_dir
FNDA:1,TestBuildCaseMap.test_empty_cases_dir
FN:76,116,TestProcessedTranscript.test_from_raw
FNDA:1,TestProcessedTranscript.test_from_raw
FN:118,125,TestProcessedTranscript.test_overlap_detection
FNDA:1,TestProcessedTranscript.test_overlap_detection
FN:127,154,TestProcessedTranscript.test_speaker_stats
FNDA:1,TestProcessedTranscript.test_speaker_stats
FN:156,168,TestProcessedTranscript.test_audio_urls_extracted
FNDA:1,TestProcessedTranscript.test_audio_urls_extracted
FN:170,179,TestProcessedTranscript.test_save_creates_file
FNDA:1,TestProcessedTranscript.test_save_creates_file
FN:181,191,TestProcessedTranscript.test_null_transcript
FNDA:1,TestProcessedTranscript.test_null_transcript
FN:193,201,TestProcessedTranscript.test_save_with_source_path
FNDA:1,TestProcessedTranscript.test_save_with_source_path
FN:203,217,TestProcessedTranscript.test_too_long_ratio_marks_invalid
FNDA:1,TestProcessedTranscript.test_too_long_ratio_marks_invalid
FNF:12
FNH:12
end_of_record
SF:tests/test_traverser.py
DA:4,1
DA:5,1
DA:6,1
DA:8,1
DA:10,1
DA:11,1
DA:14,1
DA:17,1
DA:19,1
DA:20,1
DA:21,1
DA:22,1
DA:23,1
DA:24,1
DA:25,1
DA:26,1
DA:27,1
DA:29,1
DA:31,1
DA:32,1
DA:33,1
DA:35,1
DA:36,1
DA:38,1
DA:39,1
DA:40,1
DA:41,1
DA:42,1
DA:44,1
DA:48,1
DA:49,1
DA:50,1
DA:54,1
DA:55,1
DA:56,1
DA:58,1
DA:59,1
DA:61,1
DA:62,1
DA:63,1
DA:65,1
DA:68,1
DA:72,1
DA:73,1
DA:74,1
DA:76,1
DA:77,1
DA:79,1
DA:80,1
DA:81,1
DA:83,1
DA:86,1
DA:88,1
DA:89,1
DA:90,1
DA:92,1
DA:93,1
DA:95,1
DA:96,1
DA:97,1
DA:98,1
DA:99,1
DA:101,1
DA:105,1
DA:106,1
DA:107,1
DA:111,1
DA:112,1
DA:113,1
DA:114,1
DA:115,1
DA:117,1
DA:118,1
DA:120,1
DA:121,1
DA:122,1
DA:124,1
DA:128,1
DA:129,1
DA:132,1
DA:136,1
DA:137,1
DA:139,1
LF:83
LH:83
FN:17,27,TestOyezCasesTraverser.test_build_url
FNDA:1,TestOyezCasesTraverser.test_build_url
FN:29,33,TestOyezCasesTraverser.test_is_empty_result
FNDA:1,TestOyezCasesTraverser.test_is_empty_result
FN:36,56,TestOyezCasesTraverser.test_traverse_stops_on_empty
FNDA:1,TestOyezCasesTraverser.test_traverse_stops_on_empty
FN:44,52,TestOyezCasesTraverser.test_traverse_stops_on_empty.mock_fetch_one
FNDA:1,TestOyezCasesTraverser.test_traverse_stops_on_empty.mock_fetch_one
FN:59,74,TestOyezCasesTraverser.test_traverse_respects_max_pages
FNDA:1,TestOyezCasesTraverser.test_traverse_respects_max_pages
FN:65,70,TestOyezCasesTraverser.test_traverse_respects_max_pages.mock_fetch_one
FNDA:1,TestOyezCasesTraverser.test_traverse_respects_max_pages.mock_fetch_one
FN:77,90,TestOyezCasesTraverser.test_traverse_stops_on_error
FNDA:1,TestOyezCasesTraverser.test_traverse_stops_on_error
FN:83,86,TestOyezCasesTraverser.test_traverse_stops_on_error.mock_fetch_one
FNDA:1,TestOyezCasesTraverser.test_traverse_stops_on_error.mock_fetch_one
FN:93,115,TestOyezCasesTraverser.test_fetch_all_combines_results
FNDA:1,TestOyezCasesTraverser.test_fetch_all_combines_results
FN:101,109,TestOyezCasesTraverser.test_fetch_all_combines_results.mock_fetch_one
FNDA:1,TestOyezCasesTraverser.test_fetch_all_combines_results.mock_fetch_one
FN:118,139,TestOyezCasesTraverser.test_fetch_all_handles_errors
FNDA:1,TestOyezCasesTraverser.test_fetch_all_handles_errors
FN:124,134,TestOyezCasesTraverser.test_fetch_all_handles_errors.mock_fetch_one
FNDA:1,TestOyezCasesTraverser.test_fetch_all_handles_errors.mock_fetch_one
FNF:12
FNH:12
end_of_record
SF:tests/test_utterance_filter.py
DA:4,1
DA:9,1
DA:18,1
DA:30,1
DA:33,1
DA:35,1
DA:36,1
DA:37,1
DA:38,1
DA:40,1
DA:42,1
DA:46,1
DA:47,1
DA:48,1
DA:50,1
DA:52,1
DA:58,1
DA:59,1
DA:60,1
DA:62,1
DA:64,1
DA:70,1
DA:71,1
DA:72,1
DA:74,1
DA:76,1
DA:82,1
DA:83,1
DA:84,1
DA:86,1
DA:88,1
DA:94,1
DA:95,1
DA:96,1
DA:98,1
DA:100,1
DA:104,1
DA:105,1
DA:106,1
DA:108,1
DA:110,1
DA:115,1
DA:116,1
DA:117,1
DA:119,1
DA:121,1
DA:125,1
DA:126,1
DA:127,1
DA:129,1
DA:131,1
DA:135,1
DA:136,1
DA:137,1
DA:139,1
DA:141,1
DA:147,1
DA:148,1
DA:149,1
DA:151,1
DA:153,1
DA:158,1
DA:159,1
DA:160,1
DA:161,1
DA:162,1
LF:66
LH:66
FN:9,27,make_utterance
FNDA:1,make_utterance
FN:33,38,TestFilterUtterances.test_empty_list
FNDA:1,TestFilterUtterances.test_empty_list
FN:40,48,TestFilterUtterances.test_valid_utterances_pass
FNDA:1,TestFilterUtterances.test_valid_utterances_pass
FN:50,60,TestFilterUtterances.test_invalid_timestamps_filtered
FNDA:1,TestFilterUtterances.test_invalid_timestamps_filtered
FN:62,72,TestFilterUtterances.test_abnormal_wpm_low_filtered
FNDA:1,TestFilterUtterances.test_abnormal_wpm_low_filtered
FN:74,84,TestFilterUtterances.test_abnormal_wpm_high_filtered
FNDA:1,TestFilterUtterances.test_abnormal_wpm_high_filtered
FN:86,96,TestFilterUtterances.test_short_utterance_wpm_not_checked
FNDA:1,TestFilterUtterances.test_short_utterance_wpm_not_checked
FN:98,106,TestFilterUtterances.test_overlapping_filtered
FNDA:1,TestFilterUtterances.test_overlapping_filtered
FN:108,117,TestFilterUtterances.test_small_overlap_allowed
FNDA:1,TestFilterUtterances.test_small_overlap_allowed
FN:119,127,TestFilterUtterances.test_too_long_ratio_filtered
FNDA:1,TestFilterUtterances.test_too_long_ratio_filtered
FN:129,137,TestFilterUtterances.test_reasonable_ratio_allowed
FNDA:1,TestFilterUtterances.test_reasonable_ratio_allowed
FN:139,149,TestFilterUtterances.test_different_recordings_not_overlap
FNDA:1,TestFilterUtterances.test_different_recordings_not_overlap
FN:151,162,TestFilterUtterances.test_stats_correct
FNDA:1,TestFilterUtterances.test_stats_correct
FNF:13
FNH:13
end_of_record
SF:tests/test_worker_pool.py
DA:4,1
DA:5,1
DA:6,1
DA:7,1
DA:8,1
DA:10,1
DA:11,1
DA:13,1
DA:14,1
DA:15,1
DA:17,1
DA:20,1
DA:22,1
DA:23,1
DA:24,1
DA:25,1
DA:26,1
DA:27,1
DA:28,1
DA:31,1
DA:34,1
DA:35,1
DA:37,1
DA:38,1
DA:39,1
DA:40,1
DA:41,1
DA:42,1
DA:44,1
DA:45,1
DA:46,1
DA:48,1
DA:54,1
DA:55,1
DA:64,1
DA:65,1
DA:66,1
DA:67,1
DA:69,1
DA:70,1
DA:72,1
DA:73,1
DA:74,1
DA:75,1
DA:76,1
DA:77,1
DA:78,1
DA:80,1
DA:81,1
DA:85,1
DA:87,1
DA:88,1
DA:90,1
DA:91,1
DA:92,1
DA:93,1
DA:94,1
DA:95,1
DA:97,1
DA:98,1
DA:99,1
DA:101,1
DA:107,1
DA:108,1
DA:117,1
DA:119,1
DA:120,1
DA:121,1
DA:123,0
DA:124,0
DA:125,0
DA:126,0
DA:127,0
DA:128,0
DA:130,0
DA:131,0
DA:133,0
DA:139,0
DA:140,0
DA:149,0
DA:150,0
DA:151,0
DA:154,1
DA:157,1
DA:158,1
DA:160,1
DA:161,1
DA:162,1
DA:163,1
DA:164,1
DA:165,1
DA:166,1
DA:167,1
DA:169,1
DA:170,1
DA:172,1
DA:173,1
DA:174,1
DA:176,1
DA:182,1
DA:183,1
DA:184,1
DA:186,1
DA:187,1
DA:189,1
DA:190,1
DA:191,1
DA:192,1
DA:194,1
DA:195,1
DA:197,1
DA:198,1
DA:200,1
DA:201,1
DA:202,1
DA:204,1
DA:205,1
DA:206,1
DA:208,1
DA:209,1
DA:212,1
DA:217,1
DA:219,1
DA:220,1
DA:222,1
DA:223,1
DA:225,1
DA:226,1
DA:227,1
DA:228,1
DA:229,1
DA:230,1
DA:232,1
DA:233,1
DA:235,1
DA:241,1
DA:243,1
DA:254,1
DA:255,1
DA:256,1
DA:259,1
DA:261,1
DA:262,1
DA:264,1
DA:265,1
DA:266,1
DA:268,1
DA:269,1
DA:271,1
DA:272,1
DA:277,1
DA:278,1
DA:279,1
DA:281,1
DA:282,1
DA:284,1
DA:286,1
DA:287,1
DA:289,1
DA:290,1
DA:291,1
DA:293,1
DA:294,1
DA:295,1
DA:298,1
DA:300,1
DA:303,1
DA:305,1
DA:307,1
DA:308,1
DA:310,1
DA:311,1
DA:312,1
DA:314,1
DA:315,1
DA:316,1
DA:319,1
DA:321,1
DA:323,1
DA:324,1
DA:326,1
DA:327,1
DA:328,1
DA:329,1
DA:330,1
DA:331,1
DA:334,1
DA:336,1
DA:337,1
DA:342,1
DA:344,1
DA:345,1
DA:347,1
DA:348,1
DA:349,1
DA:350,1
DA:351,1
DA:352,1
DA:354,1
DA:355,1
DA:357,1
DA:363,1
DA:365,1
DA:376,1
DA:377,1
DA:378,1
DA:381,1
DA:383,1
DA:384,1
DA:386,1
DA:387,1
DA:388,1
DA:390,1
DA:391,1
DA:392,1
DA:394,1
DA:397,1
DA:399,1
DA:403,1
DA:404,1
DA:406,1
DA:408,1
DA:409,1
DA:411,1
DA:412,1
DA:413,1
DA:415,1
DA:416,1
DA:417,1
DA:420,1
DA:421,1
DA:424,1
DA:425,1
DA:427,1
LF:234
LH:220
FN:20,28,_make_mock_response
FNDA:1,_make_mock_response
FN:35,67,TestWorkerCoroutine.test_worker_fetches_from_queue
FNDA:1,TestWorkerCoroutine.test_worker_fetches_from_queue
FN:70,85,TestWorkerCoroutine.test_worker_handles_shutdown_event
FNDA:1,TestWorkerCoroutine.test_worker_handles_shutdown_event
FN:88,117,TestWorkerCoroutine.test_worker_processes_multiple_requests
FNDA:1,TestWorkerCoroutine.test_worker_processes_multiple_requests
FN:121,151,TestWorkerCoroutine.test_worker_reports_failures
FNDA:0,TestWorkerCoroutine.test_worker_reports_failures
FN:158,167,TestWorkerPool.test_spawn_workers
FNDA:1,TestWorkerPool.test_spawn_workers
FN:170,195,TestWorkerPool.test_workers_process_requests
FNDA:1,TestWorkerPool.test_workers_process_requests
FN:198,220,TestWorkerPool.test_record_result_handles_elapsed_zero
FNDA:1,TestWorkerPool.test_record_result_handles_elapsed_zero
FN:223,259,TestWorkerPool.test_worker_exits_on_shutdown_after_processing
FNDA:1,TestWorkerPool.test_worker_exits_on_shutdown_after_processing
FN:262,284,TestWorkerPool.test_scale_up_handles_elapsed_zero
FNDA:1,TestWorkerPool.test_scale_up_handles_elapsed_zero
FN:287,305,TestWorkerPool.test_shutdown_workers_handles_timeout
FNDA:1,TestWorkerPool.test_shutdown_workers_handles_timeout
FN:308,321,TestWorkerPool.test_shutdown_all_handles_timeout
FNDA:1,TestWorkerPool.test_shutdown_all_handles_timeout
FN:324,342,TestWorkerPool.test_worker_handles_timeout_on_queue_get
FNDA:1,TestWorkerPool.test_worker_handles_timeout_on_queue_get
FN:345,381,TestWorkerPool.test_worker_exits_on_shutdown_after_result
FNDA:1,TestWorkerPool.test_worker_exits_on_shutdown_after_result
FN:384,406,TestWorkerPool.test_shutdown_workers_cancels_on_timeout
FNDA:1,TestWorkerPool.test_shutdown_workers_cancels_on_timeout
FN:409,427,TestWorkerPool.test_shutdown_all_cancels_workers
FNDA:1,TestWorkerPool.test_shutdown_all_cancels_workers
FNF:16
FNH:15
end_of_record
SF:tests/test_worker_scaling.py
DA:4,1
DA:5,1
DA:6,1
DA:7,1
DA:9,1
DA:10,1
DA:12,1
DA:13,1
DA:14,1
DA:16,1
DA:19,1
DA:21,1
DA:22,1
DA:23,1
DA:24,1
DA:25,1
DA:26,1
DA:27,1
DA:30,1
DA:33,1
DA:34,1
DA:36,1
DA:37,1
DA:39,1
DA:40,1
DA:43,1
DA:44,1
DA:47,1
DA:48,1
DA:51,1
DA:55,1
DA:57,1
DA:58,1
DA:60,1
DA:61,1
DA:63,1
DA:64,1
DA:66,1
DA:67,1
DA:70,1
DA:73,1
DA:76,1
DA:77,1
DA:80,1
DA:84,1
DA:85,1
DA:88,1
DA:89,1
DA:90,1
DA:92,1
DA:93,1
DA:95,1
DA:96,1
DA:98,1
DA:99,1
DA:102,1
DA:103,1
DA:106,1
DA:107,1
DA:108,1
DA:112,1
DA:113,1
DA:115,1
DA:116,1
DA:118,1
DA:119,1
DA:121,1
DA:122,1
DA:126,1
DA:127,1
DA:130,1
DA:131,1
DA:134,1
DA:135,1
DA:139,1
DA:143,1
DA:144,1
DA:146,1
DA:147,1
DA:149,1
DA:150,1
DA:152,1
DA:153,1
DA:156,1
DA:159,1
DA:160,1
DA:163,1
DA:167,1
DA:168,1
DA:171,1
DA:172,1
DA:175,1
DA:178,1
DA:179,1
DA:181,1
DA:182,1
DA:183,1
DA:185,1
DA:191,1
DA:193,1
DA:194,1
DA:196,1
DA:197,1
DA:199,1
DA:200,1
DA:201,1
DA:202,1
DA:204,1
DA:205,1
DA:206,1
DA:208,1
DA:214,1
DA:216,1
DA:217,1
DA:218,1
DA:220,1
DA:221,1
DA:223,1
DA:224,1
DA:225,1
DA:227,1
DA:233,1
DA:234,1
DA:235,1
DA:237,1
DA:238,1
DA:239,1
DA:241,1
LF:128
LH:128
FN:19,27,_make_mock_response
FNDA:1,_make_mock_response
FN:34,58,TestRateBasedScaling.test_scale_up_when_rate_improves_enough
FNDA:1,TestRateBasedScaling.test_scale_up_when_rate_improves_enough
FN:61,90,TestRateBasedScaling.test_no_scale_up_when_rate_improves_below_threshold
FNDA:1,TestRateBasedScaling.test_no_scale_up_when_rate_improves_below_threshold
FN:93,116,TestRateBasedScaling.test_scaling_locked_persists
FNDA:1,TestRateBasedScaling.test_scaling_locked_persists
FN:119,144,TestRateBasedScaling.test_errors_do_not_trigger_scale_down
FNDA:1,TestRateBasedScaling.test_errors_do_not_trigger_scale_down
FN:147,172,TestRateBasedScaling.test_scale_up_requires_min_samples
FNDA:1,TestRateBasedScaling.test_scale_up_requires_min_samples
FN:179,194,TestIntegration.test_fetch_batch_with_workers
FNDA:1,TestIntegration.test_fetch_batch_with_workers
FN:197,218,TestIntegration.test_fetch_batch_with_progress
FNDA:1,TestIntegration.test_fetch_batch_with_progress
FN:204,206,TestIntegration.test_fetch_batch_with_progress.on_progress
FNDA:1,TestIntegration.test_fetch_batch_with_progress.on_progress
FN:221,241,TestIntegration.test_fetch_batch_caches_results
FNDA:1,TestIntegration.test_fetch_batch_caches_results
FNF:10
FNH:10
end_of_record
